
*** Running vivado
    with args -log bd_c443_bs_switch_1_0.vds -m64 -product Vivado -mode batch -messageDb vivado.pb -notrace -source bd_c443_bs_switch_1_0.tcl


****** Vivado v2020.1 (64-bit)
  **** SW Build 2902540 on Wed May 27 19:54:35 MDT 2020
  **** IP Build 2902112 on Wed May 27 22:43:36 MDT 2020
    ** Copyright 1986-2020 Xilinx, Inc. All Rights Reserved.

source bd_c443_bs_switch_1_0.tcl -notrace
Command: synth_design -top bd_c443_bs_switch_1_0 -part xczu5ev-sfvc784-2-i -mode out_of_context
Starting synth_design
Attempting to get a license for feature 'Synthesis' and/or device 'xczu5ev'
INFO: [Common 17-349] Got license for feature 'Synthesis' and/or device 'xczu5ev'
INFO: [Device 21-403] Loading part xczu5ev-sfvc784-2-i
INFO: [Synth 8-7079] Multithreading enabled for synth_design using a maximum of 4 processes.
INFO: [Synth 8-7078] Launching helper process for spawning children vivado processes
INFO: [Synth 8-7075] Helper process launched with PID 23650
---------------------------------------------------------------------------------
Starting RTL Elaboration : Time (s): cpu = 00:00:04 ; elapsed = 00:00:06 . Memory (MB): peak = 2584.508 ; gain = 9.902 ; free physical = 4288 ; free virtual = 9745
---------------------------------------------------------------------------------
INFO: [Synth 8-6157] synthesizing module 'bd_c443_bs_switch_1_0' [/home/okazaki/projects/mpsoc-on-endcap-sl/MercuryXU5_EndcapSL/MercuryXU5_EndcapSL.srcs/sources_1/bd/design_1/ip/design_1_debug_bridge_0_0/bd_0/ip/ip_2/synth/bd_c443_bs_switch_1_0.v:57]
INFO: [Synth 8-6155] done synthesizing module 'bd_c443_bs_switch_1_0' (3#1) [/home/okazaki/projects/mpsoc-on-endcap-sl/MercuryXU5_EndcapSL/MercuryXU5_EndcapSL.srcs/sources_1/bd/design_1/ip/design_1_debug_bridge_0_0/bd_0/ip/ip_2/synth/bd_c443_bs_switch_1_0.v:57]
---------------------------------------------------------------------------------
Finished RTL Elaboration : Time (s): cpu = 00:00:05 ; elapsed = 00:00:07 . Memory (MB): peak = 2629.414 ; gain = 54.809 ; free physical = 6093 ; free virtual = 11558
---------------------------------------------------------------------------------
---------------------------------------------------------------------------------
Start Handling Custom Attributes
---------------------------------------------------------------------------------
---------------------------------------------------------------------------------
Finished Handling Custom Attributes : Time (s): cpu = 00:00:06 ; elapsed = 00:00:08 . Memory (MB): peak = 2648.258 ; gain = 73.652 ; free physical = 6855 ; free virtual = 12337
---------------------------------------------------------------------------------
---------------------------------------------------------------------------------
Finished RTL Optimization Phase 1 : Time (s): cpu = 00:00:06 ; elapsed = 00:00:08 . Memory (MB): peak = 2648.258 ; gain = 73.652 ; free physical = 6854 ; free virtual = 12337
---------------------------------------------------------------------------------
Netlist sorting complete. Time (s): cpu = 00:00:00 ; elapsed = 00:00:00 . Memory (MB): peak = 2648.258 ; gain = 0.000 ; free physical = 6833 ; free virtual = 12316
INFO: [Project 1-570] Preparing netlist for logic optimization

Processing XDC Constraints
Initializing timing engine
Parsing XDC File [/home/okazaki/projects/mpsoc-on-endcap-sl/MercuryXU5_EndcapSL/MercuryXU5_EndcapSL.srcs/sources_1/bd/design_1/ip/design_1_debug_bridge_0_0/bd_0/ip/ip_2/bd_c443_bs_switch_1_0_ooc.xdc] for cell 'inst'
Finished Parsing XDC File [/home/okazaki/projects/mpsoc-on-endcap-sl/MercuryXU5_EndcapSL/MercuryXU5_EndcapSL.srcs/sources_1/bd/design_1/ip/design_1_debug_bridge_0_0/bd_0/ip/ip_2/bd_c443_bs_switch_1_0_ooc.xdc] for cell 'inst'
Parsing XDC File [/home/okazaki/projects/mpsoc-on-endcap-sl/MercuryXU5_EndcapSL/MercuryXU5_EndcapSL.srcs/sources_1/bd/design_1/ip/design_1_debug_bridge_0_0/bd_0/ip/ip_2/constraints/bs_switch.xdc] for cell 'inst'
Finished Parsing XDC File [/home/okazaki/projects/mpsoc-on-endcap-sl/MercuryXU5_EndcapSL/MercuryXU5_EndcapSL.srcs/sources_1/bd/design_1/ip/design_1_debug_bridge_0_0/bd_0/ip/ip_2/constraints/bs_switch.xdc] for cell 'inst'
INFO: [Project 1-236] Implementation specific constraints were found while reading constraint file [/home/okazaki/projects/mpsoc-on-endcap-sl/MercuryXU5_EndcapSL/MercuryXU5_EndcapSL.srcs/sources_1/bd/design_1/ip/design_1_debug_bridge_0_0/bd_0/ip/ip_2/constraints/bs_switch.xdc]. These constraints will be ignored for synthesis but will be used in implementation. Impacted constraints are listed in the file [.Xil/bd_c443_bs_switch_1_0_propImpl.xdc].
Resolution: To avoid this warning, move constraints listed in [.Xil/bd_c443_bs_switch_1_0_propImpl.xdc] to another XDC file and exclude this new file from synthesis with the used_in_synthesis property (File Properties dialog in GUI) and re-run elaboration/synthesis.
Parsing XDC File [/home/okazaki/projects/mpsoc-on-endcap-sl/MercuryXU5_EndcapSL/MercuryXU5_EndcapSL.runs/bd_c443_bs_switch_1_0_synth_1/dont_touch.xdc]
Finished Parsing XDC File [/home/okazaki/projects/mpsoc-on-endcap-sl/MercuryXU5_EndcapSL/MercuryXU5_EndcapSL.runs/bd_c443_bs_switch_1_0_synth_1/dont_touch.xdc]
Completed Processing XDC Constraints

Netlist sorting complete. Time (s): cpu = 00:00:00 ; elapsed = 00:00:00 . Memory (MB): peak = 2812.977 ; gain = 0.000 ; free physical = 6442 ; free virtual = 11936
INFO: [Project 1-111] Unisim Transformation Summary:
No Unisim elements were transformed.

Constraint Validation Runtime : Time (s): cpu = 00:00:00.04 ; elapsed = 00:00:00.05 . Memory (MB): peak = 2812.977 ; gain = 0.000 ; free physical = 6432 ; free virtual = 11927
---------------------------------------------------------------------------------
Finished Constraint Validation : Time (s): cpu = 00:00:13 ; elapsed = 00:00:18 . Memory (MB): peak = 2812.977 ; gain = 238.371 ; free physical = 6311 ; free virtual = 11816
---------------------------------------------------------------------------------
---------------------------------------------------------------------------------
Start Loading Part and Timing Information
---------------------------------------------------------------------------------
Loading part: xczu5ev-sfvc784-2-i
INFO: [Synth 8-6742] Reading net delay rules and data
---------------------------------------------------------------------------------
Finished Loading Part and Timing Information : Time (s): cpu = 00:00:13 ; elapsed = 00:00:18 . Memory (MB): peak = 2812.977 ; gain = 238.371 ; free physical = 6307 ; free virtual = 11812
---------------------------------------------------------------------------------
---------------------------------------------------------------------------------
Start Applying 'set_property' XDC Constraints
---------------------------------------------------------------------------------
Applied set_property DONT_TOUCH = true for inst. (constraint file  /home/okazaki/projects/mpsoc-on-endcap-sl/MercuryXU5_EndcapSL/MercuryXU5_EndcapSL.runs/bd_c443_bs_switch_1_0_synth_1/dont_touch.xdc, line 6).
---------------------------------------------------------------------------------
Finished applying 'set_property' XDC Constraints : Time (s): cpu = 00:00:13 ; elapsed = 00:00:18 . Memory (MB): peak = 2812.977 ; gain = 238.371 ; free physical = 6299 ; free virtual = 11809
---------------------------------------------------------------------------------
INFO: [Synth 8-802] inferred FSM for state register 'id_state_reg' in module 'bs_switch_v1_0_0_core'
INFO: [Synth 8-6159] Found Keep on FSM register 'id_state_reg' in module 'bs_switch_v1_0_0_core', re-encoding will not be performed
---------------------------------------------------------------------------------------------------
                   State |                     New Encoding |                Previous Encoding 
---------------------------------------------------------------------------------------------------
*
                  iSTATE |                               00 |                               00
                 iSTATE0 |                               01 |                               01
---------------------------------------------------------------------------------------------------
---------------------------------------------------------------------------------
Finished RTL Optimization Phase 2 : Time (s): cpu = 00:00:13 ; elapsed = 00:00:18 . Memory (MB): peak = 2812.977 ; gain = 238.371 ; free physical = 6239 ; free virtual = 11777
---------------------------------------------------------------------------------
---------------------------------------------------------------------------------
Start RTL Component Statistics 
---------------------------------------------------------------------------------
Detailed RTL Component Info : 
+---Adders : 
	   2 Input    8 Bit       Adders := 1     
+---Registers : 
	               32 Bit    Registers := 3     
	                8 Bit    Registers := 1     
	                6 Bit    Registers := 2     
	                3 Bit    Registers := 2     
	                1 Bit    Registers := 1     
+---Muxes : 
	   2 Input   32 Bit        Muxes := 6     
	   2 Input    6 Bit        Muxes := 4     
	   6 Input    3 Bit        Muxes := 1     
	   2 Input    3 Bit        Muxes := 3     
	   3 Input    2 Bit        Muxes := 1     
	   2 Input    2 Bit        Muxes := 2     
	   2 Input    1 Bit        Muxes := 15    
	   3 Input    1 Bit        Muxes := 1     
---------------------------------------------------------------------------------
Finished RTL Component Statistics 
---------------------------------------------------------------------------------
---------------------------------------------------------------------------------
Start Part Resource Summary
---------------------------------------------------------------------------------
Part Resources:
DSPs: 1248 (col length:96)
BRAMs: 288 (col length: RAMB18 96 RAMB36 48)
---------------------------------------------------------------------------------
Finished Part Resource Summary
---------------------------------------------------------------------------------
---------------------------------------------------------------------------------
Start Cross Boundary and Area Optimization
---------------------------------------------------------------------------------
---------------------------------------------------------------------------------
Finished Cross Boundary and Area Optimization : Time (s): cpu = 00:00:14 ; elapsed = 00:00:19 . Memory (MB): peak = 2812.977 ; gain = 238.371 ; free physical = 6384 ; free virtual = 11911
---------------------------------------------------------------------------------
---------------------------------------------------------------------------------
Start Applying XDC Timing Constraints
---------------------------------------------------------------------------------
---------------------------------------------------------------------------------
Finished Applying XDC Timing Constraints : Time (s): cpu = 00:00:40 ; elapsed = 00:01:11 . Memory (MB): peak = 3212.758 ; gain = 638.152 ; free physical = 368 ; free virtual = 5807
---------------------------------------------------------------------------------
---------------------------------------------------------------------------------
Start Timing Optimization
---------------------------------------------------------------------------------
---------------------------------------------------------------------------------
Finished Timing Optimization : Time (s): cpu = 00:00:40 ; elapsed = 00:01:11 . Memory (MB): peak = 3212.758 ; gain = 638.152 ; free physical = 369 ; free virtual = 5809
---------------------------------------------------------------------------------
---------------------------------------------------------------------------------
Start Technology Mapping
---------------------------------------------------------------------------------
---------------------------------------------------------------------------------
Finished Technology Mapping : Time (s): cpu = 00:00:40 ; elapsed = 00:01:11 . Memory (MB): peak = 3231.789 ; gain = 657.184 ; free physical = 369 ; free virtual = 5782
---------------------------------------------------------------------------------
---------------------------------------------------------------------------------
Start IO Insertion
---------------------------------------------------------------------------------
---------------------------------------------------------------------------------
Start Flattening Before IO Insertion
---------------------------------------------------------------------------------
---------------------------------------------------------------------------------
Finished Flattening Before IO Insertion
---------------------------------------------------------------------------------
---------------------------------------------------------------------------------
Start Final Netlist Cleanup
---------------------------------------------------------------------------------
---------------------------------------------------------------------------------
Finished Final Netlist Cleanup
---------------------------------------------------------------------------------
---------------------------------------------------------------------------------
Finished IO Insertion : Time (s): cpu = 00:00:43 ; elapsed = 00:01:14 . Memory (MB): peak = 3237.727 ; gain = 663.121 ; free physical = 418 ; free virtual = 5301
---------------------------------------------------------------------------------
---------------------------------------------------------------------------------
Start Renaming Generated Instances
---------------------------------------------------------------------------------
---------------------------------------------------------------------------------
Finished Renaming Generated Instances : Time (s): cpu = 00:00:44 ; elapsed = 00:01:14 . Memory (MB): peak = 3237.727 ; gain = 663.121 ; free physical = 414 ; free virtual = 5298
---------------------------------------------------------------------------------
---------------------------------------------------------------------------------
Start Rebuilding User Hierarchy
---------------------------------------------------------------------------------
---------------------------------------------------------------------------------
Finished Rebuilding User Hierarchy : Time (s): cpu = 00:00:44 ; elapsed = 00:01:14 . Memory (MB): peak = 3237.727 ; gain = 663.121 ; free physical = 418 ; free virtual = 5302
---------------------------------------------------------------------------------
---------------------------------------------------------------------------------
Start Renaming Generated Ports
---------------------------------------------------------------------------------
---------------------------------------------------------------------------------
Finished Renaming Generated Ports : Time (s): cpu = 00:00:44 ; elapsed = 00:01:14 . Memory (MB): peak = 3237.727 ; gain = 663.121 ; free physical = 414 ; free virtual = 5297
---------------------------------------------------------------------------------
---------------------------------------------------------------------------------
Start Handling Custom Attributes
---------------------------------------------------------------------------------
---------------------------------------------------------------------------------
Finished Handling Custom Attributes : Time (s): cpu = 00:00:44 ; elapsed = 00:01:14 . Memory (MB): peak = 3237.727 ; gain = 663.121 ; free physical = 416 ; free virtual = 5300
---------------------------------------------------------------------------------
---------------------------------------------------------------------------------
Start Renaming Generated Nets
---------------------------------------------------------------------------------
---------------------------------------------------------------------------------
Finished Renaming Generated Nets : Time (s): cpu = 00:00:44 ; elapsed = 00:01:14 . Memory (MB): peak = 3237.727 ; gain = 663.121 ; free physical = 415 ; free virtual = 5298
---------------------------------------------------------------------------------
---------------------------------------------------------------------------------
Start Writing Synthesis Report
---------------------------------------------------------------------------------

Report BlackBoxes: 
+-+--------------+----------+
| |BlackBox name |Instances |
+-+--------------+----------+
+-+--------------+----------+

Report Cell Usage: 
+------+-------+------+
|      |Cell   |Count |
+------+-------+------+
|1     |CARRY8 |     1|
|2     |LUT1   |     1|
|3     |LUT2   |    34|
|4     |LUT3   |    13|
|5     |LUT4   |    36|
|6     |LUT5   |    42|
|7     |LUT6   |    21|
|8     |FDRE   |   120|
|9     |FDSE   |     5|
+------+-------+------+
---------------------------------------------------------------------------------
Finished Writing Synthesis Report : Time (s): cpu = 00:00:44 ; elapsed = 00:01:14 . Memory (MB): peak = 3237.727 ; gain = 663.121 ; free physical = 413 ; free virtual = 5296
---------------------------------------------------------------------------------
Synthesis finished with 0 errors, 0 critical warnings and 0 warnings.
Synthesis Optimization Runtime : Time (s): cpu = 00:00:41 ; elapsed = 00:01:09 . Memory (MB): peak = 3237.727 ; gain = 498.402 ; free physical = 418 ; free virtual = 5301
Synthesis Optimization Complete : Time (s): cpu = 00:00:44 ; elapsed = 00:01:14 . Memory (MB): peak = 3237.734 ; gain = 663.121 ; free physical = 418 ; free virtual = 5301
INFO: [Project 1-571] Translating synthesized netlist
Netlist sorting complete. Time (s): cpu = 00:00:00 ; elapsed = 00:00:00 . Memory (MB): peak = 3251.664 ; gain = 0.000 ; free physical = 475 ; free virtual = 5359
INFO: [Netlist 29-17] Analyzing 1 Unisim elements for replacement
INFO: [Netlist 29-28] Unisim Transformation completed in 0 CPU seconds
INFO: [Project 1-570] Preparing netlist for logic optimization
INFO: [Opt 31-138] Pushed 0 inverter(s) to 0 load pin(s).
Netlist sorting complete. Time (s): cpu = 00:00:00 ; elapsed = 00:00:00 . Memory (MB): peak = 3264.539 ; gain = 0.000 ; free physical = 336 ; free virtual = 5223
INFO: [Project 1-111] Unisim Transformation Summary:
No Unisim elements were transformed.

INFO: [Common 17-83] Releasing license: Synthesis
20 Infos, 0 Warnings, 0 Critical Warnings and 0 Errors encountered.
synth_design completed successfully
synth_design: Time (s): cpu = 00:01:01 ; elapsed = 00:01:36 . Memory (MB): peak = 3264.539 ; gain = 1114.336 ; free physical = 473 ; free virtual = 5361
INFO: [Common 17-1381] The checkpoint '/home/okazaki/projects/mpsoc-on-endcap-sl/MercuryXU5_EndcapSL/MercuryXU5_EndcapSL.runs/bd_c443_bs_switch_1_0_synth_1/bd_c443_bs_switch_1_0.dcp' has been generated.
WARNING: [Common 17-576] 'use_project_ipc' is deprecated. This option is deprecated and no longer used.
INFO: [Coretcl 2-1648] Added synthesis output to IP cache for IP bd_c443_bs_switch_1_0, cache-ID = 20c8e4ac5750303a
INFO: [Coretcl 2-1174] Renamed 2 cell refs.
INFO: [Common 17-1381] The checkpoint '/home/okazaki/projects/mpsoc-on-endcap-sl/MercuryXU5_EndcapSL/MercuryXU5_EndcapSL.runs/bd_c443_bs_switch_1_0_synth_1/bd_c443_bs_switch_1_0.dcp' has been generated.
INFO: [runtcl-4] Executing : report_utilization -file bd_c443_bs_switch_1_0_utilization_synth.rpt -pb bd_c443_bs_switch_1_0_utilization_synth.pb
INFO: [Common 17-206] Exiting Vivado at Tue Nov 30 20:53:32 2021...
