
*** Running vivado
    with args -log design_1_heartbeat_0_0.vds -m64 -product Vivado -mode batch -messageDb vivado.pb -notrace -source design_1_heartbeat_0_0.tcl


****** Vivado v2020.1 (64-bit)
  **** SW Build 2902540 on Wed May 27 19:54:35 MDT 2020
  **** IP Build 2902112 on Wed May 27 22:43:36 MDT 2020
    ** Copyright 1986-2020 Xilinx, Inc. All Rights Reserved.

source design_1_heartbeat_0_0.tcl -notrace
Command: synth_design -top design_1_heartbeat_0_0 -part xczu5ev-sfvc784-2-i -mode out_of_context
Starting synth_design
WARNING: [IP_Flow 19-3571] IP 'design_1_heartbeat_0_0' is restricted:
* Module reference is stale and needs refreshing.
Attempting to get a license for feature 'Synthesis' and/or device 'xczu5ev'
INFO: [Common 17-349] Got license for feature 'Synthesis' and/or device 'xczu5ev'
INFO: [Device 21-403] Loading part xczu5ev-sfvc784-2-i
INFO: [Synth 8-7079] Multithreading enabled for synth_design using a maximum of 4 processes.
INFO: [Synth 8-7078] Launching helper process for spawning children vivado processes
INFO: [Synth 8-7075] Helper process launched with PID 23394
---------------------------------------------------------------------------------
Starting RTL Elaboration : Time (s): cpu = 00:00:05 ; elapsed = 00:00:06 . Memory (MB): peak = 2582.441 ; gain = 7.934 ; free physical = 3957 ; free virtual = 10429
---------------------------------------------------------------------------------
INFO: [Synth 8-638] synthesizing module 'design_1_heartbeat_0_0' [/home/okazaki/projects/mpsoc-on-endcap-sl/MercuryXU5_EndcapSL/MercuryXU5_EndcapSL.srcs/sources_1/bd/design_1/ip/design_1_heartbeat_0_0/synth/design_1_heartbeat_0_0.vhd:65]
WARNING: [Synth 8-3819] Generic 'BG_WIDTH' not present in instantiated entity will be ignored
	Parameter DECI_SECOND bound to: 10000000 - type: integer 
INFO: [Synth 8-3491] module 'heartbeat' declared at '/home/okazaki/projects/mpsoc-on-endcap-sl/MercuryXU5_EndcapSL/MercuryXU5_EndcapSL.srcs/sources_1/new/heartbeat.v:25' bound to instance 'U0' of component 'heartbeat' [/home/okazaki/projects/mpsoc-on-endcap-sl/MercuryXU5_EndcapSL/MercuryXU5_EndcapSL.srcs/sources_1/bd/design_1/ip/design_1_heartbeat_0_0/synth/design_1_heartbeat_0_0.vhd:92]
INFO: [Synth 8-6157] synthesizing module 'heartbeat' [/home/okazaki/projects/mpsoc-on-endcap-sl/MercuryXU5_EndcapSL/MercuryXU5_EndcapSL.srcs/sources_1/new/heartbeat.v:25]
	Parameter DECI_SECOND bound to: 10000000 - type: integer 
INFO: [Synth 8-6155] done synthesizing module 'heartbeat' (1#1) [/home/okazaki/projects/mpsoc-on-endcap-sl/MercuryXU5_EndcapSL/MercuryXU5_EndcapSL.srcs/sources_1/new/heartbeat.v:25]
INFO: [Synth 8-256] done synthesizing module 'design_1_heartbeat_0_0' (2#1) [/home/okazaki/projects/mpsoc-on-endcap-sl/MercuryXU5_EndcapSL/MercuryXU5_EndcapSL.srcs/sources_1/bd/design_1/ip/design_1_heartbeat_0_0/synth/design_1_heartbeat_0_0.vhd:65]
---------------------------------------------------------------------------------
Finished RTL Elaboration : Time (s): cpu = 00:00:06 ; elapsed = 00:00:08 . Memory (MB): peak = 2625.348 ; gain = 50.840 ; free physical = 4617 ; free virtual = 11094
---------------------------------------------------------------------------------
---------------------------------------------------------------------------------
Start Handling Custom Attributes
---------------------------------------------------------------------------------
---------------------------------------------------------------------------------
Finished Handling Custom Attributes : Time (s): cpu = 00:00:07 ; elapsed = 00:00:09 . Memory (MB): peak = 2644.191 ; gain = 69.684 ; free physical = 5195 ; free virtual = 11677
---------------------------------------------------------------------------------
---------------------------------------------------------------------------------
Finished RTL Optimization Phase 1 : Time (s): cpu = 00:00:07 ; elapsed = 00:00:09 . Memory (MB): peak = 2644.191 ; gain = 69.684 ; free physical = 5194 ; free virtual = 11676
---------------------------------------------------------------------------------
Netlist sorting complete. Time (s): cpu = 00:00:00 ; elapsed = 00:00:00 . Memory (MB): peak = 2644.191 ; gain = 0.000 ; free physical = 5165 ; free virtual = 11647
INFO: [Project 1-570] Preparing netlist for logic optimization

Processing XDC Constraints
Initializing timing engine
Completed Processing XDC Constraints

Netlist sorting complete. Time (s): cpu = 00:00:00 ; elapsed = 00:00:00 . Memory (MB): peak = 2776.066 ; gain = 0.000 ; free physical = 4882 ; free virtual = 11384
INFO: [Project 1-111] Unisim Transformation Summary:
No Unisim elements were transformed.

Constraint Validation Runtime : Time (s): cpu = 00:00:00.01 ; elapsed = 00:00:00.03 . Memory (MB): peak = 2799.879 ; gain = 23.812 ; free physical = 4878 ; free virtual = 11379
---------------------------------------------------------------------------------
Finished Constraint Validation : Time (s): cpu = 00:00:13 ; elapsed = 00:00:19 . Memory (MB): peak = 2799.879 ; gain = 225.371 ; free physical = 4800 ; free virtual = 11320
---------------------------------------------------------------------------------
---------------------------------------------------------------------------------
Start Loading Part and Timing Information
---------------------------------------------------------------------------------
Loading part: xczu5ev-sfvc784-2-i
INFO: [Synth 8-6742] Reading net delay rules and data
---------------------------------------------------------------------------------
Finished Loading Part and Timing Information : Time (s): cpu = 00:00:13 ; elapsed = 00:00:19 . Memory (MB): peak = 2799.879 ; gain = 225.371 ; free physical = 4808 ; free virtual = 11328
---------------------------------------------------------------------------------
---------------------------------------------------------------------------------
Start Applying 'set_property' XDC Constraints
---------------------------------------------------------------------------------
---------------------------------------------------------------------------------
Finished applying 'set_property' XDC Constraints : Time (s): cpu = 00:00:13 ; elapsed = 00:00:19 . Memory (MB): peak = 2799.879 ; gain = 225.371 ; free physical = 4803 ; free virtual = 11323
---------------------------------------------------------------------------------
INFO: [Synth 8-802] inferred FSM for state register 'phase_reg' in module 'heartbeat'
---------------------------------------------------------------------------------------------------
                   State |                     New Encoding |                Previous Encoding 
---------------------------------------------------------------------------------------------------
                 iSTATE0 |                               00 |                               00
                 iSTATE1 |                               01 |                               01
                 iSTATE2 |                               10 |                               10
                  iSTATE |                               11 |                               11
*
---------------------------------------------------------------------------------------------------
INFO: [Synth 8-3354] encoded FSM with state register 'phase_reg' using encoding 'sequential' in module 'heartbeat'
---------------------------------------------------------------------------------
Finished RTL Optimization Phase 2 : Time (s): cpu = 00:00:14 ; elapsed = 00:00:20 . Memory (MB): peak = 2799.879 ; gain = 225.371 ; free physical = 4716 ; free virtual = 11237
---------------------------------------------------------------------------------
---------------------------------------------------------------------------------
Start RTL Component Statistics 
---------------------------------------------------------------------------------
Detailed RTL Component Info : 
+---Adders : 
	   2 Input   32 Bit       Adders := 1     
+---Registers : 
	               32 Bit    Registers := 1     
	                1 Bit    Registers := 1     
+---Muxes : 
	   2 Input   32 Bit        Muxes := 3     
	   4 Input   32 Bit        Muxes := 1     
	   4 Input    2 Bit        Muxes := 1     
	   5 Input    1 Bit        Muxes := 1     
	   4 Input    1 Bit        Muxes := 2     
	   2 Input    1 Bit        Muxes := 2     
---------------------------------------------------------------------------------
Finished RTL Component Statistics 
---------------------------------------------------------------------------------
---------------------------------------------------------------------------------
Start Part Resource Summary
---------------------------------------------------------------------------------
Part Resources:
DSPs: 1248 (col length:96)
BRAMs: 288 (col length: RAMB18 96 RAMB36 48)
---------------------------------------------------------------------------------
Finished Part Resource Summary
---------------------------------------------------------------------------------
---------------------------------------------------------------------------------
Start Cross Boundary and Area Optimization
---------------------------------------------------------------------------------
---------------------------------------------------------------------------------
Finished Cross Boundary and Area Optimization : Time (s): cpu = 00:00:16 ; elapsed = 00:00:22 . Memory (MB): peak = 2799.879 ; gain = 225.371 ; free physical = 4738 ; free virtual = 11275
---------------------------------------------------------------------------------
---------------------------------------------------------------------------------
Start Applying XDC Timing Constraints
---------------------------------------------------------------------------------
---------------------------------------------------------------------------------
Finished Applying XDC Timing Constraints : Time (s): cpu = 00:00:44 ; elapsed = 00:01:17 . Memory (MB): peak = 3214.121 ; gain = 639.613 ; free physical = 300 ; free virtual = 3079
---------------------------------------------------------------------------------
---------------------------------------------------------------------------------
Start Timing Optimization
---------------------------------------------------------------------------------
---------------------------------------------------------------------------------
Finished Timing Optimization : Time (s): cpu = 00:00:44 ; elapsed = 00:01:17 . Memory (MB): peak = 3214.121 ; gain = 639.613 ; free physical = 300 ; free virtual = 3079
---------------------------------------------------------------------------------
---------------------------------------------------------------------------------
Start Technology Mapping
---------------------------------------------------------------------------------
---------------------------------------------------------------------------------
Finished Technology Mapping : Time (s): cpu = 00:00:44 ; elapsed = 00:01:17 . Memory (MB): peak = 3233.152 ; gain = 658.645 ; free physical = 431 ; free virtual = 3210
---------------------------------------------------------------------------------
---------------------------------------------------------------------------------
Start IO Insertion
---------------------------------------------------------------------------------
---------------------------------------------------------------------------------
Start Flattening Before IO Insertion
---------------------------------------------------------------------------------
---------------------------------------------------------------------------------
Finished Flattening Before IO Insertion
---------------------------------------------------------------------------------
---------------------------------------------------------------------------------
Start Final Netlist Cleanup
---------------------------------------------------------------------------------
---------------------------------------------------------------------------------
Finished Final Netlist Cleanup
---------------------------------------------------------------------------------
---------------------------------------------------------------------------------
Finished IO Insertion : Time (s): cpu = 00:00:48 ; elapsed = 00:01:20 . Memory (MB): peak = 3239.090 ; gain = 664.582 ; free physical = 628 ; free virtual = 3219
---------------------------------------------------------------------------------
---------------------------------------------------------------------------------
Start Renaming Generated Instances
---------------------------------------------------------------------------------
---------------------------------------------------------------------------------
Finished Renaming Generated Instances : Time (s): cpu = 00:00:48 ; elapsed = 00:01:20 . Memory (MB): peak = 3239.090 ; gain = 664.582 ; free physical = 627 ; free virtual = 3218
---------------------------------------------------------------------------------
---------------------------------------------------------------------------------
Start Rebuilding User Hierarchy
---------------------------------------------------------------------------------
---------------------------------------------------------------------------------
Finished Rebuilding User Hierarchy : Time (s): cpu = 00:00:48 ; elapsed = 00:01:20 . Memory (MB): peak = 3239.090 ; gain = 664.582 ; free physical = 630 ; free virtual = 3221
---------------------------------------------------------------------------------
---------------------------------------------------------------------------------
Start Renaming Generated Ports
---------------------------------------------------------------------------------
---------------------------------------------------------------------------------
Finished Renaming Generated Ports : Time (s): cpu = 00:00:48 ; elapsed = 00:01:20 . Memory (MB): peak = 3239.090 ; gain = 664.582 ; free physical = 629 ; free virtual = 3220
---------------------------------------------------------------------------------
---------------------------------------------------------------------------------
Start Handling Custom Attributes
---------------------------------------------------------------------------------
---------------------------------------------------------------------------------
Finished Handling Custom Attributes : Time (s): cpu = 00:00:48 ; elapsed = 00:01:20 . Memory (MB): peak = 3239.090 ; gain = 664.582 ; free physical = 626 ; free virtual = 3218
---------------------------------------------------------------------------------
---------------------------------------------------------------------------------
Start Renaming Generated Nets
---------------------------------------------------------------------------------
---------------------------------------------------------------------------------
Finished Renaming Generated Nets : Time (s): cpu = 00:00:48 ; elapsed = 00:01:20 . Memory (MB): peak = 3239.090 ; gain = 664.582 ; free physical = 625 ; free virtual = 3217
---------------------------------------------------------------------------------
---------------------------------------------------------------------------------
Start Writing Synthesis Report
---------------------------------------------------------------------------------

Report BlackBoxes: 
+-+--------------+----------+
| |BlackBox name |Instances |
+-+--------------+----------+
+-+--------------+----------+

Report Cell Usage: 
+------+-------+------+
|      |Cell   |Count |
+------+-------+------+
|1     |CARRY8 |     4|
|2     |LUT1   |     2|
|3     |LUT2   |     2|
|4     |LUT3   |    32|
|5     |LUT4   |     5|
|6     |LUT5   |     4|
|7     |LUT6   |    15|
|8     |FDCE   |    34|
|9     |FDPE   |     1|
+------+-------+------+
---------------------------------------------------------------------------------
Finished Writing Synthesis Report : Time (s): cpu = 00:00:48 ; elapsed = 00:01:20 . Memory (MB): peak = 3239.090 ; gain = 664.582 ; free physical = 624 ; free virtual = 3215
---------------------------------------------------------------------------------
Synthesis finished with 0 errors, 0 critical warnings and 0 warnings.
Synthesis Optimization Runtime : Time (s): cpu = 00:00:45 ; elapsed = 00:01:15 . Memory (MB): peak = 3239.090 ; gain = 508.895 ; free physical = 648 ; free virtual = 3240
Synthesis Optimization Complete : Time (s): cpu = 00:00:48 ; elapsed = 00:01:20 . Memory (MB): peak = 3239.098 ; gain = 664.582 ; free physical = 648 ; free virtual = 3240
INFO: [Project 1-571] Translating synthesized netlist
Netlist sorting complete. Time (s): cpu = 00:00:00 ; elapsed = 00:00:00 . Memory (MB): peak = 3253.027 ; gain = 0.000 ; free physical = 826 ; free virtual = 3419
INFO: [Netlist 29-17] Analyzing 4 Unisim elements for replacement
INFO: [Netlist 29-28] Unisim Transformation completed in 0 CPU seconds
INFO: [Project 1-570] Preparing netlist for logic optimization
INFO: [Opt 31-138] Pushed 0 inverter(s) to 0 load pin(s).
Netlist sorting complete. Time (s): cpu = 00:00:00 ; elapsed = 00:00:00 . Memory (MB): peak = 3297.918 ; gain = 0.000 ; free physical = 686 ; free virtual = 3280
INFO: [Project 1-111] Unisim Transformation Summary:
No Unisim elements were transformed.

INFO: [Common 17-83] Releasing license: Synthesis
22 Infos, 2 Warnings, 0 Critical Warnings and 0 Errors encountered.
synth_design completed successfully
synth_design: Time (s): cpu = 00:01:06 ; elapsed = 00:01:43 . Memory (MB): peak = 3297.918 ; gain = 1147.812 ; free physical = 883 ; free virtual = 3477
INFO: [Common 17-1381] The checkpoint '/home/okazaki/projects/mpsoc-on-endcap-sl/MercuryXU5_EndcapSL/MercuryXU5_EndcapSL.runs/design_1_heartbeat_0_0_synth_1/design_1_heartbeat_0_0.dcp' has been generated.
WARNING: [Common 17-576] 'use_project_ipc' is deprecated. This option is deprecated and no longer used.
INFO: [Common 17-1381] The checkpoint '/home/okazaki/projects/mpsoc-on-endcap-sl/MercuryXU5_EndcapSL/MercuryXU5_EndcapSL.runs/design_1_heartbeat_0_0_synth_1/design_1_heartbeat_0_0.dcp' has been generated.
INFO: [runtcl-4] Executing : report_utilization -file design_1_heartbeat_0_0_utilization_synth.rpt -pb design_1_heartbeat_0_0_utilization_synth.pb
INFO: [Common 17-206] Exiting Vivado at Sun Dec 12 17:11:20 2021...
