
*** Running vivado
    with args -log Mercury_XU5_clk_wiz_0_0.vds -m64 -product Vivado -mode batch -messageDb vivado.pb -notrace -source Mercury_XU5_clk_wiz_0_0.tcl


****** Vivado v2020.1 (64-bit)
  **** SW Build 2902540 on Wed May 27 19:54:35 MDT 2020
  **** IP Build 2902112 on Wed May 27 22:43:36 MDT 2020
    ** Copyright 1986-2020 Xilinx, Inc. All Rights Reserved.

source Mercury_XU5_clk_wiz_0_0.tcl -notrace
Command: synth_design -top Mercury_XU5_clk_wiz_0_0 -part xczu5ev-sfvc784-2-i -mode out_of_context
Starting synth_design
Attempting to get a license for feature 'Synthesis' and/or device 'xczu5ev'
INFO: [Common 17-349] Got license for feature 'Synthesis' and/or device 'xczu5ev'
INFO: [Device 21-403] Loading part xczu5ev-sfvc784-2-i
INFO: [Synth 8-7079] Multithreading enabled for synth_design using a maximum of 4 processes.
INFO: [Synth 8-7078] Launching helper process for spawning children vivado processes
INFO: [Synth 8-7075] Helper process launched with PID 17639
---------------------------------------------------------------------------------
Starting RTL Elaboration : Time (s): cpu = 00:00:04 ; elapsed = 00:00:05 . Memory (MB): peak = 2585.477 ; gain = 9.902 ; free physical = 2660 ; free virtual = 29272
---------------------------------------------------------------------------------
INFO: [Synth 8-6157] synthesizing module 'Mercury_XU5_clk_wiz_0_0' [/home/okazaki/projects/mpsoc-on-endcap-sl/Mercury_XU5_PE1_Reference_Design/reference_design/Vivado/ME-XU5-5EV-2I-D12E/Mercury_XU5_PE1.srcs/sources_1/bd/Mercury_XU5/ip/Mercury_XU5_clk_wiz_0_0/Mercury_XU5_clk_wiz_0_0.v:73]
INFO: [Synth 8-6157] synthesizing module 'Mercury_XU5_clk_wiz_0_0_clk_wiz' [/home/okazaki/projects/mpsoc-on-endcap-sl/Mercury_XU5_PE1_Reference_Design/reference_design/Vivado/ME-XU5-5EV-2I-D12E/Mercury_XU5_PE1.srcs/sources_1/bd/Mercury_XU5/ip/Mercury_XU5_clk_wiz_0_0/Mercury_XU5_clk_wiz_0_0_clk_wiz.v:71]
INFO: [Synth 8-6157] synthesizing module 'BUFG' [/tools/Xilinx/Vivado/2020.1/scripts/rt/data/unisim_comp.v:1083]
INFO: [Synth 8-6155] done synthesizing module 'BUFG' (1#1) [/tools/Xilinx/Vivado/2020.1/scripts/rt/data/unisim_comp.v:1083]
INFO: [Synth 8-6157] synthesizing module 'MMCME4_ADV' [/tools/Xilinx/Vivado/2020.1/scripts/rt/data/unisim_comp.v:40387]
	Parameter BANDWIDTH bound to: OPTIMIZED - type: string 
	Parameter CLKFBOUT_MULT_F bound to: 25.000000 - type: double 
	Parameter CLKFBOUT_PHASE bound to: 0.000000 - type: double 
	Parameter CLKFBOUT_USE_FINE_PS bound to: FALSE - type: string 
	Parameter CLKIN1_PERIOD bound to: 20.000000 - type: double 
	Parameter CLKIN2_PERIOD bound to: 0.000000 - type: double 
	Parameter CLKOUT0_DIVIDE_F bound to: 10.000000 - type: double 
	Parameter CLKOUT0_DUTY_CYCLE bound to: 0.500000 - type: double 
	Parameter CLKOUT0_PHASE bound to: 0.000000 - type: double 
	Parameter CLKOUT0_USE_FINE_PS bound to: FALSE - type: string 
	Parameter CLKOUT1_DIVIDE bound to: 10 - type: integer 
	Parameter CLKOUT1_DUTY_CYCLE bound to: 0.500000 - type: double 
	Parameter CLKOUT1_PHASE bound to: 90.000000 - type: double 
	Parameter CLKOUT1_USE_FINE_PS bound to: FALSE - type: string 
	Parameter CLKOUT2_DIVIDE bound to: 50 - type: integer 
	Parameter CLKOUT2_DUTY_CYCLE bound to: 0.500000 - type: double 
	Parameter CLKOUT2_PHASE bound to: 0.000000 - type: double 
	Parameter CLKOUT2_USE_FINE_PS bound to: FALSE - type: string 
	Parameter CLKOUT3_DIVIDE bound to: 125 - type: integer 
	Parameter CLKOUT3_DUTY_CYCLE bound to: 0.500000 - type: double 
	Parameter CLKOUT3_PHASE bound to: 0.000000 - type: double 
	Parameter CLKOUT3_USE_FINE_PS bound to: FALSE - type: string 
	Parameter CLKOUT4_CASCADE bound to: FALSE - type: string 
	Parameter CLKOUT4_DIVIDE bound to: 1 - type: integer 
	Parameter CLKOUT4_DUTY_CYCLE bound to: 0.500000 - type: double 
	Parameter CLKOUT4_PHASE bound to: 0.000000 - type: double 
	Parameter CLKOUT4_USE_FINE_PS bound to: FALSE - type: string 
	Parameter CLKOUT5_DIVIDE bound to: 1 - type: integer 
	Parameter CLKOUT5_DUTY_CYCLE bound to: 0.500000 - type: double 
	Parameter CLKOUT5_PHASE bound to: 0.000000 - type: double 
	Parameter CLKOUT5_USE_FINE_PS bound to: FALSE - type: string 
	Parameter CLKOUT6_DIVIDE bound to: 1 - type: integer 
	Parameter CLKOUT6_DUTY_CYCLE bound to: 0.500000 - type: double 
	Parameter CLKOUT6_PHASE bound to: 0.000000 - type: double 
	Parameter CLKOUT6_USE_FINE_PS bound to: FALSE - type: string 
	Parameter COMPENSATION bound to: AUTO - type: string 
	Parameter DIVCLK_DIVIDE bound to: 1 - type: integer 
	Parameter IS_CLKFBIN_INVERTED bound to: 1'b0 
	Parameter IS_CLKIN1_INVERTED bound to: 1'b0 
	Parameter IS_CLKIN2_INVERTED bound to: 1'b0 
	Parameter IS_CLKINSEL_INVERTED bound to: 1'b0 
	Parameter IS_PSEN_INVERTED bound to: 1'b0 
	Parameter IS_PSINCDEC_INVERTED bound to: 1'b0 
	Parameter IS_PWRDWN_INVERTED bound to: 1'b0 
	Parameter IS_RST_INVERTED bound to: 1'b0 
	Parameter REF_JITTER1 bound to: 0.010000 - type: double 
	Parameter REF_JITTER2 bound to: 0.010000 - type: double 
	Parameter SS_EN bound to: FALSE - type: string 
	Parameter SS_MODE bound to: CENTER_HIGH - type: string 
	Parameter SS_MOD_PERIOD bound to: 10000 - type: integer 
	Parameter STARTUP_WAIT bound to: FALSE - type: string 
INFO: [Synth 8-6155] done synthesizing module 'MMCME4_ADV' (2#1) [/tools/Xilinx/Vivado/2020.1/scripts/rt/data/unisim_comp.v:40387]
INFO: [Synth 8-6155] done synthesizing module 'Mercury_XU5_clk_wiz_0_0_clk_wiz' (3#1) [/home/okazaki/projects/mpsoc-on-endcap-sl/Mercury_XU5_PE1_Reference_Design/reference_design/Vivado/ME-XU5-5EV-2I-D12E/Mercury_XU5_PE1.srcs/sources_1/bd/Mercury_XU5/ip/Mercury_XU5_clk_wiz_0_0/Mercury_XU5_clk_wiz_0_0_clk_wiz.v:71]
INFO: [Synth 8-6155] done synthesizing module 'Mercury_XU5_clk_wiz_0_0' (4#1) [/home/okazaki/projects/mpsoc-on-endcap-sl/Mercury_XU5_PE1_Reference_Design/reference_design/Vivado/ME-XU5-5EV-2I-D12E/Mercury_XU5_PE1.srcs/sources_1/bd/Mercury_XU5/ip/Mercury_XU5_clk_wiz_0_0/Mercury_XU5_clk_wiz_0_0.v:73]
---------------------------------------------------------------------------------
Finished RTL Elaboration : Time (s): cpu = 00:00:05 ; elapsed = 00:00:06 . Memory (MB): peak = 2626.383 ; gain = 50.809 ; free physical = 5056 ; free virtual = 31671
---------------------------------------------------------------------------------
---------------------------------------------------------------------------------
Start Handling Custom Attributes
---------------------------------------------------------------------------------
---------------------------------------------------------------------------------
Finished Handling Custom Attributes : Time (s): cpu = 00:00:05 ; elapsed = 00:00:07 . Memory (MB): peak = 2646.227 ; gain = 70.652 ; free physical = 5298 ; free virtual = 31913
---------------------------------------------------------------------------------
---------------------------------------------------------------------------------
Finished RTL Optimization Phase 1 : Time (s): cpu = 00:00:05 ; elapsed = 00:00:07 . Memory (MB): peak = 2646.227 ; gain = 70.652 ; free physical = 5298 ; free virtual = 31913
---------------------------------------------------------------------------------
Netlist sorting complete. Time (s): cpu = 00:00:00 ; elapsed = 00:00:00 . Memory (MB): peak = 2667.102 ; gain = 0.000 ; free physical = 5432 ; free virtual = 32048
INFO: [Netlist 29-17] Analyzing 6 Unisim elements for replacement
INFO: [Netlist 29-28] Unisim Transformation completed in 0 CPU seconds
INFO: [Project 1-570] Preparing netlist for logic optimization

Processing XDC Constraints
Initializing timing engine
Parsing XDC File [/home/okazaki/projects/mpsoc-on-endcap-sl/Mercury_XU5_PE1_Reference_Design/reference_design/Vivado/ME-XU5-5EV-2I-D12E/Mercury_XU5_PE1.srcs/sources_1/bd/Mercury_XU5/ip/Mercury_XU5_clk_wiz_0_0/Mercury_XU5_clk_wiz_0_0_ooc.xdc] for cell 'inst'
Finished Parsing XDC File [/home/okazaki/projects/mpsoc-on-endcap-sl/Mercury_XU5_PE1_Reference_Design/reference_design/Vivado/ME-XU5-5EV-2I-D12E/Mercury_XU5_PE1.srcs/sources_1/bd/Mercury_XU5/ip/Mercury_XU5_clk_wiz_0_0/Mercury_XU5_clk_wiz_0_0_ooc.xdc] for cell 'inst'
Parsing XDC File [/home/okazaki/projects/mpsoc-on-endcap-sl/Mercury_XU5_PE1_Reference_Design/reference_design/Vivado/ME-XU5-5EV-2I-D12E/Mercury_XU5_PE1.srcs/sources_1/bd/Mercury_XU5/ip/Mercury_XU5_clk_wiz_0_0/Mercury_XU5_clk_wiz_0_0_board.xdc] for cell 'inst'
Finished Parsing XDC File [/home/okazaki/projects/mpsoc-on-endcap-sl/Mercury_XU5_PE1_Reference_Design/reference_design/Vivado/ME-XU5-5EV-2I-D12E/Mercury_XU5_PE1.srcs/sources_1/bd/Mercury_XU5/ip/Mercury_XU5_clk_wiz_0_0/Mercury_XU5_clk_wiz_0_0_board.xdc] for cell 'inst'
Parsing XDC File [/home/okazaki/projects/mpsoc-on-endcap-sl/Mercury_XU5_PE1_Reference_Design/reference_design/Vivado/ME-XU5-5EV-2I-D12E/Mercury_XU5_PE1.srcs/sources_1/bd/Mercury_XU5/ip/Mercury_XU5_clk_wiz_0_0/Mercury_XU5_clk_wiz_0_0.xdc] for cell 'inst'
Finished Parsing XDC File [/home/okazaki/projects/mpsoc-on-endcap-sl/Mercury_XU5_PE1_Reference_Design/reference_design/Vivado/ME-XU5-5EV-2I-D12E/Mercury_XU5_PE1.srcs/sources_1/bd/Mercury_XU5/ip/Mercury_XU5_clk_wiz_0_0/Mercury_XU5_clk_wiz_0_0.xdc] for cell 'inst'
Parsing XDC File [/home/okazaki/projects/mpsoc-on-endcap-sl/Mercury_XU5_PE1_Reference_Design/reference_design/Vivado/ME-XU5-5EV-2I-D12E/Mercury_XU5_PE1.runs/Mercury_XU5_clk_wiz_0_0_synth_1/dont_touch.xdc]
Finished Parsing XDC File [/home/okazaki/projects/mpsoc-on-endcap-sl/Mercury_XU5_PE1_Reference_Design/reference_design/Vivado/ME-XU5-5EV-2I-D12E/Mercury_XU5_PE1.runs/Mercury_XU5_clk_wiz_0_0_synth_1/dont_touch.xdc]
Completed Processing XDC Constraints

Netlist sorting complete. Time (s): cpu = 00:00:00 ; elapsed = 00:00:00 . Memory (MB): peak = 2752.945 ; gain = 0.000 ; free physical = 5032 ; free virtual = 31655
INFO: [Project 1-111] Unisim Transformation Summary:
  A total of 5 instances were transformed.
  BUFG => BUFGCE: 5 instances

INFO: [Timing 38-2] Deriving generated clocks
Constraint Validation Runtime : Time (s): cpu = 00:00:00.04 ; elapsed = 00:00:00.06 . Memory (MB): peak = 2752.945 ; gain = 0.000 ; free physical = 5031 ; free virtual = 31654
---------------------------------------------------------------------------------
Finished Constraint Validation : Time (s): cpu = 00:00:15 ; elapsed = 00:00:20 . Memory (MB): peak = 2752.945 ; gain = 177.371 ; free physical = 4915 ; free virtual = 31540
---------------------------------------------------------------------------------
---------------------------------------------------------------------------------
Start Loading Part and Timing Information
---------------------------------------------------------------------------------
Loading part: xczu5ev-sfvc784-2-i
INFO: [Synth 8-6742] Reading net delay rules and data
---------------------------------------------------------------------------------
Finished Loading Part and Timing Information : Time (s): cpu = 00:00:15 ; elapsed = 00:00:20 . Memory (MB): peak = 2752.945 ; gain = 177.371 ; free physical = 4914 ; free virtual = 31539
---------------------------------------------------------------------------------
---------------------------------------------------------------------------------
Start Applying 'set_property' XDC Constraints
---------------------------------------------------------------------------------
Applied set_property DONT_TOUCH = true for inst. (constraint file  /home/okazaki/projects/mpsoc-on-endcap-sl/Mercury_XU5_PE1_Reference_Design/reference_design/Vivado/ME-XU5-5EV-2I-D12E/Mercury_XU5_PE1.runs/Mercury_XU5_clk_wiz_0_0_synth_1/dont_touch.xdc, line 9).
---------------------------------------------------------------------------------
Finished applying 'set_property' XDC Constraints : Time (s): cpu = 00:00:15 ; elapsed = 00:00:20 . Memory (MB): peak = 2752.945 ; gain = 177.371 ; free physical = 4928 ; free virtual = 31554
---------------------------------------------------------------------------------
---------------------------------------------------------------------------------
Finished RTL Optimization Phase 2 : Time (s): cpu = 00:00:15 ; elapsed = 00:00:20 . Memory (MB): peak = 2752.945 ; gain = 177.371 ; free physical = 4909 ; free virtual = 31541
---------------------------------------------------------------------------------
---------------------------------------------------------------------------------
Start RTL Component Statistics 
---------------------------------------------------------------------------------
Detailed RTL Component Info : 
---------------------------------------------------------------------------------
Finished RTL Component Statistics 
---------------------------------------------------------------------------------
---------------------------------------------------------------------------------
Start Part Resource Summary
---------------------------------------------------------------------------------
Part Resources:
DSPs: 1248 (col length:96)
BRAMs: 288 (col length: RAMB18 96 RAMB36 48)
---------------------------------------------------------------------------------
Finished Part Resource Summary
---------------------------------------------------------------------------------
---------------------------------------------------------------------------------
Start Cross Boundary and Area Optimization
---------------------------------------------------------------------------------
---------------------------------------------------------------------------------
Finished Cross Boundary and Area Optimization : Time (s): cpu = 00:00:16 ; elapsed = 00:00:21 . Memory (MB): peak = 2752.945 ; gain = 177.371 ; free physical = 4850 ; free virtual = 31489
---------------------------------------------------------------------------------
---------------------------------------------------------------------------------
Start Applying XDC Timing Constraints
---------------------------------------------------------------------------------
---------------------------------------------------------------------------------
Finished Applying XDC Timing Constraints : Time (s): cpu = 00:00:41 ; elapsed = 00:01:10 . Memory (MB): peak = 3200.797 ; gain = 625.223 ; free physical = 1343 ; free virtual = 28048
---------------------------------------------------------------------------------
---------------------------------------------------------------------------------
Start Timing Optimization
---------------------------------------------------------------------------------
---------------------------------------------------------------------------------
Finished Timing Optimization : Time (s): cpu = 00:00:41 ; elapsed = 00:01:10 . Memory (MB): peak = 3200.797 ; gain = 625.223 ; free physical = 1343 ; free virtual = 28049
---------------------------------------------------------------------------------
---------------------------------------------------------------------------------
Start Technology Mapping
---------------------------------------------------------------------------------
---------------------------------------------------------------------------------
Finished Technology Mapping : Time (s): cpu = 00:00:42 ; elapsed = 00:01:10 . Memory (MB): peak = 3219.828 ; gain = 644.254 ; free physical = 1343 ; free virtual = 28048
---------------------------------------------------------------------------------
---------------------------------------------------------------------------------
Start IO Insertion
---------------------------------------------------------------------------------
---------------------------------------------------------------------------------
Start Flattening Before IO Insertion
---------------------------------------------------------------------------------
---------------------------------------------------------------------------------
Finished Flattening Before IO Insertion
---------------------------------------------------------------------------------
---------------------------------------------------------------------------------
Start Final Netlist Cleanup
---------------------------------------------------------------------------------
---------------------------------------------------------------------------------
Finished Final Netlist Cleanup
---------------------------------------------------------------------------------
---------------------------------------------------------------------------------
Finished IO Insertion : Time (s): cpu = 00:00:44 ; elapsed = 00:01:13 . Memory (MB): peak = 3225.766 ; gain = 650.191 ; free physical = 514 ; free virtual = 26934
---------------------------------------------------------------------------------
---------------------------------------------------------------------------------
Start Renaming Generated Instances
---------------------------------------------------------------------------------
---------------------------------------------------------------------------------
Finished Renaming Generated Instances : Time (s): cpu = 00:00:44 ; elapsed = 00:01:13 . Memory (MB): peak = 3225.766 ; gain = 650.191 ; free physical = 514 ; free virtual = 26933
---------------------------------------------------------------------------------
---------------------------------------------------------------------------------
Start Rebuilding User Hierarchy
---------------------------------------------------------------------------------
---------------------------------------------------------------------------------
Finished Rebuilding User Hierarchy : Time (s): cpu = 00:00:44 ; elapsed = 00:01:13 . Memory (MB): peak = 3225.766 ; gain = 650.191 ; free physical = 514 ; free virtual = 26934
---------------------------------------------------------------------------------
---------------------------------------------------------------------------------
Start Renaming Generated Ports
---------------------------------------------------------------------------------
---------------------------------------------------------------------------------
Finished Renaming Generated Ports : Time (s): cpu = 00:00:44 ; elapsed = 00:01:13 . Memory (MB): peak = 3225.766 ; gain = 650.191 ; free physical = 517 ; free virtual = 26937
---------------------------------------------------------------------------------
---------------------------------------------------------------------------------
Start Handling Custom Attributes
---------------------------------------------------------------------------------
---------------------------------------------------------------------------------
Finished Handling Custom Attributes : Time (s): cpu = 00:00:44 ; elapsed = 00:01:13 . Memory (MB): peak = 3225.766 ; gain = 650.191 ; free physical = 519 ; free virtual = 26938
---------------------------------------------------------------------------------
---------------------------------------------------------------------------------
Start Renaming Generated Nets
---------------------------------------------------------------------------------
---------------------------------------------------------------------------------
Finished Renaming Generated Nets : Time (s): cpu = 00:00:44 ; elapsed = 00:01:13 . Memory (MB): peak = 3225.766 ; gain = 650.191 ; free physical = 523 ; free virtual = 26942
---------------------------------------------------------------------------------
---------------------------------------------------------------------------------
Start Writing Synthesis Report
---------------------------------------------------------------------------------

Report BlackBoxes: 
+-+--------------+----------+
| |BlackBox name |Instances |
+-+--------------+----------+
+-+--------------+----------+

Report Cell Usage: 
+------+-----------+------+
|      |Cell       |Count |
+------+-----------+------+
|1     |BUFG       |     5|
|2     |LUT1       |     1|
|3     |MMCME4_ADV |     1|
+------+-----------+------+
---------------------------------------------------------------------------------
Finished Writing Synthesis Report : Time (s): cpu = 00:00:44 ; elapsed = 00:01:13 . Memory (MB): peak = 3225.766 ; gain = 650.191 ; free physical = 524 ; free virtual = 26944
---------------------------------------------------------------------------------
Synthesis finished with 0 errors, 0 critical warnings and 0 warnings.
Synthesis Optimization Runtime : Time (s): cpu = 00:00:38 ; elapsed = 00:01:04 . Memory (MB): peak = 3225.766 ; gain = 543.473 ; free physical = 631 ; free virtual = 27051
Synthesis Optimization Complete : Time (s): cpu = 00:00:44 ; elapsed = 00:01:13 . Memory (MB): peak = 3225.773 ; gain = 650.191 ; free physical = 644 ; free virtual = 27064
INFO: [Project 1-571] Translating synthesized netlist
Netlist sorting complete. Time (s): cpu = 00:00:00 ; elapsed = 00:00:00 . Memory (MB): peak = 3225.773 ; gain = 0.000 ; free physical = 644 ; free virtual = 27063
INFO: [Netlist 29-17] Analyzing 6 Unisim elements for replacement
INFO: [Netlist 29-28] Unisim Transformation completed in 0 CPU seconds
INFO: [Project 1-570] Preparing netlist for logic optimization
INFO: [Opt 31-138] Pushed 0 inverter(s) to 0 load pin(s).
INFO: [Opt 31-326] The CLKFBOUT to CLKFBIN net for instance inst/mmcme4_adv_inst with COMPENSATION=INTERNAL is optimized away to aid design routability
Netlist sorting complete. Time (s): cpu = 00:00:00 ; elapsed = 00:00:00 . Memory (MB): peak = 3251.516 ; gain = 0.000 ; free physical = 750 ; free virtual = 27169
INFO: [Project 1-111] Unisim Transformation Summary:
  A total of 5 instances were transformed.
  BUFG => BUFGCE: 5 instances

INFO: [Common 17-83] Releasing license: Synthesis
27 Infos, 0 Warnings, 0 Critical Warnings and 0 Errors encountered.
synth_design completed successfully
synth_design: Time (s): cpu = 00:01:00 ; elapsed = 00:01:33 . Memory (MB): peak = 3251.516 ; gain = 1101.344 ; free physical = 908 ; free virtual = 27328
INFO: [Common 17-1381] The checkpoint '/home/okazaki/projects/mpsoc-on-endcap-sl/Mercury_XU5_PE1_Reference_Design/reference_design/Vivado/ME-XU5-5EV-2I-D12E/Mercury_XU5_PE1.runs/Mercury_XU5_clk_wiz_0_0_synth_1/Mercury_XU5_clk_wiz_0_0.dcp' has been generated.
WARNING: [Common 17-576] 'use_project_ipc' is deprecated. This option is deprecated and no longer used.
INFO: [Coretcl 2-1648] Added synthesis output to IP cache for IP Mercury_XU5_clk_wiz_0_0, cache-ID = d4861692d559cea4
INFO: [Common 17-1381] The checkpoint '/home/okazaki/projects/mpsoc-on-endcap-sl/Mercury_XU5_PE1_Reference_Design/reference_design/Vivado/ME-XU5-5EV-2I-D12E/Mercury_XU5_PE1.runs/Mercury_XU5_clk_wiz_0_0_synth_1/Mercury_XU5_clk_wiz_0_0.dcp' has been generated.
INFO: [runtcl-4] Executing : report_utilization -file Mercury_XU5_clk_wiz_0_0_utilization_synth.rpt -pb Mercury_XU5_clk_wiz_0_0_utilization_synth.pb
INFO: [Common 17-206] Exiting Vivado at Tue Nov 16 12:22:16 2021...
