
*** Running vivado
    with args -log bd_0412_lut_buffer_0.vds -m64 -product Vivado -mode batch -messageDb vivado.pb -notrace -source bd_0412_lut_buffer_0.tcl


****** Vivado v2020.1 (64-bit)
  **** SW Build 2902540 on Wed May 27 19:54:35 MDT 2020
  **** IP Build 2902112 on Wed May 27 22:43:36 MDT 2020
    ** Copyright 1986-2020 Xilinx, Inc. All Rights Reserved.

source bd_0412_lut_buffer_0.tcl -notrace
Command: synth_design -top bd_0412_lut_buffer_0 -part xczu5ev-sfvc784-2-i -mode out_of_context
Starting synth_design
Attempting to get a license for feature 'Synthesis' and/or device 'xczu5ev'
INFO: [Common 17-349] Got license for feature 'Synthesis' and/or device 'xczu5ev'
INFO: [Device 21-403] Loading part xczu5ev-sfvc784-2-i
INFO: [Synth 8-7079] Multithreading enabled for synth_design using a maximum of 4 processes.
INFO: [Synth 8-7078] Launching helper process for spawning children vivado processes
INFO: [Synth 8-7075] Helper process launched with PID 23506
---------------------------------------------------------------------------------
Starting RTL Elaboration : Time (s): cpu = 00:00:04 ; elapsed = 00:00:06 . Memory (MB): peak = 2584.348 ; gain = 9.902 ; free physical = 4478 ; free virtual = 9937
---------------------------------------------------------------------------------
INFO: [Synth 8-6157] synthesizing module 'bd_0412_lut_buffer_0' [/home/okazaki/projects/mpsoc-on-endcap-sl/MercuryXU5_EndcapSL/MercuryXU5_EndcapSL.srcs/sources_1/bd/design_1/ip/design_1_debug_bridge_1_0/bd_0/ip/ip_1/synth/bd_0412_lut_buffer_0.v:57]
INFO: [Synth 8-6157] synthesizing module 'LUT1' [/tools/Xilinx/Vivado/2020.1/scripts/rt/data/unisim_comp.v:39133]
INFO: [Synth 8-6155] done synthesizing module 'LUT1' (1#1) [/tools/Xilinx/Vivado/2020.1/scripts/rt/data/unisim_comp.v:39133]
INFO: [Synth 8-6155] done synthesizing module 'bd_0412_lut_buffer_0' (3#1) [/home/okazaki/projects/mpsoc-on-endcap-sl/MercuryXU5_EndcapSL/MercuryXU5_EndcapSL.srcs/sources_1/bd/design_1/ip/design_1_debug_bridge_1_0/bd_0/ip/ip_1/synth/bd_0412_lut_buffer_0.v:57]
---------------------------------------------------------------------------------
Finished RTL Elaboration : Time (s): cpu = 00:00:05 ; elapsed = 00:00:07 . Memory (MB): peak = 2625.254 ; gain = 50.809 ; free physical = 6257 ; free virtual = 11737
---------------------------------------------------------------------------------
---------------------------------------------------------------------------------
Start Handling Custom Attributes
---------------------------------------------------------------------------------
---------------------------------------------------------------------------------
Finished Handling Custom Attributes : Time (s): cpu = 00:00:06 ; elapsed = 00:00:08 . Memory (MB): peak = 2642.098 ; gain = 67.652 ; free physical = 6851 ; free virtual = 12333
---------------------------------------------------------------------------------
---------------------------------------------------------------------------------
Finished RTL Optimization Phase 1 : Time (s): cpu = 00:00:06 ; elapsed = 00:00:08 . Memory (MB): peak = 2642.098 ; gain = 67.652 ; free physical = 6850 ; free virtual = 12333
---------------------------------------------------------------------------------
Netlist sorting complete. Time (s): cpu = 00:00:00 ; elapsed = 00:00:00 . Memory (MB): peak = 2655.973 ; gain = 0.000 ; free physical = 6870 ; free virtual = 12356
INFO: [Project 1-570] Preparing netlist for logic optimization

Processing XDC Constraints
Initializing timing engine
Completed Processing XDC Constraints

Netlist sorting complete. Time (s): cpu = 00:00:00 ; elapsed = 00:00:00 . Memory (MB): peak = 2720.004 ; gain = 0.000 ; free physical = 6290 ; free virtual = 11785
INFO: [Project 1-111] Unisim Transformation Summary:
No Unisim elements were transformed.

Constraint Validation Runtime : Time (s): cpu = 00:00:00.01 ; elapsed = 00:00:00.02 . Memory (MB): peak = 2731.910 ; gain = 11.906 ; free physical = 6284 ; free virtual = 11779
---------------------------------------------------------------------------------
Finished Constraint Validation : Time (s): cpu = 00:00:13 ; elapsed = 00:00:19 . Memory (MB): peak = 2731.910 ; gain = 157.465 ; free physical = 6258 ; free virtual = 11799
---------------------------------------------------------------------------------
---------------------------------------------------------------------------------
Start Loading Part and Timing Information
---------------------------------------------------------------------------------
Loading part: xczu5ev-sfvc784-2-i
INFO: [Synth 8-6742] Reading net delay rules and data
---------------------------------------------------------------------------------
Finished Loading Part and Timing Information : Time (s): cpu = 00:00:13 ; elapsed = 00:00:19 . Memory (MB): peak = 2731.910 ; gain = 157.465 ; free physical = 6253 ; free virtual = 11795
---------------------------------------------------------------------------------
---------------------------------------------------------------------------------
Start Applying 'set_property' XDC Constraints
---------------------------------------------------------------------------------
---------------------------------------------------------------------------------
Finished applying 'set_property' XDC Constraints : Time (s): cpu = 00:00:13 ; elapsed = 00:00:19 . Memory (MB): peak = 2731.910 ; gain = 157.465 ; free physical = 6251 ; free virtual = 11792
---------------------------------------------------------------------------------
---------------------------------------------------------------------------------
Finished RTL Optimization Phase 2 : Time (s): cpu = 00:00:13 ; elapsed = 00:00:19 . Memory (MB): peak = 2731.910 ; gain = 157.465 ; free physical = 6280 ; free virtual = 11789
---------------------------------------------------------------------------------
---------------------------------------------------------------------------------
Start RTL Component Statistics 
---------------------------------------------------------------------------------
Detailed RTL Component Info : 
---------------------------------------------------------------------------------
Finished RTL Component Statistics 
---------------------------------------------------------------------------------
---------------------------------------------------------------------------------
Start Part Resource Summary
---------------------------------------------------------------------------------
Part Resources:
DSPs: 1248 (col length:96)
BRAMs: 288 (col length: RAMB18 96 RAMB36 48)
---------------------------------------------------------------------------------
Finished Part Resource Summary
---------------------------------------------------------------------------------
---------------------------------------------------------------------------------
Start Cross Boundary and Area Optimization
---------------------------------------------------------------------------------
---------------------------------------------------------------------------------
Finished Cross Boundary and Area Optimization : Time (s): cpu = 00:00:14 ; elapsed = 00:00:20 . Memory (MB): peak = 2731.910 ; gain = 157.465 ; free physical = 6413 ; free virtual = 11925
---------------------------------------------------------------------------------
---------------------------------------------------------------------------------
Start Applying XDC Timing Constraints
---------------------------------------------------------------------------------
---------------------------------------------------------------------------------
Finished Applying XDC Timing Constraints : Time (s): cpu = 00:00:41 ; elapsed = 00:01:11 . Memory (MB): peak = 3191.770 ; gain = 617.324 ; free physical = 368 ; free virtual = 5838
---------------------------------------------------------------------------------
---------------------------------------------------------------------------------
Start Timing Optimization
---------------------------------------------------------------------------------
---------------------------------------------------------------------------------
Finished Timing Optimization : Time (s): cpu = 00:00:41 ; elapsed = 00:01:11 . Memory (MB): peak = 3191.770 ; gain = 617.324 ; free physical = 366 ; free virtual = 5836
---------------------------------------------------------------------------------
---------------------------------------------------------------------------------
Start Technology Mapping
---------------------------------------------------------------------------------
---------------------------------------------------------------------------------
Finished Technology Mapping : Time (s): cpu = 00:00:41 ; elapsed = 00:01:11 . Memory (MB): peak = 3210.801 ; gain = 636.355 ; free physical = 345 ; free virtual = 5815
---------------------------------------------------------------------------------
---------------------------------------------------------------------------------
Start IO Insertion
---------------------------------------------------------------------------------
---------------------------------------------------------------------------------
Start Flattening Before IO Insertion
---------------------------------------------------------------------------------
---------------------------------------------------------------------------------
Finished Flattening Before IO Insertion
---------------------------------------------------------------------------------
---------------------------------------------------------------------------------
Start Final Netlist Cleanup
---------------------------------------------------------------------------------
---------------------------------------------------------------------------------
Finished Final Netlist Cleanup
---------------------------------------------------------------------------------
---------------------------------------------------------------------------------
Finished IO Insertion : Time (s): cpu = 00:00:44 ; elapsed = 00:01:14 . Memory (MB): peak = 3216.738 ; gain = 642.293 ; free physical = 287 ; free virtual = 5257
---------------------------------------------------------------------------------
---------------------------------------------------------------------------------
Start Renaming Generated Instances
---------------------------------------------------------------------------------
---------------------------------------------------------------------------------
Finished Renaming Generated Instances : Time (s): cpu = 00:00:44 ; elapsed = 00:01:14 . Memory (MB): peak = 3216.738 ; gain = 642.293 ; free physical = 287 ; free virtual = 5257
---------------------------------------------------------------------------------
---------------------------------------------------------------------------------
Start Rebuilding User Hierarchy
---------------------------------------------------------------------------------
---------------------------------------------------------------------------------
Finished Rebuilding User Hierarchy : Time (s): cpu = 00:00:44 ; elapsed = 00:01:14 . Memory (MB): peak = 3216.738 ; gain = 642.293 ; free physical = 284 ; free virtual = 5254
---------------------------------------------------------------------------------
---------------------------------------------------------------------------------
Start Renaming Generated Ports
---------------------------------------------------------------------------------
---------------------------------------------------------------------------------
Finished Renaming Generated Ports : Time (s): cpu = 00:00:44 ; elapsed = 00:01:14 . Memory (MB): peak = 3216.738 ; gain = 642.293 ; free physical = 286 ; free virtual = 5253
---------------------------------------------------------------------------------
---------------------------------------------------------------------------------
Start Handling Custom Attributes
---------------------------------------------------------------------------------
---------------------------------------------------------------------------------
Finished Handling Custom Attributes : Time (s): cpu = 00:00:44 ; elapsed = 00:01:14 . Memory (MB): peak = 3216.738 ; gain = 642.293 ; free physical = 289 ; free virtual = 5250
---------------------------------------------------------------------------------
---------------------------------------------------------------------------------
Start Renaming Generated Nets
---------------------------------------------------------------------------------
---------------------------------------------------------------------------------
Finished Renaming Generated Nets : Time (s): cpu = 00:00:44 ; elapsed = 00:01:14 . Memory (MB): peak = 3216.738 ; gain = 642.293 ; free physical = 297 ; free virtual = 5255
---------------------------------------------------------------------------------
---------------------------------------------------------------------------------
Start Writing Synthesis Report
---------------------------------------------------------------------------------

Report BlackBoxes: 
+-+--------------+----------+
| |BlackBox name |Instances |
+-+--------------+----------+
+-+--------------+----------+

Report Cell Usage: 
+------+-----+------+
|      |Cell |Count |
+------+-----+------+
|1     |LUT1 |     1|
+------+-----+------+
---------------------------------------------------------------------------------
Finished Writing Synthesis Report : Time (s): cpu = 00:00:44 ; elapsed = 00:01:14 . Memory (MB): peak = 3216.738 ; gain = 642.293 ; free physical = 313 ; free virtual = 5263
---------------------------------------------------------------------------------
Synthesis finished with 0 errors, 0 critical warnings and 0 warnings.
Synthesis Optimization Runtime : Time (s): cpu = 00:00:41 ; elapsed = 00:01:08 . Memory (MB): peak = 3216.738 ; gain = 552.480 ; free physical = 399 ; free virtual = 5286
Synthesis Optimization Complete : Time (s): cpu = 00:00:44 ; elapsed = 00:01:14 . Memory (MB): peak = 3216.746 ; gain = 642.293 ; free physical = 396 ; free virtual = 5282
INFO: [Project 1-571] Translating synthesized netlist
Netlist sorting complete. Time (s): cpu = 00:00:00 ; elapsed = 00:00:00 . Memory (MB): peak = 3216.746 ; gain = 0.000 ; free physical = 387 ; free virtual = 5273
INFO: [Project 1-570] Preparing netlist for logic optimization
INFO: [Opt 31-138] Pushed 0 inverter(s) to 0 load pin(s).
Netlist sorting complete. Time (s): cpu = 00:00:00 ; elapsed = 00:00:00 . Memory (MB): peak = 3242.520 ; gain = 0.000 ; free physical = 360 ; free virtual = 5244
INFO: [Project 1-111] Unisim Transformation Summary:
No Unisim elements were transformed.

INFO: [Common 17-83] Releasing license: Synthesis
17 Infos, 0 Warnings, 0 Critical Warnings and 0 Errors encountered.
synth_design completed successfully
synth_design: Time (s): cpu = 00:01:01 ; elapsed = 00:01:35 . Memory (MB): peak = 3242.520 ; gain = 1084.477 ; free physical = 503 ; free virtual = 5387
INFO: [Common 17-1381] The checkpoint '/home/okazaki/projects/mpsoc-on-endcap-sl/MercuryXU5_EndcapSL/MercuryXU5_EndcapSL.runs/bd_0412_lut_buffer_0_synth_1/bd_0412_lut_buffer_0.dcp' has been generated.
WARNING: [Common 17-576] 'use_project_ipc' is deprecated. This option is deprecated and no longer used.
INFO: [Coretcl 2-1648] Added synthesis output to IP cache for IP bd_0412_lut_buffer_0, cache-ID = 4dc5704c3411c045
INFO: [Common 17-1381] The checkpoint '/home/okazaki/projects/mpsoc-on-endcap-sl/MercuryXU5_EndcapSL/MercuryXU5_EndcapSL.runs/bd_0412_lut_buffer_0_synth_1/bd_0412_lut_buffer_0.dcp' has been generated.
INFO: [runtcl-4] Executing : report_utilization -file bd_0412_lut_buffer_0_utilization_synth.rpt -pb bd_0412_lut_buffer_0_utilization_synth.pb
INFO: [Common 17-206] Exiting Vivado at Tue Nov 30 20:53:31 2021...

*** Running vivado
    with args -log bd_0412_lut_buffer_0.vds -m64 -product Vivado -mode batch -messageDb vivado.pb -notrace -source bd_0412_lut_buffer_0.tcl


****** Vivado v2020.1 (64-bit)
  **** SW Build 2902540 on Wed May 27 19:54:35 MDT 2020
  **** IP Build 2902112 on Wed May 27 22:43:36 MDT 2020
    ** Copyright 1986-2020 Xilinx, Inc. All Rights Reserved.

source bd_0412_lut_buffer_0.tcl -notrace
WARNING: [IP_Flow 19-5242] IP Cache entry (cache-ID 4dc5704c3411c045) does not have the required number of cached files and is not valid. Please delete this entry using the TCL command: 'config_ip_cache -remove [get_ips bd_0412_lut_buffer_0]'
Command: synth_design -top bd_0412_lut_buffer_0 -part xczu5ev-sfvc784-2-i -mode out_of_context
Starting synth_design
Attempting to get a license for feature 'Synthesis' and/or device 'xczu5ev'
INFO: [Common 17-349] Got license for feature 'Synthesis' and/or device 'xczu5ev'
INFO: [Device 21-403] Loading part xczu5ev-sfvc784-2-i
INFO: [Synth 8-7079] Multithreading enabled for synth_design using a maximum of 4 processes.
INFO: [Synth 8-7078] Launching helper process for spawning children vivado processes
INFO: [Synth 8-7075] Helper process launched with PID 46275
---------------------------------------------------------------------------------
Starting RTL Elaboration : Time (s): cpu = 00:00:04 ; elapsed = 00:00:06 . Memory (MB): peak = 2584.410 ; gain = 9.902 ; free physical = 2925 ; free virtual = 4558
---------------------------------------------------------------------------------
INFO: [Synth 8-6157] synthesizing module 'bd_0412_lut_buffer_0' [/home/okazaki/projects/mpsoc-on-endcap-sl/MercuryXU5_EndcapSL/MercuryXU5_EndcapSL.srcs/sources_1/bd/design_1/ip/design_1_debug_bridge_1_0/bd_0/ip/ip_1/synth/bd_0412_lut_buffer_0.v:57]
INFO: [Synth 8-6157] synthesizing module 'LUT1' [/tools/Xilinx/Vivado/2020.1/scripts/rt/data/unisim_comp.v:39133]
INFO: [Synth 8-6155] done synthesizing module 'LUT1' (1#1) [/tools/Xilinx/Vivado/2020.1/scripts/rt/data/unisim_comp.v:39133]
INFO: [Synth 8-6155] done synthesizing module 'bd_0412_lut_buffer_0' (3#1) [/home/okazaki/projects/mpsoc-on-endcap-sl/MercuryXU5_EndcapSL/MercuryXU5_EndcapSL.srcs/sources_1/bd/design_1/ip/design_1_debug_bridge_1_0/bd_0/ip/ip_1/synth/bd_0412_lut_buffer_0.v:57]
---------------------------------------------------------------------------------
Finished RTL Elaboration : Time (s): cpu = 00:00:05 ; elapsed = 00:00:08 . Memory (MB): peak = 2625.316 ; gain = 50.809 ; free physical = 7216 ; free virtual = 8933
---------------------------------------------------------------------------------
---------------------------------------------------------------------------------
Start Handling Custom Attributes
---------------------------------------------------------------------------------
---------------------------------------------------------------------------------
Finished Handling Custom Attributes : Time (s): cpu = 00:00:06 ; elapsed = 00:00:08 . Memory (MB): peak = 2640.191 ; gain = 65.684 ; free physical = 7608 ; free virtual = 9343
---------------------------------------------------------------------------------
---------------------------------------------------------------------------------
Finished RTL Optimization Phase 1 : Time (s): cpu = 00:00:06 ; elapsed = 00:00:08 . Memory (MB): peak = 2640.191 ; gain = 65.684 ; free physical = 7608 ; free virtual = 9343
---------------------------------------------------------------------------------
Netlist sorting complete. Time (s): cpu = 00:00:00 ; elapsed = 00:00:00 . Memory (MB): peak = 2654.066 ; gain = 0.000 ; free physical = 7781 ; free virtual = 9520
INFO: [Project 1-570] Preparing netlist for logic optimization

Processing XDC Constraints
Initializing timing engine
Completed Processing XDC Constraints

Netlist sorting complete. Time (s): cpu = 00:00:00 ; elapsed = 00:00:00 . Memory (MB): peak = 2721.066 ; gain = 0.000 ; free physical = 7283 ; free virtual = 9072
INFO: [Project 1-111] Unisim Transformation Summary:
No Unisim elements were transformed.

Constraint Validation Runtime : Time (s): cpu = 00:00:00.03 ; elapsed = 00:00:00.03 . Memory (MB): peak = 2730.973 ; gain = 9.906 ; free physical = 7280 ; free virtual = 9069
---------------------------------------------------------------------------------
Finished Constraint Validation : Time (s): cpu = 00:00:12 ; elapsed = 00:00:19 . Memory (MB): peak = 2730.973 ; gain = 156.465 ; free physical = 7154 ; free virtual = 8961
---------------------------------------------------------------------------------
---------------------------------------------------------------------------------
Start Loading Part and Timing Information
---------------------------------------------------------------------------------
Loading part: xczu5ev-sfvc784-2-i
INFO: [Synth 8-6742] Reading net delay rules and data
---------------------------------------------------------------------------------
Finished Loading Part and Timing Information : Time (s): cpu = 00:00:12 ; elapsed = 00:00:19 . Memory (MB): peak = 2730.973 ; gain = 156.465 ; free physical = 7153 ; free virtual = 8961
---------------------------------------------------------------------------------
---------------------------------------------------------------------------------
Start Applying 'set_property' XDC Constraints
---------------------------------------------------------------------------------
---------------------------------------------------------------------------------
Finished applying 'set_property' XDC Constraints : Time (s): cpu = 00:00:12 ; elapsed = 00:00:19 . Memory (MB): peak = 2730.973 ; gain = 156.465 ; free physical = 7149 ; free virtual = 8956
---------------------------------------------------------------------------------
---------------------------------------------------------------------------------
Finished RTL Optimization Phase 2 : Time (s): cpu = 00:00:13 ; elapsed = 00:00:19 . Memory (MB): peak = 2730.973 ; gain = 156.465 ; free physical = 7148 ; free virtual = 8959
---------------------------------------------------------------------------------
---------------------------------------------------------------------------------
Start RTL Component Statistics 
---------------------------------------------------------------------------------
Detailed RTL Component Info : 
---------------------------------------------------------------------------------
Finished RTL Component Statistics 
---------------------------------------------------------------------------------
---------------------------------------------------------------------------------
Start Part Resource Summary
---------------------------------------------------------------------------------
Part Resources:
DSPs: 1248 (col length:96)
BRAMs: 288 (col length: RAMB18 96 RAMB36 48)
---------------------------------------------------------------------------------
Finished Part Resource Summary
---------------------------------------------------------------------------------
---------------------------------------------------------------------------------
Start Cross Boundary and Area Optimization
---------------------------------------------------------------------------------
---------------------------------------------------------------------------------
Finished Cross Boundary and Area Optimization : Time (s): cpu = 00:00:13 ; elapsed = 00:00:20 . Memory (MB): peak = 2730.973 ; gain = 156.465 ; free physical = 7024 ; free virtual = 8875
---------------------------------------------------------------------------------
---------------------------------------------------------------------------------
Start Applying XDC Timing Constraints
---------------------------------------------------------------------------------
---------------------------------------------------------------------------------
Finished Applying XDC Timing Constraints : Time (s): cpu = 00:00:40 ; elapsed = 00:01:11 . Memory (MB): peak = 3191.832 ; gain = 617.324 ; free physical = 580 ; free virtual = 2591
---------------------------------------------------------------------------------
---------------------------------------------------------------------------------
Start Timing Optimization
---------------------------------------------------------------------------------
---------------------------------------------------------------------------------
Finished Timing Optimization : Time (s): cpu = 00:00:40 ; elapsed = 00:01:11 . Memory (MB): peak = 3191.832 ; gain = 617.324 ; free physical = 574 ; free virtual = 2584
---------------------------------------------------------------------------------
---------------------------------------------------------------------------------
Start Technology Mapping
---------------------------------------------------------------------------------
---------------------------------------------------------------------------------
Finished Technology Mapping : Time (s): cpu = 00:00:40 ; elapsed = 00:01:11 . Memory (MB): peak = 3210.863 ; gain = 636.355 ; free physical = 564 ; free virtual = 2575
---------------------------------------------------------------------------------
---------------------------------------------------------------------------------
Start IO Insertion
---------------------------------------------------------------------------------
---------------------------------------------------------------------------------
Start Flattening Before IO Insertion
---------------------------------------------------------------------------------
---------------------------------------------------------------------------------
Finished Flattening Before IO Insertion
---------------------------------------------------------------------------------
---------------------------------------------------------------------------------
Start Final Netlist Cleanup
---------------------------------------------------------------------------------
---------------------------------------------------------------------------------
Finished Final Netlist Cleanup
---------------------------------------------------------------------------------
---------------------------------------------------------------------------------
Finished IO Insertion : Time (s): cpu = 00:00:43 ; elapsed = 00:01:14 . Memory (MB): peak = 3216.801 ; gain = 642.293 ; free physical = 342 ; free virtual = 1714
---------------------------------------------------------------------------------
---------------------------------------------------------------------------------
Start Renaming Generated Instances
---------------------------------------------------------------------------------
---------------------------------------------------------------------------------
Finished Renaming Generated Instances : Time (s): cpu = 00:00:43 ; elapsed = 00:01:14 . Memory (MB): peak = 3216.801 ; gain = 642.293 ; free physical = 342 ; free virtual = 1714
---------------------------------------------------------------------------------
---------------------------------------------------------------------------------
Start Rebuilding User Hierarchy
---------------------------------------------------------------------------------
---------------------------------------------------------------------------------
Finished Rebuilding User Hierarchy : Time (s): cpu = 00:00:43 ; elapsed = 00:01:14 . Memory (MB): peak = 3216.801 ; gain = 642.293 ; free physical = 340 ; free virtual = 1713
---------------------------------------------------------------------------------
---------------------------------------------------------------------------------
Start Renaming Generated Ports
---------------------------------------------------------------------------------
---------------------------------------------------------------------------------
Finished Renaming Generated Ports : Time (s): cpu = 00:00:43 ; elapsed = 00:01:14 . Memory (MB): peak = 3216.801 ; gain = 642.293 ; free physical = 339 ; free virtual = 1712
---------------------------------------------------------------------------------
---------------------------------------------------------------------------------
Start Handling Custom Attributes
---------------------------------------------------------------------------------
---------------------------------------------------------------------------------
Finished Handling Custom Attributes : Time (s): cpu = 00:00:43 ; elapsed = 00:01:14 . Memory (MB): peak = 3216.801 ; gain = 642.293 ; free physical = 339 ; free virtual = 1712
---------------------------------------------------------------------------------
---------------------------------------------------------------------------------
Start Renaming Generated Nets
---------------------------------------------------------------------------------
---------------------------------------------------------------------------------
Finished Renaming Generated Nets : Time (s): cpu = 00:00:43 ; elapsed = 00:01:14 . Memory (MB): peak = 3216.801 ; gain = 642.293 ; free physical = 339 ; free virtual = 1712
---------------------------------------------------------------------------------
---------------------------------------------------------------------------------
Start Writing Synthesis Report
---------------------------------------------------------------------------------

Report BlackBoxes: 
+-+--------------+----------+
| |BlackBox name |Instances |
+-+--------------+----------+
+-+--------------+----------+

Report Cell Usage: 
+------+-----+------+
|      |Cell |Count |
+------+-----+------+
|1     |LUT1 |     1|
+------+-----+------+
---------------------------------------------------------------------------------
Finished Writing Synthesis Report : Time (s): cpu = 00:00:43 ; elapsed = 00:01:14 . Memory (MB): peak = 3216.801 ; gain = 642.293 ; free physical = 339 ; free virtual = 1712
---------------------------------------------------------------------------------
Synthesis finished with 0 errors, 0 critical warnings and 0 warnings.
Synthesis Optimization Runtime : Time (s): cpu = 00:00:40 ; elapsed = 00:01:08 . Memory (MB): peak = 3216.801 ; gain = 551.512 ; free physical = 358 ; free virtual = 1730
Synthesis Optimization Complete : Time (s): cpu = 00:00:43 ; elapsed = 00:01:14 . Memory (MB): peak = 3216.809 ; gain = 642.293 ; free physical = 373 ; free virtual = 1746
INFO: [Project 1-571] Translating synthesized netlist
Netlist sorting complete. Time (s): cpu = 00:00:00 ; elapsed = 00:00:00 . Memory (MB): peak = 3216.809 ; gain = 0.000 ; free physical = 356 ; free virtual = 1731
INFO: [Project 1-570] Preparing netlist for logic optimization
INFO: [Opt 31-138] Pushed 0 inverter(s) to 0 load pin(s).
Netlist sorting complete. Time (s): cpu = 00:00:00 ; elapsed = 00:00:00 . Memory (MB): peak = 3242.551 ; gain = 0.000 ; free physical = 308 ; free virtual = 1631
INFO: [Project 1-111] Unisim Transformation Summary:
No Unisim elements were transformed.

INFO: [Common 17-83] Releasing license: Synthesis
17 Infos, 1 Warnings, 0 Critical Warnings and 0 Errors encountered.
synth_design completed successfully
synth_design: Time (s): cpu = 00:01:00 ; elapsed = 00:01:35 . Memory (MB): peak = 3242.551 ; gain = 1092.445 ; free physical = 459 ; free virtual = 1729
INFO: [Common 17-1381] The checkpoint '/home/okazaki/projects/mpsoc-on-endcap-sl/MercuryXU5_EndcapSL/MercuryXU5_EndcapSL.runs/bd_0412_lut_buffer_0_synth_1/bd_0412_lut_buffer_0.dcp' has been generated.
WARNING: [Common 17-576] 'use_project_ipc' is deprecated. This option is deprecated and no longer used.
INFO: [Common 17-1381] The checkpoint '/home/okazaki/projects/mpsoc-on-endcap-sl/MercuryXU5_EndcapSL/MercuryXU5_EndcapSL.runs/bd_0412_lut_buffer_0_synth_1/bd_0412_lut_buffer_0.dcp' has been generated.
INFO: [runtcl-4] Executing : report_utilization -file bd_0412_lut_buffer_0_utilization_synth.rpt -pb bd_0412_lut_buffer_0_utilization_synth.pb
INFO: [Common 17-206] Exiting Vivado at Wed Dec  8 14:25:23 2021...
