
*** Running vivado
    with args -log Mercury_XU5_PE1.vdi -applog -m64 -product Vivado -messageDb vivado.pb -mode batch -source Mercury_XU5_PE1.tcl -notrace


****** Vivado v2020.1 (64-bit)
  **** SW Build 2902540 on Wed May 27 19:54:35 MDT 2020
  **** IP Build 2902112 on Wed May 27 22:43:36 MDT 2020
    ** Copyright 1986-2020 Xilinx, Inc. All Rights Reserved.

source Mercury_XU5_PE1.tcl -notrace
source /home/okazaki/projects/mpsoc-on-endcap-sl/Mercury_XU5_PE1_Reference_Design/reference_design/scripts/settings.tcl
Mercury_XU5 PE1
INFO: settings.tcl file loaded.
INFO: [IP_Flow 19-234] Refreshing IP repositories
INFO: [IP_Flow 19-1704] No user IP repositories specified
INFO: [IP_Flow 19-2313] Loaded Vivado IP repository '/tools/Xilinx/Vivado/2020.1/data/ip'.
add_files: Time (s): cpu = 00:00:06 ; elapsed = 00:00:08 . Memory (MB): peak = 2157.609 ; gain = 0.000 ; free physical = 17365 ; free virtual = 43795
Command: link_design -top Mercury_XU5_PE1 -part xczu5ev-sfvc784-2-i
Design is defaulting to srcset: sources_1
Design is defaulting to constrset: constrs_1
INFO: [Device 21-403] Loading part xczu5ev-sfvc784-2-i
INFO: [Project 1-454] Reading design checkpoint '/home/okazaki/projects/mpsoc-on-endcap-sl/Mercury_XU5_PE1_Reference_Design/reference_design/Vivado/ME-XU5-5EV-2I-D12E/Mercury_XU5_PE1.srcs/sources_1/bd/Mercury_XU5/ip/Mercury_XU5_clk_wiz_0_0/Mercury_XU5_clk_wiz_0_0.dcp' for cell 'Mercury_XU5_i/clk_wiz_0'
INFO: [Project 1-454] Reading design checkpoint '/home/okazaki/projects/mpsoc-on-endcap-sl/Mercury_XU5_PE1_Reference_Design/reference_design/Vivado/ME-XU5-5EV-2I-D12E/Mercury_XU5_PE1.srcs/sources_1/bd/Mercury_XU5/ip/Mercury_XU5_ddr4_0/Mercury_XU5_ddr4_0.dcp' for cell 'Mercury_XU5_i/ddr4'
INFO: [Project 1-454] Reading design checkpoint '/home/okazaki/projects/mpsoc-on-endcap-sl/Mercury_XU5_PE1_Reference_Design/reference_design/Vivado/ME-XU5-5EV-2I-D12E/Mercury_XU5_PE1.srcs/sources_1/bd/Mercury_XU5/ip/Mercury_XU5_ddr4_sys_rst_0/Mercury_XU5_ddr4_sys_rst_0.dcp' for cell 'Mercury_XU5_i/ddr4_sys_rst'
INFO: [Project 1-454] Reading design checkpoint '/home/okazaki/projects/mpsoc-on-endcap-sl/Mercury_XU5_PE1_Reference_Design/reference_design/Vivado/ME-XU5-5EV-2I-D12E/Mercury_XU5_PE1.srcs/sources_1/bd/Mercury_XU5/ip/Mercury_XU5_led_0/Mercury_XU5_led_0.dcp' for cell 'Mercury_XU5_i/led'
INFO: [Project 1-454] Reading design checkpoint '/home/okazaki/projects/mpsoc-on-endcap-sl/Mercury_XU5_PE1_Reference_Design/reference_design/Vivado/ME-XU5-5EV-2I-D12E/Mercury_XU5_PE1.srcs/sources_1/bd/Mercury_XU5/ip/Mercury_XU5_ps_sys_rst_0/Mercury_XU5_ps_sys_rst_0.dcp' for cell 'Mercury_XU5_i/ps_sys_rst'
INFO: [Project 1-454] Reading design checkpoint '/home/okazaki/projects/mpsoc-on-endcap-sl/Mercury_XU5_PE1_Reference_Design/reference_design/Vivado/ME-XU5-5EV-2I-D12E/Mercury_XU5_PE1.srcs/sources_1/bd/Mercury_XU5/ip/Mercury_XU5_smartconnect_0_0/Mercury_XU5_smartconnect_0_0.dcp' for cell 'Mercury_XU5_i/smartconnect_0'
INFO: [Project 1-454] Reading design checkpoint '/home/okazaki/projects/mpsoc-on-endcap-sl/Mercury_XU5_PE1_Reference_Design/reference_design/Vivado/ME-XU5-5EV-2I-D12E/Mercury_XU5_PE1.srcs/sources_1/bd/Mercury_XU5/ip/Mercury_XU5_smartconnect_1_0/Mercury_XU5_smartconnect_1_0.dcp' for cell 'Mercury_XU5_i/smartconnect_1'
INFO: [Project 1-454] Reading design checkpoint '/home/okazaki/projects/mpsoc-on-endcap-sl/Mercury_XU5_PE1_Reference_Design/reference_design/Vivado/ME-XU5-5EV-2I-D12E/Mercury_XU5_PE1.srcs/sources_1/bd/Mercury_XU5/ip/Mercury_XU5_system_management_wiz_0/Mercury_XU5_system_management_wiz_0.dcp' for cell 'Mercury_XU5_i/system_management_wiz'
INFO: [Project 1-454] Reading design checkpoint '/home/okazaki/projects/mpsoc-on-endcap-sl/Mercury_XU5_PE1_Reference_Design/reference_design/Vivado/ME-XU5-5EV-2I-D12E/Mercury_XU5_PE1.srcs/sources_1/bd/Mercury_XU5/ip/Mercury_XU5_zynq_ultra_ps_e_0/Mercury_XU5_zynq_ultra_ps_e_0.dcp' for cell 'Mercury_XU5_i/zynq_ultra_ps_e'
Netlist sorting complete. Time (s): cpu = 00:00:00.50 ; elapsed = 00:00:00.50 . Memory (MB): peak = 2629.102 ; gain = 0.000 ; free physical = 16572 ; free virtual = 43003
INFO: [Netlist 29-17] Analyzing 447 Unisim elements for replacement
INFO: [Netlist 29-28] Unisim Transformation completed in 0 CPU seconds
INFO: [Project 1-479] Netlist was created with Vivado 2020.1
INFO: [Project 1-570] Preparing netlist for logic optimization
INFO: [Chipscope 16-324] Core: Mercury_XU5_i/ddr4 UUID: dc50a6c0-8962-5d73-b86d-3a1223eecc46 
Parsing XDC File [/home/okazaki/projects/mpsoc-on-endcap-sl/Mercury_XU5_PE1_Reference_Design/reference_design/Vivado/ME-XU5-5EV-2I-D12E/Mercury_XU5_PE1.srcs/sources_1/bd/Mercury_XU5/ip/Mercury_XU5_zynq_ultra_ps_e_0/Mercury_XU5_zynq_ultra_ps_e_0.xdc] for cell 'Mercury_XU5_i/zynq_ultra_ps_e/U0'
Finished Parsing XDC File [/home/okazaki/projects/mpsoc-on-endcap-sl/Mercury_XU5_PE1_Reference_Design/reference_design/Vivado/ME-XU5-5EV-2I-D12E/Mercury_XU5_PE1.srcs/sources_1/bd/Mercury_XU5/ip/Mercury_XU5_zynq_ultra_ps_e_0/Mercury_XU5_zynq_ultra_ps_e_0.xdc] for cell 'Mercury_XU5_i/zynq_ultra_ps_e/U0'
Parsing XDC File [/home/okazaki/projects/mpsoc-on-endcap-sl/Mercury_XU5_PE1_Reference_Design/reference_design/Vivado/ME-XU5-5EV-2I-D12E/Mercury_XU5_PE1.srcs/sources_1/bd/Mercury_XU5/ip/Mercury_XU5_system_management_wiz_0/Mercury_XU5_system_management_wiz_0_board.xdc] for cell 'Mercury_XU5_i/system_management_wiz/U0'
Finished Parsing XDC File [/home/okazaki/projects/mpsoc-on-endcap-sl/Mercury_XU5_PE1_Reference_Design/reference_design/Vivado/ME-XU5-5EV-2I-D12E/Mercury_XU5_PE1.srcs/sources_1/bd/Mercury_XU5/ip/Mercury_XU5_system_management_wiz_0/Mercury_XU5_system_management_wiz_0_board.xdc] for cell 'Mercury_XU5_i/system_management_wiz/U0'
Parsing XDC File [/home/okazaki/projects/mpsoc-on-endcap-sl/Mercury_XU5_PE1_Reference_Design/reference_design/Vivado/ME-XU5-5EV-2I-D12E/Mercury_XU5_PE1.srcs/sources_1/bd/Mercury_XU5/ip/Mercury_XU5_system_management_wiz_0/Mercury_XU5_system_management_wiz_0.xdc] for cell 'Mercury_XU5_i/system_management_wiz/U0'
Finished Parsing XDC File [/home/okazaki/projects/mpsoc-on-endcap-sl/Mercury_XU5_PE1_Reference_Design/reference_design/Vivado/ME-XU5-5EV-2I-D12E/Mercury_XU5_PE1.srcs/sources_1/bd/Mercury_XU5/ip/Mercury_XU5_system_management_wiz_0/Mercury_XU5_system_management_wiz_0.xdc] for cell 'Mercury_XU5_i/system_management_wiz/U0'
Parsing XDC File [/home/okazaki/projects/mpsoc-on-endcap-sl/Mercury_XU5_PE1_Reference_Design/reference_design/Vivado/ME-XU5-5EV-2I-D12E/Mercury_XU5_PE1.srcs/sources_1/bd/Mercury_XU5/ip/Mercury_XU5_led_0/Mercury_XU5_led_0_board.xdc] for cell 'Mercury_XU5_i/led/U0'
Finished Parsing XDC File [/home/okazaki/projects/mpsoc-on-endcap-sl/Mercury_XU5_PE1_Reference_Design/reference_design/Vivado/ME-XU5-5EV-2I-D12E/Mercury_XU5_PE1.srcs/sources_1/bd/Mercury_XU5/ip/Mercury_XU5_led_0/Mercury_XU5_led_0_board.xdc] for cell 'Mercury_XU5_i/led/U0'
Parsing XDC File [/home/okazaki/projects/mpsoc-on-endcap-sl/Mercury_XU5_PE1_Reference_Design/reference_design/Vivado/ME-XU5-5EV-2I-D12E/Mercury_XU5_PE1.srcs/sources_1/bd/Mercury_XU5/ip/Mercury_XU5_led_0/Mercury_XU5_led_0.xdc] for cell 'Mercury_XU5_i/led/U0'
Finished Parsing XDC File [/home/okazaki/projects/mpsoc-on-endcap-sl/Mercury_XU5_PE1_Reference_Design/reference_design/Vivado/ME-XU5-5EV-2I-D12E/Mercury_XU5_PE1.srcs/sources_1/bd/Mercury_XU5/ip/Mercury_XU5_led_0/Mercury_XU5_led_0.xdc] for cell 'Mercury_XU5_i/led/U0'
Parsing XDC File [/home/okazaki/projects/mpsoc-on-endcap-sl/Mercury_XU5_PE1_Reference_Design/reference_design/Vivado/ME-XU5-5EV-2I-D12E/Mercury_XU5_PE1.srcs/sources_1/bd/Mercury_XU5/ip/Mercury_XU5_ddr4_0/bd_0/ip/ip_0/bd_8825_microblaze_I_0.xdc] for cell 'Mercury_XU5_i/ddr4/inst/u_ddr4_mem_intfc/u_ddr_cal_riu/mcs0/U0/microblaze_I/U0'
Finished Parsing XDC File [/home/okazaki/projects/mpsoc-on-endcap-sl/Mercury_XU5_PE1_Reference_Design/reference_design/Vivado/ME-XU5-5EV-2I-D12E/Mercury_XU5_PE1.srcs/sources_1/bd/Mercury_XU5/ip/Mercury_XU5_ddr4_0/bd_0/ip/ip_0/bd_8825_microblaze_I_0.xdc] for cell 'Mercury_XU5_i/ddr4/inst/u_ddr4_mem_intfc/u_ddr_cal_riu/mcs0/U0/microblaze_I/U0'
Parsing XDC File [/home/okazaki/projects/mpsoc-on-endcap-sl/Mercury_XU5_PE1_Reference_Design/reference_design/Vivado/ME-XU5-5EV-2I-D12E/Mercury_XU5_PE1.srcs/sources_1/bd/Mercury_XU5/ip/Mercury_XU5_ddr4_0/bd_0/ip/ip_1/bd_8825_rst_0_0_board.xdc] for cell 'Mercury_XU5_i/ddr4/inst/u_ddr4_mem_intfc/u_ddr_cal_riu/mcs0/U0/rst_0/U0'
Finished Parsing XDC File [/home/okazaki/projects/mpsoc-on-endcap-sl/Mercury_XU5_PE1_Reference_Design/reference_design/Vivado/ME-XU5-5EV-2I-D12E/Mercury_XU5_PE1.srcs/sources_1/bd/Mercury_XU5/ip/Mercury_XU5_ddr4_0/bd_0/ip/ip_1/bd_8825_rst_0_0_board.xdc] for cell 'Mercury_XU5_i/ddr4/inst/u_ddr4_mem_intfc/u_ddr_cal_riu/mcs0/U0/rst_0/U0'
Parsing XDC File [/home/okazaki/projects/mpsoc-on-endcap-sl/Mercury_XU5_PE1_Reference_Design/reference_design/Vivado/ME-XU5-5EV-2I-D12E/Mercury_XU5_PE1.srcs/sources_1/bd/Mercury_XU5/ip/Mercury_XU5_ddr4_0/bd_0/ip/ip_1/bd_8825_rst_0_0.xdc] for cell 'Mercury_XU5_i/ddr4/inst/u_ddr4_mem_intfc/u_ddr_cal_riu/mcs0/U0/rst_0/U0'
Finished Parsing XDC File [/home/okazaki/projects/mpsoc-on-endcap-sl/Mercury_XU5_PE1_Reference_Design/reference_design/Vivado/ME-XU5-5EV-2I-D12E/Mercury_XU5_PE1.srcs/sources_1/bd/Mercury_XU5/ip/Mercury_XU5_ddr4_0/bd_0/ip/ip_1/bd_8825_rst_0_0.xdc] for cell 'Mercury_XU5_i/ddr4/inst/u_ddr4_mem_intfc/u_ddr_cal_riu/mcs0/U0/rst_0/U0'
Parsing XDC File [/home/okazaki/projects/mpsoc-on-endcap-sl/Mercury_XU5_PE1_Reference_Design/reference_design/Vivado/ME-XU5-5EV-2I-D12E/Mercury_XU5_PE1.srcs/sources_1/bd/Mercury_XU5/ip/Mercury_XU5_ddr4_0/bd_0/ip/ip_2/bd_8825_ilmb_0.xdc] for cell 'Mercury_XU5_i/ddr4/inst/u_ddr4_mem_intfc/u_ddr_cal_riu/mcs0/U0/ilmb/U0'
Finished Parsing XDC File [/home/okazaki/projects/mpsoc-on-endcap-sl/Mercury_XU5_PE1_Reference_Design/reference_design/Vivado/ME-XU5-5EV-2I-D12E/Mercury_XU5_PE1.srcs/sources_1/bd/Mercury_XU5/ip/Mercury_XU5_ddr4_0/bd_0/ip/ip_2/bd_8825_ilmb_0.xdc] for cell 'Mercury_XU5_i/ddr4/inst/u_ddr4_mem_intfc/u_ddr_cal_riu/mcs0/U0/ilmb/U0'
Parsing XDC File [/home/okazaki/projects/mpsoc-on-endcap-sl/Mercury_XU5_PE1_Reference_Design/reference_design/Vivado/ME-XU5-5EV-2I-D12E/Mercury_XU5_PE1.srcs/sources_1/bd/Mercury_XU5/ip/Mercury_XU5_ddr4_0/bd_0/ip/ip_3/bd_8825_dlmb_0.xdc] for cell 'Mercury_XU5_i/ddr4/inst/u_ddr4_mem_intfc/u_ddr_cal_riu/mcs0/U0/dlmb/U0'
Finished Parsing XDC File [/home/okazaki/projects/mpsoc-on-endcap-sl/Mercury_XU5_PE1_Reference_Design/reference_design/Vivado/ME-XU5-5EV-2I-D12E/Mercury_XU5_PE1.srcs/sources_1/bd/Mercury_XU5/ip/Mercury_XU5_ddr4_0/bd_0/ip/ip_3/bd_8825_dlmb_0.xdc] for cell 'Mercury_XU5_i/ddr4/inst/u_ddr4_mem_intfc/u_ddr_cal_riu/mcs0/U0/dlmb/U0'
Parsing XDC File [/home/okazaki/projects/mpsoc-on-endcap-sl/Mercury_XU5_PE1_Reference_Design/reference_design/Vivado/ME-XU5-5EV-2I-D12E/Mercury_XU5_PE1.srcs/sources_1/bd/Mercury_XU5/ip/Mercury_XU5_ddr4_0/bd_0/ip/ip_10/bd_8825_iomodule_0_0_board.xdc] for cell 'Mercury_XU5_i/ddr4/inst/u_ddr4_mem_intfc/u_ddr_cal_riu/mcs0/U0/iomodule_0/U0'
Finished Parsing XDC File [/home/okazaki/projects/mpsoc-on-endcap-sl/Mercury_XU5_PE1_Reference_Design/reference_design/Vivado/ME-XU5-5EV-2I-D12E/Mercury_XU5_PE1.srcs/sources_1/bd/Mercury_XU5/ip/Mercury_XU5_ddr4_0/bd_0/ip/ip_10/bd_8825_iomodule_0_0_board.xdc] for cell 'Mercury_XU5_i/ddr4/inst/u_ddr4_mem_intfc/u_ddr_cal_riu/mcs0/U0/iomodule_0/U0'
Parsing XDC File [/home/okazaki/projects/mpsoc-on-endcap-sl/Mercury_XU5_PE1_Reference_Design/reference_design/Vivado/ME-XU5-5EV-2I-D12E/Mercury_XU5_PE1.srcs/sources_1/bd/Mercury_XU5/ip/Mercury_XU5_ddr4_0/ip_0/Mercury_XU5_ddr4_0_microblaze_mcs_board.xdc] for cell 'Mercury_XU5_i/ddr4/inst/u_ddr4_mem_intfc/u_ddr_cal_riu/mcs0/U0'
Finished Parsing XDC File [/home/okazaki/projects/mpsoc-on-endcap-sl/Mercury_XU5_PE1_Reference_Design/reference_design/Vivado/ME-XU5-5EV-2I-D12E/Mercury_XU5_PE1.srcs/sources_1/bd/Mercury_XU5/ip/Mercury_XU5_ddr4_0/ip_0/Mercury_XU5_ddr4_0_microblaze_mcs_board.xdc] for cell 'Mercury_XU5_i/ddr4/inst/u_ddr4_mem_intfc/u_ddr_cal_riu/mcs0/U0'
Parsing XDC File [/home/okazaki/projects/mpsoc-on-endcap-sl/Mercury_XU5_PE1_Reference_Design/reference_design/Vivado/ME-XU5-5EV-2I-D12E/Mercury_XU5_PE1.srcs/sources_1/bd/Mercury_XU5/ip/Mercury_XU5_ddr4_0/par/Mercury_XU5_ddr4_0.xdc] for cell 'Mercury_XU5_i/ddr4/inst'
Finished Parsing XDC File [/home/okazaki/projects/mpsoc-on-endcap-sl/Mercury_XU5_PE1_Reference_Design/reference_design/Vivado/ME-XU5-5EV-2I-D12E/Mercury_XU5_PE1.srcs/sources_1/bd/Mercury_XU5/ip/Mercury_XU5_ddr4_0/par/Mercury_XU5_ddr4_0.xdc] for cell 'Mercury_XU5_i/ddr4/inst'
Parsing XDC File [/home/okazaki/projects/mpsoc-on-endcap-sl/Mercury_XU5_PE1_Reference_Design/reference_design/Vivado/ME-XU5-5EV-2I-D12E/Mercury_XU5_PE1.srcs/sources_1/bd/Mercury_XU5/ip/Mercury_XU5_smartconnect_1_0/bd_0/ip/ip_1/bd_0b55_psr_aclk_0_board.xdc] for cell 'Mercury_XU5_i/smartconnect_1/inst/clk_map/psr_aclk/U0'
Finished Parsing XDC File [/home/okazaki/projects/mpsoc-on-endcap-sl/Mercury_XU5_PE1_Reference_Design/reference_design/Vivado/ME-XU5-5EV-2I-D12E/Mercury_XU5_PE1.srcs/sources_1/bd/Mercury_XU5/ip/Mercury_XU5_smartconnect_1_0/bd_0/ip/ip_1/bd_0b55_psr_aclk_0_board.xdc] for cell 'Mercury_XU5_i/smartconnect_1/inst/clk_map/psr_aclk/U0'
Parsing XDC File [/home/okazaki/projects/mpsoc-on-endcap-sl/Mercury_XU5_PE1_Reference_Design/reference_design/Vivado/ME-XU5-5EV-2I-D12E/Mercury_XU5_PE1.srcs/sources_1/bd/Mercury_XU5/ip/Mercury_XU5_smartconnect_1_0/bd_0/ip/ip_1/bd_0b55_psr_aclk_0.xdc] for cell 'Mercury_XU5_i/smartconnect_1/inst/clk_map/psr_aclk/U0'
Finished Parsing XDC File [/home/okazaki/projects/mpsoc-on-endcap-sl/Mercury_XU5_PE1_Reference_Design/reference_design/Vivado/ME-XU5-5EV-2I-D12E/Mercury_XU5_PE1.srcs/sources_1/bd/Mercury_XU5/ip/Mercury_XU5_smartconnect_1_0/bd_0/ip/ip_1/bd_0b55_psr_aclk_0.xdc] for cell 'Mercury_XU5_i/smartconnect_1/inst/clk_map/psr_aclk/U0'
Parsing XDC File [/home/okazaki/projects/mpsoc-on-endcap-sl/Mercury_XU5_PE1_Reference_Design/reference_design/Vivado/ME-XU5-5EV-2I-D12E/Mercury_XU5_PE1.srcs/sources_1/bd/Mercury_XU5/ip/Mercury_XU5_clk_wiz_0_0/Mercury_XU5_clk_wiz_0_0_board.xdc] for cell 'Mercury_XU5_i/clk_wiz_0/inst'
Finished Parsing XDC File [/home/okazaki/projects/mpsoc-on-endcap-sl/Mercury_XU5_PE1_Reference_Design/reference_design/Vivado/ME-XU5-5EV-2I-D12E/Mercury_XU5_PE1.srcs/sources_1/bd/Mercury_XU5/ip/Mercury_XU5_clk_wiz_0_0/Mercury_XU5_clk_wiz_0_0_board.xdc] for cell 'Mercury_XU5_i/clk_wiz_0/inst'
Parsing XDC File [/home/okazaki/projects/mpsoc-on-endcap-sl/Mercury_XU5_PE1_Reference_Design/reference_design/Vivado/ME-XU5-5EV-2I-D12E/Mercury_XU5_PE1.srcs/sources_1/bd/Mercury_XU5/ip/Mercury_XU5_clk_wiz_0_0/Mercury_XU5_clk_wiz_0_0.xdc] for cell 'Mercury_XU5_i/clk_wiz_0/inst'
Finished Parsing XDC File [/home/okazaki/projects/mpsoc-on-endcap-sl/Mercury_XU5_PE1_Reference_Design/reference_design/Vivado/ME-XU5-5EV-2I-D12E/Mercury_XU5_PE1.srcs/sources_1/bd/Mercury_XU5/ip/Mercury_XU5_clk_wiz_0_0/Mercury_XU5_clk_wiz_0_0.xdc] for cell 'Mercury_XU5_i/clk_wiz_0/inst'
Parsing XDC File [/home/okazaki/projects/mpsoc-on-endcap-sl/Mercury_XU5_PE1_Reference_Design/reference_design/Vivado/ME-XU5-5EV-2I-D12E/Mercury_XU5_PE1.srcs/sources_1/bd/Mercury_XU5/ip/Mercury_XU5_smartconnect_0_0/bd_0/ip/ip_1/bd_cb04_psr_aclk_0_board.xdc] for cell 'Mercury_XU5_i/smartconnect_0/inst/clk_map/psr_aclk/U0'
Finished Parsing XDC File [/home/okazaki/projects/mpsoc-on-endcap-sl/Mercury_XU5_PE1_Reference_Design/reference_design/Vivado/ME-XU5-5EV-2I-D12E/Mercury_XU5_PE1.srcs/sources_1/bd/Mercury_XU5/ip/Mercury_XU5_smartconnect_0_0/bd_0/ip/ip_1/bd_cb04_psr_aclk_0_board.xdc] for cell 'Mercury_XU5_i/smartconnect_0/inst/clk_map/psr_aclk/U0'
Parsing XDC File [/home/okazaki/projects/mpsoc-on-endcap-sl/Mercury_XU5_PE1_Reference_Design/reference_design/Vivado/ME-XU5-5EV-2I-D12E/Mercury_XU5_PE1.srcs/sources_1/bd/Mercury_XU5/ip/Mercury_XU5_smartconnect_0_0/bd_0/ip/ip_1/bd_cb04_psr_aclk_0.xdc] for cell 'Mercury_XU5_i/smartconnect_0/inst/clk_map/psr_aclk/U0'
Finished Parsing XDC File [/home/okazaki/projects/mpsoc-on-endcap-sl/Mercury_XU5_PE1_Reference_Design/reference_design/Vivado/ME-XU5-5EV-2I-D12E/Mercury_XU5_PE1.srcs/sources_1/bd/Mercury_XU5/ip/Mercury_XU5_smartconnect_0_0/bd_0/ip/ip_1/bd_cb04_psr_aclk_0.xdc] for cell 'Mercury_XU5_i/smartconnect_0/inst/clk_map/psr_aclk/U0'
Parsing XDC File [/home/okazaki/projects/mpsoc-on-endcap-sl/Mercury_XU5_PE1_Reference_Design/reference_design/Vivado/ME-XU5-5EV-2I-D12E/Mercury_XU5_PE1.srcs/sources_1/bd/Mercury_XU5/ip/Mercury_XU5_ps_sys_rst_0/Mercury_XU5_ps_sys_rst_0_board.xdc] for cell 'Mercury_XU5_i/ps_sys_rst/U0'
Finished Parsing XDC File [/home/okazaki/projects/mpsoc-on-endcap-sl/Mercury_XU5_PE1_Reference_Design/reference_design/Vivado/ME-XU5-5EV-2I-D12E/Mercury_XU5_PE1.srcs/sources_1/bd/Mercury_XU5/ip/Mercury_XU5_ps_sys_rst_0/Mercury_XU5_ps_sys_rst_0_board.xdc] for cell 'Mercury_XU5_i/ps_sys_rst/U0'
Parsing XDC File [/home/okazaki/projects/mpsoc-on-endcap-sl/Mercury_XU5_PE1_Reference_Design/reference_design/Vivado/ME-XU5-5EV-2I-D12E/Mercury_XU5_PE1.srcs/sources_1/bd/Mercury_XU5/ip/Mercury_XU5_ps_sys_rst_0/Mercury_XU5_ps_sys_rst_0.xdc] for cell 'Mercury_XU5_i/ps_sys_rst/U0'
Finished Parsing XDC File [/home/okazaki/projects/mpsoc-on-endcap-sl/Mercury_XU5_PE1_Reference_Design/reference_design/Vivado/ME-XU5-5EV-2I-D12E/Mercury_XU5_PE1.srcs/sources_1/bd/Mercury_XU5/ip/Mercury_XU5_ps_sys_rst_0/Mercury_XU5_ps_sys_rst_0.xdc] for cell 'Mercury_XU5_i/ps_sys_rst/U0'
Parsing XDC File [/home/okazaki/projects/mpsoc-on-endcap-sl/Mercury_XU5_PE1_Reference_Design/reference_design/Vivado/ME-XU5-5EV-2I-D12E/Mercury_XU5_PE1.srcs/sources_1/bd/Mercury_XU5/ip/Mercury_XU5_ddr4_sys_rst_0/Mercury_XU5_ddr4_sys_rst_0_board.xdc] for cell 'Mercury_XU5_i/ddr4_sys_rst/U0'
Finished Parsing XDC File [/home/okazaki/projects/mpsoc-on-endcap-sl/Mercury_XU5_PE1_Reference_Design/reference_design/Vivado/ME-XU5-5EV-2I-D12E/Mercury_XU5_PE1.srcs/sources_1/bd/Mercury_XU5/ip/Mercury_XU5_ddr4_sys_rst_0/Mercury_XU5_ddr4_sys_rst_0_board.xdc] for cell 'Mercury_XU5_i/ddr4_sys_rst/U0'
Parsing XDC File [/home/okazaki/projects/mpsoc-on-endcap-sl/Mercury_XU5_PE1_Reference_Design/reference_design/Vivado/ME-XU5-5EV-2I-D12E/Mercury_XU5_PE1.srcs/sources_1/bd/Mercury_XU5/ip/Mercury_XU5_ddr4_sys_rst_0/Mercury_XU5_ddr4_sys_rst_0.xdc] for cell 'Mercury_XU5_i/ddr4_sys_rst/U0'
Finished Parsing XDC File [/home/okazaki/projects/mpsoc-on-endcap-sl/Mercury_XU5_PE1_Reference_Design/reference_design/Vivado/ME-XU5-5EV-2I-D12E/Mercury_XU5_PE1.srcs/sources_1/bd/Mercury_XU5/ip/Mercury_XU5_ddr4_sys_rst_0/Mercury_XU5_ddr4_sys_rst_0.xdc] for cell 'Mercury_XU5_i/ddr4_sys_rst/U0'
Sourcing Tcl File [/home/okazaki/projects/mpsoc-on-endcap-sl/Mercury_XU5_PE1_Reference_Design/reference_design/src/Mercury_XU5_PE1.tcl]
WARNING: [Vivado 12-4702] SLEW is not a supported property on input port(s). Setting is ignored. [/home/okazaki/projects/mpsoc-on-endcap-sl/Mercury_XU5_PE1_Reference_Design/reference_design/src/Mercury_XU5_PE1.tcl:262]
WARNING: [Vivado 12-4702] SLEW is not a supported property on input port(s). Setting is ignored. [/home/okazaki/projects/mpsoc-on-endcap-sl/Mercury_XU5_PE1_Reference_Design/reference_design/src/Mercury_XU5_PE1.tcl:263]
WARNING: [Vivado 12-4702] SLEW is not a supported property on input port(s). Setting is ignored. [/home/okazaki/projects/mpsoc-on-endcap-sl/Mercury_XU5_PE1_Reference_Design/reference_design/src/Mercury_XU5_PE1.tcl:264]
WARNING: [Vivado 12-4702] SLEW is not a supported property on input port(s). Setting is ignored. [/home/okazaki/projects/mpsoc-on-endcap-sl/Mercury_XU5_PE1_Reference_Design/reference_design/src/Mercury_XU5_PE1.tcl:265]
WARNING: [Vivado 12-4702] SLEW is not a supported property on input port(s). Setting is ignored. [/home/okazaki/projects/mpsoc-on-endcap-sl/Mercury_XU5_PE1_Reference_Design/reference_design/src/Mercury_XU5_PE1.tcl:266]
WARNING: [Vivado 12-4702] SLEW is not a supported property on input port(s). Setting is ignored. [/home/okazaki/projects/mpsoc-on-endcap-sl/Mercury_XU5_PE1_Reference_Design/reference_design/src/Mercury_XU5_PE1.tcl:267]
Finished Sourcing Tcl File [/home/okazaki/projects/mpsoc-on-endcap-sl/Mercury_XU5_PE1_Reference_Design/reference_design/src/Mercury_XU5_PE1.tcl]
Parsing XDC File [/home/okazaki/projects/mpsoc-on-endcap-sl/Mercury_XU5_PE1_Reference_Design/reference_design/src/Mercury_XU5_gmii2rgmii_timing.xdc]
INFO: [Constraints 18-483] create_clock: no pin(s)/port(s)/net(s) specified as objects, only virtual clock 'RGMII_RX_CLK_VIRT' will be created. If you don't want this, please specify pin(s)/ports(s)/net(s) as objects to the command. [/home/okazaki/projects/mpsoc-on-endcap-sl/Mercury_XU5_PE1_Reference_Design/reference_design/src/Mercury_XU5_gmii2rgmii_timing.xdc:24]
INFO: [Timing 38-35] Done setting XDC timing constraints. [/home/okazaki/projects/mpsoc-on-endcap-sl/Mercury_XU5_PE1_Reference_Design/reference_design/src/Mercury_XU5_gmii2rgmii_timing.xdc:33]
INFO: [Timing 38-2] Deriving generated clocks [/home/okazaki/projects/mpsoc-on-endcap-sl/Mercury_XU5_PE1_Reference_Design/reference_design/src/Mercury_XU5_gmii2rgmii_timing.xdc:33]
get_clocks: Time (s): cpu = 00:00:13 ; elapsed = 00:00:13 . Memory (MB): peak = 3528.535 ; gain = 388.008 ; free physical = 15776 ; free virtual = 42206
Finished Parsing XDC File [/home/okazaki/projects/mpsoc-on-endcap-sl/Mercury_XU5_PE1_Reference_Design/reference_design/src/Mercury_XU5_gmii2rgmii_timing.xdc]
Parsing XDC File [/home/okazaki/projects/mpsoc-on-endcap-sl/Mercury_XU5_PE1_Reference_Design/reference_design/src/Mercury_XU5_LED_timing.xdc]
Finished Parsing XDC File [/home/okazaki/projects/mpsoc-on-endcap-sl/Mercury_XU5_PE1_Reference_Design/reference_design/src/Mercury_XU5_LED_timing.xdc]
Parsing XDC File [/home/okazaki/projects/mpsoc-on-endcap-sl/Mercury_XU5_PE1_Reference_Design/reference_design/Vivado/ME-XU5-5EV-2I-D12E/Mercury_XU5_PE1.srcs/sources_1/bd/Mercury_XU5/ip/Mercury_XU5_ddr4_0/Mercury_XU5_ddr4_0_board.xdc] for cell 'Mercury_XU5_i/ddr4/inst'
Finished Parsing XDC File [/home/okazaki/projects/mpsoc-on-endcap-sl/Mercury_XU5_PE1_Reference_Design/reference_design/Vivado/ME-XU5-5EV-2I-D12E/Mercury_XU5_PE1.srcs/sources_1/bd/Mercury_XU5/ip/Mercury_XU5_ddr4_0/Mercury_XU5_ddr4_0_board.xdc] for cell 'Mercury_XU5_i/ddr4/inst'
Sourcing Tcl File [/tools/Xilinx/Vivado/2020.1/data/ip/xpm/xpm_memory/tcl/xpm_memory_xdc.tcl] for cell 'Mercury_XU5_i/smartconnect_1/inst/s00_nodes/s00_aw_node/inst/inst_mi_handler/gen_normal_area.inst_fifo_node_payld/gen_xpm_memory_fifo.inst_fifo/gen_mem_rep[0].inst_xpm_memory'
Finished Sourcing Tcl File [/tools/Xilinx/Vivado/2020.1/data/ip/xpm/xpm_memory/tcl/xpm_memory_xdc.tcl] for cell 'Mercury_XU5_i/smartconnect_1/inst/s00_nodes/s00_aw_node/inst/inst_mi_handler/gen_normal_area.inst_fifo_node_payld/gen_xpm_memory_fifo.inst_fifo/gen_mem_rep[0].inst_xpm_memory'
Sourcing Tcl File [/tools/Xilinx/Vivado/2020.1/data/ip/xpm/xpm_memory/tcl/xpm_memory_xdc.tcl] for cell 'Mercury_XU5_i/smartconnect_1/inst/s00_nodes/s00_ar_node/inst/inst_mi_handler/gen_normal_area.inst_fifo_node_payld/gen_xpm_memory_fifo.inst_fifo/gen_mem_rep[0].inst_xpm_memory'
Finished Sourcing Tcl File [/tools/Xilinx/Vivado/2020.1/data/ip/xpm/xpm_memory/tcl/xpm_memory_xdc.tcl] for cell 'Mercury_XU5_i/smartconnect_1/inst/s00_nodes/s00_ar_node/inst/inst_mi_handler/gen_normal_area.inst_fifo_node_payld/gen_xpm_memory_fifo.inst_fifo/gen_mem_rep[0].inst_xpm_memory'
Sourcing Tcl File [/tools/Xilinx/Vivado/2020.1/data/ip/xpm/xpm_memory/tcl/xpm_memory_xdc.tcl] for cell 'Mercury_XU5_i/smartconnect_1/inst/s00_nodes/s00_b_node/inst/inst_mi_handler/gen_normal_area.inst_fifo_node_payld/gen_xpm_memory_fifo.inst_fifo/gen_mem_rep[0].inst_xpm_memory'
Finished Sourcing Tcl File [/tools/Xilinx/Vivado/2020.1/data/ip/xpm/xpm_memory/tcl/xpm_memory_xdc.tcl] for cell 'Mercury_XU5_i/smartconnect_1/inst/s00_nodes/s00_b_node/inst/inst_mi_handler/gen_normal_area.inst_fifo_node_payld/gen_xpm_memory_fifo.inst_fifo/gen_mem_rep[0].inst_xpm_memory'
Sourcing Tcl File [/tools/Xilinx/Vivado/2020.1/data/ip/xpm/xpm_memory/tcl/xpm_memory_xdc.tcl] for cell 'Mercury_XU5_i/smartconnect_1/inst/s00_nodes/s00_r_node/inst/inst_mi_handler/gen_normal_area.inst_fifo_node_payld/gen_xpm_memory_fifo.inst_fifo/gen_mem_rep[0].inst_xpm_memory'
Finished Sourcing Tcl File [/tools/Xilinx/Vivado/2020.1/data/ip/xpm/xpm_memory/tcl/xpm_memory_xdc.tcl] for cell 'Mercury_XU5_i/smartconnect_1/inst/s00_nodes/s00_r_node/inst/inst_mi_handler/gen_normal_area.inst_fifo_node_payld/gen_xpm_memory_fifo.inst_fifo/gen_mem_rep[0].inst_xpm_memory'
Sourcing Tcl File [/tools/Xilinx/Vivado/2020.1/data/ip/xpm/xpm_memory/tcl/xpm_memory_xdc.tcl] for cell 'Mercury_XU5_i/smartconnect_1/inst/s00_nodes/s00_w_node/inst/inst_mi_handler/gen_normal_area.inst_fifo_node_payld/gen_xpm_memory_fifo.inst_fifo/gen_mem_rep[0].inst_xpm_memory'
Finished Sourcing Tcl File [/tools/Xilinx/Vivado/2020.1/data/ip/xpm/xpm_memory/tcl/xpm_memory_xdc.tcl] for cell 'Mercury_XU5_i/smartconnect_1/inst/s00_nodes/s00_w_node/inst/inst_mi_handler/gen_normal_area.inst_fifo_node_payld/gen_xpm_memory_fifo.inst_fifo/gen_mem_rep[0].inst_xpm_memory'
INFO: [Opt 31-138] Pushed 0 inverter(s) to 0 load pin(s).
Generating merged BMM file for the design top 'Mercury_XU5_PE1'...
INFO: [Memdata 28-144] Successfully populated the BRAM INIT strings from the following elf files: /home/okazaki/projects/mpsoc-on-endcap-sl/Mercury_XU5_PE1_Reference_Design/reference_design/Vivado/ME-XU5-5EV-2I-D12E/Mercury_XU5_PE1.srcs/sources_1/bd/Mercury_XU5/ip/Mercury_XU5_ddr4_0/sw/calibration_0/Debug/calibration_ddr.elf 
Netlist sorting complete. Time (s): cpu = 00:00:00 ; elapsed = 00:00:00.01 . Memory (MB): peak = 3709.105 ; gain = 0.000 ; free physical = 15772 ; free virtual = 42203
INFO: [Project 1-111] Unisim Transformation Summary:
  A total of 218 instances were transformed.
  DSP48E1 => DSP48E2 (DSP_ALU, DSP_A_B_DATA, DSP_C_DATA, DSP_MULTIPLIER, DSP_M_DATA, DSP_OUTPUT, DSP_PREADD, DSP_PREADD_DATA): 3 instances
  IBUF => IBUF (IBUFCTRL, INBUF): 6 instances
  IBUFDS => IBUFDS (DIFFINBUF, IBUFCTRL): 1 instance 
  IOBUF => IOBUF (IBUFCTRL, INBUF, OBUFT): 1 instance 
  IOBUFDS => IOBUFDS (DIFFINBUF, IBUFCTRL, INV, OBUFT(x2)): 2 instances
  IOBUFE3 => IOBUFE3 (IBUFCTRL, INBUF, OBUFT_DCIEN): 18 instances
  LUT6_2 => LUT6_2 (LUT5, LUT6): 63 instances
  OBUFDS => OBUFDS_DUAL_BUF (INV, OBUF(x2)): 1 instance 
  RAM32M => RAM32M (RAMD32(x6), RAMS32(x2)): 68 instances
  RAM32M16 => RAM32M16 (RAMD32(x14), RAMS32(x2)): 53 instances
  RAM64M8 => RAM64M8 (RAMD64E(x8)): 2 instances

24 Infos, 6 Warnings, 0 Critical Warnings and 0 Errors encountered.
link_design completed successfully
link_design: Time (s): cpu = 00:00:59 ; elapsed = 00:01:23 . Memory (MB): peak = 3709.105 ; gain = 1551.496 ; free physical = 15772 ; free virtual = 42203
Command: opt_design
Attempting to get a license for feature 'Implementation' and/or device 'xczu5ev'
INFO: [Common 17-349] Got license for feature 'Implementation' and/or device 'xczu5ev'
Running DRC as a precondition to command opt_design

Starting DRC Task
INFO: [DRC 23-27] Running DRC with 8 threads
INFO: [Project 1-461] DRC finished with 0 Errors
INFO: [Project 1-462] Please refer to the DRC report (report_drc) for more information.

Time (s): cpu = 00:00:06 ; elapsed = 00:00:06 . Memory (MB): peak = 3709.105 ; gain = 0.000 ; free physical = 15767 ; free virtual = 42198

Starting Cache Timing Information Task
INFO: [Constraints 18-483] create_clock: no pin(s)/port(s)/net(s) specified as objects, only virtual clock 'RGMII_RX_CLK_VIRT' will be created. If you don't want this, please specify pin(s)/ports(s)/net(s) as objects to the command. [/home/okazaki/projects/mpsoc-on-endcap-sl/Mercury_XU5_PE1_Reference_Design/reference_design/src/Mercury_XU5_gmii2rgmii_timing.xdc:24]
INFO: [Timing 38-35] Done setting XDC timing constraints.
Ending Cache Timing Information Task | Checksum: 1583fb186

Time (s): cpu = 00:00:06 ; elapsed = 00:00:03 . Memory (MB): peak = 3709.105 ; gain = 0.000 ; free physical = 15737 ; free virtual = 42169

Starting Logic Optimization Task

Phase 1 Generate And Synthesize MIG Cores
INFO: [IP_Flow 19-5647] Added synthesis output to IP cache for IP Mercury_XU5_ddr4_0_phy, cache-ID = ecbd607af5cb8700
Netlist sorting complete. Time (s): cpu = 00:00:00.01 ; elapsed = 00:00:00.01 . Memory (MB): peak = 3869.672 ; gain = 0.000 ; free physical = 15527 ; free virtual = 41966
Phase 1 Generate And Synthesize MIG Cores | Checksum: 212884db7

Time (s): cpu = 00:01:33 ; elapsed = 00:01:56 . Memory (MB): peak = 3869.672 ; gain = 112.684 ; free physical = 15527 ; free virtual = 41966

Phase 2 Generate And Synthesize Debug Cores
INFO: [Chipscope 16-329] Generating Script for core instance : dbg_hub 
INFO: [IP_Flow 19-3806] Processing IP xilinx.com:ip:xsdbm:3.0 for cell dbg_hub_CV.
Netlist sorting complete. Time (s): cpu = 00:00:00.03 ; elapsed = 00:00:00.03 . Memory (MB): peak = 3869.672 ; gain = 0.000 ; free physical = 15496 ; free virtual = 41958
Phase 2 Generate And Synthesize Debug Cores | Checksum: 22dcebb20

Time (s): cpu = 00:03:32 ; elapsed = 00:05:02 . Memory (MB): peak = 3869.672 ; gain = 112.684 ; free physical = 15496 ; free virtual = 41958

Phase 3 Retarget
INFO: [Opt 31-138] Pushed 31 inverter(s) to 335 load pin(s).
INFO: [Opt 31-49] Retargeted 0 cell(s).
Phase 3 Retarget | Checksum: 18c754485

Time (s): cpu = 00:03:35 ; elapsed = 00:05:04 . Memory (MB): peak = 3869.672 ; gain = 112.684 ; free physical = 15519 ; free virtual = 41981
INFO: [Opt 31-389] Phase Retarget created 134 cells and removed 516 cells
INFO: [Opt 31-1021] In phase Retarget, 290 netlist objects are constrained preventing optimization. Please run opt_design with -debug_log to get more detail. 

Phase 4 Constant propagation
INFO: [Opt 31-138] Pushed 4 inverter(s) to 4 load pin(s).
Phase 4 Constant propagation | Checksum: 20df669b9

Time (s): cpu = 00:03:35 ; elapsed = 00:05:04 . Memory (MB): peak = 3869.672 ; gain = 112.684 ; free physical = 15519 ; free virtual = 41981
INFO: [Opt 31-389] Phase Constant propagation created 101 cells and removed 290 cells
INFO: [Opt 31-1021] In phase Constant propagation, 312 netlist objects are constrained preventing optimization. Please run opt_design with -debug_log to get more detail. 

Phase 5 Sweep
Phase 5 Sweep | Checksum: 21067fd50

Time (s): cpu = 00:03:39 ; elapsed = 00:05:08 . Memory (MB): peak = 3869.672 ; gain = 112.684 ; free physical = 15512 ; free virtual = 41975
INFO: [Opt 31-389] Phase Sweep created 2 cells and removed 1564 cells
INFO: [Opt 31-1021] In phase Sweep, 2268 netlist objects are constrained preventing optimization. Please run opt_design with -debug_log to get more detail. 

Phase 6 BUFG optimization
INFO: [Opt 31-1077] Phase BUFG optimization inserted 0 global clock buffer(s) for CLOCK_LOW_FANOUT.
INFO: [Opt 31-274] Optimized connectivity to 3 cascaded buffer cells
Phase 6 BUFG optimization | Checksum: 1d0a44d8e

Time (s): cpu = 00:03:40 ; elapsed = 00:05:09 . Memory (MB): peak = 3869.672 ; gain = 112.684 ; free physical = 15514 ; free virtual = 41977
INFO: [Opt 31-662] Phase BUFG optimization created 0 cells of which 0 are BUFGs and removed 1 cells.

Phase 7 Shift Register Optimization
INFO: [Opt 31-1064] SRL Remap converted 0 SRLs to 0 registers and converted 0 registers of register chains to 0 SRLs
Phase 7 Shift Register Optimization | Checksum: 1d0a44d8e

Time (s): cpu = 00:03:40 ; elapsed = 00:05:09 . Memory (MB): peak = 3869.672 ; gain = 112.684 ; free physical = 15514 ; free virtual = 41977
INFO: [Opt 31-389] Phase Shift Register Optimization created 0 cells and removed 0 cells

Phase 8 Post Processing Netlist
Phase 8 Post Processing Netlist | Checksum: 1efe89f10

Time (s): cpu = 00:03:41 ; elapsed = 00:05:10 . Memory (MB): peak = 3869.672 ; gain = 112.684 ; free physical = 15515 ; free virtual = 41977
INFO: [Opt 31-389] Phase Post Processing Netlist created 0 cells and removed 2 cells
INFO: [Opt 31-1021] In phase Post Processing Netlist, 396 netlist objects are constrained preventing optimization. Please run opt_design with -debug_log to get more detail. 
Opt_design Change Summary
=========================


-------------------------------------------------------------------------------------------------------------------------
|  Phase                        |  #Cells created  |  #Cells Removed  |  #Constrained objects preventing optimizations  |
-------------------------------------------------------------------------------------------------------------------------
|  Retarget                     |             134  |             516  |                                            290  |
|  Constant propagation         |             101  |             290  |                                            312  |
|  Sweep                        |               2  |            1564  |                                           2268  |
|  BUFG optimization            |               0  |               1  |                                              0  |
|  Shift Register Optimization  |               0  |               0  |                                              0  |
|  Post Processing Netlist      |               0  |               2  |                                            396  |
-------------------------------------------------------------------------------------------------------------------------



Starting Connectivity Check Task

Time (s): cpu = 00:00:00.06 ; elapsed = 00:00:00.06 . Memory (MB): peak = 3869.672 ; gain = 0.000 ; free physical = 15520 ; free virtual = 41982
Ending Logic Optimization Task | Checksum: f8c3cbcf

Time (s): cpu = 00:03:41 ; elapsed = 00:05:10 . Memory (MB): peak = 3869.672 ; gain = 112.684 ; free physical = 15520 ; free virtual = 41982

Starting Power Optimization Task
INFO: [Pwropt 34-132] Skipping clock gating for clocks with a period < 2.00 ns.
INFO: [Power 33-23] Power model is not available for xiphy_riu_or
INFO: [Power 33-23] Power model is not available for genVref.u_hpio_vref
INFO: [Pwropt 34-9] Applying IDT optimizations ...
INFO: [Pwropt 34-10] Applying ODC optimizations ...
INFO: [Constraints 18-483] create_clock: no pin(s)/port(s)/net(s) specified as objects, only virtual clock 'RGMII_RX_CLK_VIRT' will be created. If you don't want this, please specify pin(s)/ports(s)/net(s) as objects to the command. [/home/okazaki/projects/mpsoc-on-endcap-sl/Mercury_XU5_PE1_Reference_Design/reference_design/src/Mercury_XU5_gmii2rgmii_timing.xdc:24]
INFO: [Timing 38-35] Done setting XDC timing constraints.
Running Vector-less Activity Propagation...

Finished Running Vector-less Activity Propagation


Starting PowerOpt Patch Enables Task
INFO: [Pwropt 34-162] WRITE_MODE attribute of 0 BRAM(s) out of a total of 26 has been updated to save power. Run report_power_opt to get a complete listing of the BRAMs updated.
INFO: [Pwropt 34-201] Structural ODC has moved 0 WE to EN ports
Number of BRAM Ports augmented: 0 newly gated: 0 Total Ports: 52
Ending PowerOpt Patch Enables Task | Checksum: f8c3cbcf

Time (s): cpu = 00:00:00.23 ; elapsed = 00:00:00.26 . Memory (MB): peak = 4223.453 ; gain = 0.000 ; free physical = 15462 ; free virtual = 41924
Ending Power Optimization Task | Checksum: f8c3cbcf

Time (s): cpu = 00:00:17 ; elapsed = 00:00:09 . Memory (MB): peak = 4223.453 ; gain = 353.781 ; free physical = 15496 ; free virtual = 41958

Starting Final Cleanup Task
Ending Final Cleanup Task | Checksum: f8c3cbcf

Time (s): cpu = 00:00:00 ; elapsed = 00:00:00 . Memory (MB): peak = 4223.453 ; gain = 0.000 ; free physical = 15496 ; free virtual = 41958

Starting Netlist Obfuscation Task
Netlist sorting complete. Time (s): cpu = 00:00:00 ; elapsed = 00:00:00.01 . Memory (MB): peak = 4223.453 ; gain = 0.000 ; free physical = 15496 ; free virtual = 41958
Ending Netlist Obfuscation Task | Checksum: f8c3cbcf

Time (s): cpu = 00:00:00 ; elapsed = 00:00:00.01 . Memory (MB): peak = 4223.453 ; gain = 0.000 ; free physical = 15496 ; free virtual = 41958
INFO: [Common 17-83] Releasing license: Implementation
71 Infos, 20 Warnings, 0 Critical Warnings and 0 Errors encountered.
opt_design completed successfully
opt_design: Time (s): cpu = 00:04:12 ; elapsed = 00:05:30 . Memory (MB): peak = 4223.453 ; gain = 514.348 ; free physical = 15500 ; free virtual = 41962
INFO: [Constraints 18-483] create_clock: no pin(s)/port(s)/net(s) specified as objects, only virtual clock 'RGMII_RX_CLK_VIRT' will be created. If you don't want this, please specify pin(s)/ports(s)/net(s) as objects to the command. [/home/okazaki/projects/mpsoc-on-endcap-sl/Mercury_XU5_PE1_Reference_Design/reference_design/src/Mercury_XU5_gmii2rgmii_timing.xdc:24]
INFO: [Timing 38-35] Done setting XDC timing constraints.
INFO: [Timing 38-480] Writing timing data to binary archive.
Writing placer database...
Writing XDEF routing.
Writing XDEF routing logical nets.
Writing XDEF routing special nets.
Write XDEF Complete: Time (s): cpu = 00:00:00.40 ; elapsed = 00:00:00.10 . Memory (MB): peak = 4223.453 ; gain = 0.000 ; free physical = 15461 ; free virtual = 41932
INFO: [Common 17-1381] The checkpoint '/home/okazaki/projects/mpsoc-on-endcap-sl/Mercury_XU5_PE1_Reference_Design/reference_design/Vivado/ME-XU5-5EV-2I-D12E/Mercury_XU5_PE1.runs/impl_1/Mercury_XU5_PE1_opt.dcp' has been generated.
write_checkpoint: Time (s): cpu = 00:00:15 ; elapsed = 00:00:10 . Memory (MB): peak = 4223.453 ; gain = 0.000 ; free physical = 15469 ; free virtual = 41943
INFO: [runtcl-4] Executing : report_drc -file Mercury_XU5_PE1_drc_opted.rpt -pb Mercury_XU5_PE1_drc_opted.pb -rpx Mercury_XU5_PE1_drc_opted.rpx
Command: report_drc -file Mercury_XU5_PE1_drc_opted.rpt -pb Mercury_XU5_PE1_drc_opted.pb -rpx Mercury_XU5_PE1_drc_opted.rpx
INFO: [IP_Flow 19-1839] IP Catalog is up to date.
INFO: [DRC 23-27] Running DRC with 8 threads
INFO: [Coretcl 2-168] The results of DRC are in file /home/okazaki/projects/mpsoc-on-endcap-sl/Mercury_XU5_PE1_Reference_Design/reference_design/Vivado/ME-XU5-5EV-2I-D12E/Mercury_XU5_PE1.runs/impl_1/Mercury_XU5_PE1_drc_opted.rpt.
report_drc completed successfully
report_drc: Time (s): cpu = 00:00:10 ; elapsed = 00:00:08 . Memory (MB): peak = 4255.469 ; gain = 32.016 ; free physical = 15453 ; free virtual = 41927
INFO: [Chipscope 16-240] Debug cores have already been implemented
Command: place_design
Attempting to get a license for feature 'Implementation' and/or device 'xczu5ev'
INFO: [Common 17-349] Got license for feature 'Implementation' and/or device 'xczu5ev'
INFO: [DRC 23-27] Running DRC with 8 threads
INFO: [Vivado_Tcl 4-198] DRC finished with 0 Errors
INFO: [Vivado_Tcl 4-199] Please refer to the DRC report (report_drc) for more information.
Running DRC as a precondition to command place_design
INFO: [DRC 23-27] Running DRC with 8 threads
INFO: [Vivado_Tcl 4-198] DRC finished with 0 Errors
INFO: [Vivado_Tcl 4-199] Please refer to the DRC report (report_drc) for more information.

Starting Placer Task
INFO: [Place 30-611] Multithreading enabled for place_design using a maximum of 8 CPUs

Phase 1 Placer Initialization

Phase 1.1 Placer Initialization Netlist Sorting
Netlist sorting complete. Time (s): cpu = 00:00:00.01 ; elapsed = 00:00:00 . Memory (MB): peak = 4255.469 ; gain = 0.000 ; free physical = 15444 ; free virtual = 41918
Phase 1.1 Placer Initialization Netlist Sorting | Checksum: c0786e98

Time (s): cpu = 00:00:00.04 ; elapsed = 00:00:00.07 . Memory (MB): peak = 4255.469 ; gain = 0.000 ; free physical = 15445 ; free virtual = 41919
Netlist sorting complete. Time (s): cpu = 00:00:00.01 ; elapsed = 00:00:00.01 . Memory (MB): peak = 4255.469 ; gain = 0.000 ; free physical = 15445 ; free virtual = 41919

Phase 1.2 IO Placement/ Clock Placement/ Build Placer Device
Phase 1.2 IO Placement/ Clock Placement/ Build Placer Device | Checksum: 75aa13bf

Time (s): cpu = 00:00:20 ; elapsed = 00:00:19 . Memory (MB): peak = 4764.074 ; gain = 508.605 ; free physical = 15017 ; free virtual = 41492

Phase 1.3 Build Placer Netlist Model
Phase 1.3 Build Placer Netlist Model | Checksum: ee0ffed9

Time (s): cpu = 00:00:33 ; elapsed = 00:00:26 . Memory (MB): peak = 4796.090 ; gain = 540.621 ; free physical = 14963 ; free virtual = 41439

Phase 1.4 Constrain Clocks/Macros
Phase 1.4 Constrain Clocks/Macros | Checksum: ee0ffed9

Time (s): cpu = 00:00:33 ; elapsed = 00:00:26 . Memory (MB): peak = 4796.090 ; gain = 540.621 ; free physical = 14961 ; free virtual = 41436
Phase 1 Placer Initialization | Checksum: ee0ffed9

Time (s): cpu = 00:00:33 ; elapsed = 00:00:26 . Memory (MB): peak = 4796.090 ; gain = 540.621 ; free physical = 14964 ; free virtual = 41439

Phase 2 Global Placement

Phase 2.1 Floorplanning

Phase 2.1.1 Partition Driven Placement

Phase 2.1.1.1 PBP: Partition Driven Placement
Phase 2.1.1.1 PBP: Partition Driven Placement | Checksum: e8b4b76e

Time (s): cpu = 00:00:55 ; elapsed = 00:00:35 . Memory (MB): peak = 4796.090 ; gain = 540.621 ; free physical = 14925 ; free virtual = 41401

Phase 2.1.1.2 PBP: Clock Region Placement
Phase 2.1.1.2 PBP: Clock Region Placement | Checksum: 9693bcc3

Time (s): cpu = 00:00:56 ; elapsed = 00:00:35 . Memory (MB): peak = 4796.090 ; gain = 540.621 ; free physical = 14921 ; free virtual = 41397

Phase 2.1.1.3 PBP: Compute Congestion
Phase 2.1.1.3 PBP: Compute Congestion | Checksum: 9693bcc3

Time (s): cpu = 00:00:56 ; elapsed = 00:00:36 . Memory (MB): peak = 4796.090 ; gain = 540.621 ; free physical = 14915 ; free virtual = 41390

Phase 2.1.1.4 PBP: UpdateTiming
Phase 2.1.1.4 PBP: UpdateTiming | Checksum: e93ee879

Time (s): cpu = 00:00:58 ; elapsed = 00:00:36 . Memory (MB): peak = 4796.090 ; gain = 540.621 ; free physical = 14909 ; free virtual = 41384

Phase 2.1.1.5 PBP: Add part constraints
Phase 2.1.1.5 PBP: Add part constraints | Checksum: e93ee879

Time (s): cpu = 00:00:58 ; elapsed = 00:00:36 . Memory (MB): peak = 4796.090 ; gain = 540.621 ; free physical = 14909 ; free virtual = 41384
Phase 2.1.1 Partition Driven Placement | Checksum: e93ee879

Time (s): cpu = 00:00:58 ; elapsed = 00:00:36 . Memory (MB): peak = 4796.090 ; gain = 540.621 ; free physical = 14912 ; free virtual = 41388
Phase 2.1 Floorplanning | Checksum: e93ee879

Time (s): cpu = 00:00:58 ; elapsed = 00:00:36 . Memory (MB): peak = 4796.090 ; gain = 540.621 ; free physical = 14912 ; free virtual = 41388

Phase 2.2 Global Placement Core

Phase 2.2.1 Physical Synthesis In Placer
INFO: [Physopt 32-1035] Found 1 LUTNM shape to break, 1204 LUT instances to create LUTNM shape
INFO: [Physopt 32-1044] Break lutnm for timing: one critical 1, two critical 0, total 1, new lutff created 1
INFO: [Physopt 32-775] End 1 Pass. Optimized 510 nets or cells. Created 1 new cell, deleted 509 existing cells and moved 0 existing cell
INFO: [Physopt 32-65] No nets found for high-fanout optimization.
INFO: [Physopt 32-232] Optimized 0 net. Created 0 new instance.
INFO: [Physopt 32-775] End 1 Pass. Optimized 0 net or cell. Created 0 new cell, deleted 0 existing cell and moved 0 existing cell
INFO: [Physopt 32-456] No candidate cells for DSP register optimization found in the design.
INFO: [Physopt 32-775] End 2 Pass. Optimized 0 net or cell. Created 0 new cell, deleted 0 existing cell and moved 0 existing cell
INFO: [Physopt 32-1123] No candidate cells found for Shift Register to Pipeline optimization
INFO: [Physopt 32-775] End 1 Pass. Optimized 0 net or cell. Created 0 new cell, deleted 0 existing cell and moved 0 existing cell
INFO: [Physopt 32-677] No candidate cells for Shift Register optimization found in the design
INFO: [Physopt 32-775] End 1 Pass. Optimized 0 net or cell. Created 0 new cell, deleted 0 existing cell and moved 0 existing cell
INFO: [Physopt 32-526] No candidate cells for BRAM register optimization found in the design
INFO: [Physopt 32-775] End 1 Pass. Optimized 0 net or cell. Created 0 new cell, deleted 0 existing cell and moved 0 existing cell
INFO: [Physopt 32-846] No candidate cells for URAM register optimization found in the design
INFO: [Physopt 32-775] End 2 Pass. Optimized 0 net or cell. Created 0 new cell, deleted 0 existing cell and moved 0 existing cell
INFO: [Physopt 32-949] No candidate nets found for HD net replication
INFO: [Physopt 32-775] End 1 Pass. Optimized 0 net or cell. Created 0 new cell, deleted 0 existing cell and moved 0 existing cell
Netlist sorting complete. Time (s): cpu = 00:00:00.01 ; elapsed = 00:00:00.01 . Memory (MB): peak = 4796.090 ; gain = 0.000 ; free physical = 14866 ; free virtual = 41342

Summary of Physical Synthesis Optimizations
============================================


-----------------------------------------------------------------------------------------------------------------------------------------------------------
|  Optimization                                     |  Added Cells  |  Removed Cells  |  Optimized Cells/Nets  |  Dont Touch  |  Iterations  |  Elapsed   |
-----------------------------------------------------------------------------------------------------------------------------------------------------------
|  LUT Combining                                    |            1  |            509  |                   510  |           0  |           1  |  00:00:01  |
|  Very High Fanout                                 |            0  |              0  |                     0  |           0  |           1  |  00:00:00  |
|  DSP Register                                     |            0  |              0  |                     0  |           0  |           1  |  00:00:00  |
|  Shift Register to Pipeline                       |            0  |              0  |                     0  |           0  |           1  |  00:00:00  |
|  Shift Register                                   |            0  |              0  |                     0  |           0  |           1  |  00:00:00  |
|  BRAM Register                                    |            0  |              0  |                     0  |           0  |           1  |  00:00:00  |
|  URAM Register                                    |            0  |              0  |                     0  |           0  |           1  |  00:00:00  |
|  Dynamic/Static Region Interface Net Replication  |            0  |              0  |                     0  |           0  |           1  |  00:00:00  |
|  Total                                            |            1  |            509  |                   510  |           0  |           8  |  00:00:01  |
-----------------------------------------------------------------------------------------------------------------------------------------------------------


Phase 2.2.1 Physical Synthesis In Placer | Checksum: 26dc300bf

Time (s): cpu = 00:01:57 ; elapsed = 00:00:57 . Memory (MB): peak = 4796.090 ; gain = 540.621 ; free physical = 14867 ; free virtual = 41343
Phase 2.2 Global Placement Core | Checksum: 2175a1594

Time (s): cpu = 00:02:00 ; elapsed = 00:00:58 . Memory (MB): peak = 4796.090 ; gain = 540.621 ; free physical = 14862 ; free virtual = 41337
Phase 2 Global Placement | Checksum: 2175a1594

Time (s): cpu = 00:02:00 ; elapsed = 00:00:58 . Memory (MB): peak = 4796.090 ; gain = 540.621 ; free physical = 14871 ; free virtual = 41347

Phase 3 Detail Placement

Phase 3.1 Commit Multi Column Macros
Phase 3.1 Commit Multi Column Macros | Checksum: 208ba88eb

Time (s): cpu = 00:02:02 ; elapsed = 00:00:59 . Memory (MB): peak = 4796.090 ; gain = 540.621 ; free physical = 14892 ; free virtual = 41368

Phase 3.2 Commit Most Macros & LUTRAMs
Phase 3.2 Commit Most Macros & LUTRAMs | Checksum: 271eba519

Time (s): cpu = 00:02:06 ; elapsed = 00:01:01 . Memory (MB): peak = 4796.090 ; gain = 540.621 ; free physical = 14892 ; free virtual = 41368

Phase 3.3 Area Swap Optimization
Phase 3.3 Area Swap Optimization | Checksum: 2068ecbae

Time (s): cpu = 00:02:07 ; elapsed = 00:01:02 . Memory (MB): peak = 4796.090 ; gain = 540.621 ; free physical = 14895 ; free virtual = 41371

Phase 3.4 IO Cut Optimizer
Phase 3.4 IO Cut Optimizer | Checksum: 2068ecbae

Time (s): cpu = 00:02:07 ; elapsed = 00:01:02 . Memory (MB): peak = 4796.090 ; gain = 540.621 ; free physical = 14895 ; free virtual = 41370

Phase 3.5 Fast Optimization
Phase 3.5 Fast Optimization | Checksum: 1a0cde804

Time (s): cpu = 00:02:10 ; elapsed = 00:01:03 . Memory (MB): peak = 4796.090 ; gain = 540.621 ; free physical = 14894 ; free virtual = 41370

Phase 3.6 Small Shape DP

Phase 3.6.1 Small Shape Clustering
Phase 3.6.1 Small Shape Clustering | Checksum: 227d265bf

Time (s): cpu = 00:02:13 ; elapsed = 00:01:05 . Memory (MB): peak = 4796.090 ; gain = 540.621 ; free physical = 14886 ; free virtual = 41362

Phase 3.6.2 Flow Legalize Slice Clusters
Phase 3.6.2 Flow Legalize Slice Clusters | Checksum: 20acf13bd

Time (s): cpu = 00:02:14 ; elapsed = 00:01:05 . Memory (MB): peak = 4796.090 ; gain = 540.621 ; free physical = 14886 ; free virtual = 41362

Phase 3.6.3 Slice Area Swap
Phase 3.6.3 Slice Area Swap | Checksum: 1efa69c67

Time (s): cpu = 00:02:16 ; elapsed = 00:01:07 . Memory (MB): peak = 4796.090 ; gain = 540.621 ; free physical = 14873 ; free virtual = 41349
Phase 3.6 Small Shape DP | Checksum: 28140cb54

Time (s): cpu = 00:02:23 ; elapsed = 00:01:10 . Memory (MB): peak = 4796.090 ; gain = 540.621 ; free physical = 14881 ; free virtual = 41357

Phase 3.7 Re-assign LUT pins
Phase 3.7 Re-assign LUT pins | Checksum: 1c5193495

Time (s): cpu = 00:02:24 ; elapsed = 00:01:11 . Memory (MB): peak = 4796.090 ; gain = 540.621 ; free physical = 14885 ; free virtual = 41361

Phase 3.8 Pipeline Register Optimization
Phase 3.8 Pipeline Register Optimization | Checksum: 11215a9dd

Time (s): cpu = 00:02:25 ; elapsed = 00:01:11 . Memory (MB): peak = 4796.090 ; gain = 540.621 ; free physical = 14885 ; free virtual = 41361

Phase 3.9 Fast Optimization
Phase 3.9 Fast Optimization | Checksum: 1d97998a8

Time (s): cpu = 00:02:35 ; elapsed = 00:01:13 . Memory (MB): peak = 4796.090 ; gain = 540.621 ; free physical = 14874 ; free virtual = 41350
Phase 3 Detail Placement | Checksum: 1d97998a8

Time (s): cpu = 00:02:35 ; elapsed = 00:01:14 . Memory (MB): peak = 4796.090 ; gain = 540.621 ; free physical = 14874 ; free virtual = 41350

Phase 4 Post Placement Optimization and Clean-Up

Phase 4.1 Post Commit Optimization
INFO: [Constraints 18-483] create_clock: no pin(s)/port(s)/net(s) specified as objects, only virtual clock 'RGMII_RX_CLK_VIRT' will be created. If you don't want this, please specify pin(s)/ports(s)/net(s) as objects to the command. [/home/okazaki/projects/mpsoc-on-endcap-sl/Mercury_XU5_PE1_Reference_Design/reference_design/src/Mercury_XU5_gmii2rgmii_timing.xdc:24]
INFO: [Timing 38-35] Done setting XDC timing constraints.

Phase 4.1.1 Post Placement Optimization
Post Placement Optimization Initialization | Checksum: 107693e72

Phase 4.1.1.1 BUFG Insertion

Starting Physical Synthesis Task

Phase 1 Physical Synthesis Initialization
INFO: [Physopt 32-721] Multithreading enabled for phys_opt_design using a maximum of 8 CPUs
INFO: [Physopt 32-619] Estimated Timing Summary | WNS=0.358 | TNS=0.000 |
Phase 1 Physical Synthesis Initialization | Checksum: 12ac237fb

Time (s): cpu = 00:00:02 ; elapsed = 00:00:00.86 . Memory (MB): peak = 4796.090 ; gain = 0.000 ; free physical = 14875 ; free virtual = 41351
INFO: [Place 46-56] BUFG insertion identified 0 candidate nets. Inserted BUFG: 0, Replicated BUFG Driver: 0, Skipped due to Placement/Routing Conflicts: 0, Skipped due to Timing Degradation: 0, Skipped due to Illegal Netlist: 0.
Ending Physical Synthesis Task | Checksum: d4dba5c4

Time (s): cpu = 00:00:02 ; elapsed = 00:00:00.94 . Memory (MB): peak = 4796.090 ; gain = 0.000 ; free physical = 14875 ; free virtual = 41351
Phase 4.1.1.1 BUFG Insertion | Checksum: 107693e72

Time (s): cpu = 00:02:53 ; elapsed = 00:01:22 . Memory (MB): peak = 4796.090 ; gain = 540.621 ; free physical = 14876 ; free virtual = 41352
INFO: [Place 30-746] Post Placement Timing Summary WNS=0.358. For the most accurate timing information please run report_timing.
Phase 4.1.1 Post Placement Optimization | Checksum: b161272e

Time (s): cpu = 00:02:54 ; elapsed = 00:01:23 . Memory (MB): peak = 4796.090 ; gain = 540.621 ; free physical = 14876 ; free virtual = 41352
Phase 4.1 Post Commit Optimization | Checksum: b161272e

Time (s): cpu = 00:02:54 ; elapsed = 00:01:23 . Memory (MB): peak = 4796.090 ; gain = 540.621 ; free physical = 14876 ; free virtual = 41352

Phase 4.2 Post Placement Cleanup
Phase 4.2 Post Placement Cleanup | Checksum: b161272e

Time (s): cpu = 00:02:55 ; elapsed = 00:01:24 . Memory (MB): peak = 4796.090 ; gain = 540.621 ; free physical = 14876 ; free virtual = 41352
Netlist sorting complete. Time (s): cpu = 00:00:00.01 ; elapsed = 00:00:00.01 . Memory (MB): peak = 4796.090 ; gain = 0.000 ; free physical = 14846 ; free virtual = 41322

Phase 4.3 Placer Reporting
Phase 4.3 Placer Reporting | Checksum: 13b32c71f

Time (s): cpu = 00:02:58 ; elapsed = 00:01:27 . Memory (MB): peak = 4796.090 ; gain = 540.621 ; free physical = 14846 ; free virtual = 41322

Phase 4.4 Final Placement Cleanup
Netlist sorting complete. Time (s): cpu = 00:00:00 ; elapsed = 00:00:00.01 . Memory (MB): peak = 4796.090 ; gain = 0.000 ; free physical = 14846 ; free virtual = 41322
Phase 4.4 Final Placement Cleanup | Checksum: 1089683f1

Time (s): cpu = 00:02:58 ; elapsed = 00:01:27 . Memory (MB): peak = 4796.090 ; gain = 540.621 ; free physical = 14846 ; free virtual = 41322
Phase 4 Post Placement Optimization and Clean-Up | Checksum: 1089683f1

Time (s): cpu = 00:02:59 ; elapsed = 00:01:28 . Memory (MB): peak = 4796.090 ; gain = 540.621 ; free physical = 14847 ; free virtual = 41323
Ending Placer Task | Checksum: f3c5a550

Time (s): cpu = 00:02:59 ; elapsed = 00:01:28 . Memory (MB): peak = 4796.090 ; gain = 540.621 ; free physical = 14847 ; free virtual = 41323
INFO: [Common 17-83] Releasing license: Implementation
113 Infos, 20 Warnings, 0 Critical Warnings and 0 Errors encountered.
place_design completed successfully
place_design: Time (s): cpu = 00:03:08 ; elapsed = 00:01:35 . Memory (MB): peak = 4796.090 ; gain = 540.621 ; free physical = 14905 ; free virtual = 41380
INFO: [Timing 38-480] Writing timing data to binary archive.
Writing placer database...
Writing XDEF routing.
Writing XDEF routing logical nets.
Writing XDEF routing special nets.
Write XDEF Complete: Time (s): cpu = 00:00:04 ; elapsed = 00:00:01 . Memory (MB): peak = 4796.090 ; gain = 0.000 ; free physical = 14847 ; free virtual = 41363
INFO: [Common 17-1381] The checkpoint '/home/okazaki/projects/mpsoc-on-endcap-sl/Mercury_XU5_PE1_Reference_Design/reference_design/Vivado/ME-XU5-5EV-2I-D12E/Mercury_XU5_PE1.runs/impl_1/Mercury_XU5_PE1_placed.dcp' has been generated.
write_checkpoint: Time (s): cpu = 00:00:11 ; elapsed = 00:00:07 . Memory (MB): peak = 4796.090 ; gain = 0.000 ; free physical = 14908 ; free virtual = 41398
INFO: [runtcl-4] Executing : report_io -file Mercury_XU5_PE1_io_placed.rpt
report_io: Time (s): cpu = 00:00:00.23 ; elapsed = 00:00:00.38 . Memory (MB): peak = 4796.090 ; gain = 0.000 ; free physical = 14891 ; free virtual = 41380
INFO: [runtcl-4] Executing : report_utilization -file Mercury_XU5_PE1_utilization_placed.rpt -pb Mercury_XU5_PE1_utilization_placed.pb
INFO: [runtcl-4] Executing : report_control_sets -verbose -file Mercury_XU5_PE1_control_sets_placed.rpt
report_control_sets: Time (s): cpu = 00:00:00.15 ; elapsed = 00:00:00.31 . Memory (MB): peak = 4796.090 ; gain = 0.000 ; free physical = 14906 ; free virtual = 41395
Command: phys_opt_design
Attempting to get a license for feature 'Implementation' and/or device 'xczu5ev'
INFO: [Common 17-349] Got license for feature 'Implementation' and/or device 'xczu5ev'
INFO: [Vivado_Tcl 4-383] Design worst setup slack (WNS) is greater than or equal to 0.000 ns. Skipping all physical synthesis optimizations.
INFO: [Vivado_Tcl 4-232] No setup violation found. The netlist was not modified.
INFO: [Common 17-83] Releasing license: Implementation
122 Infos, 20 Warnings, 0 Critical Warnings and 0 Errors encountered.
phys_opt_design completed successfully
INFO: [Timing 38-480] Writing timing data to binary archive.
Writing placer database...
Writing XDEF routing.
Writing XDEF routing logical nets.
Writing XDEF routing special nets.
Write XDEF Complete: Time (s): cpu = 00:00:04 ; elapsed = 00:00:01 . Memory (MB): peak = 4796.090 ; gain = 0.000 ; free physical = 14810 ; free virtual = 41339
INFO: [Common 17-1381] The checkpoint '/home/okazaki/projects/mpsoc-on-endcap-sl/Mercury_XU5_PE1_Reference_Design/reference_design/Vivado/ME-XU5-5EV-2I-D12E/Mercury_XU5_PE1.runs/impl_1/Mercury_XU5_PE1_physopt.dcp' has been generated.
write_checkpoint: Time (s): cpu = 00:00:11 ; elapsed = 00:00:07 . Memory (MB): peak = 4796.090 ; gain = 0.000 ; free physical = 14848 ; free virtual = 41351
Command: route_design
Attempting to get a license for feature 'Implementation' and/or device 'xczu5ev'
INFO: [Common 17-349] Got license for feature 'Implementation' and/or device 'xczu5ev'
Running DRC as a precondition to command route_design
INFO: [DRC 23-27] Running DRC with 8 threads
INFO: [Vivado_Tcl 4-198] DRC finished with 0 Errors
INFO: [Vivado_Tcl 4-199] Please refer to the DRC report (report_drc) for more information.


Starting Routing Task
INFO: [Route 35-254] Multithreading enabled for route_design using a maximum of 8 CPUs
Checksum: PlaceDB: 14f263ae ConstDB: 0 ShapeSum: 5501a1b1 RouteDB: 89d19ff1

Phase 1 Build RT Design
Nodegraph reading from file.  Time (s): cpu = 00:00:03 ; elapsed = 00:00:00.78 . Memory (MB): peak = 4812.098 ; gain = 16.008 ; free physical = 14708 ; free virtual = 41215
Phase 1 Build RT Design | Checksum: 6bacc418

Time (s): cpu = 00:00:11 ; elapsed = 00:00:04 . Memory (MB): peak = 4812.098 ; gain = 16.008 ; free physical = 14692 ; free virtual = 41199
Post Restoration Checksum: NetGraph: c557bd4f NumContArr: 38f3125a Constraints: bca08799 Timing: 0

Phase 2 Router Initialization

Phase 2.1 Create Timer
Phase 2.1 Create Timer | Checksum: 1baeb5742

Time (s): cpu = 00:00:12 ; elapsed = 00:00:04 . Memory (MB): peak = 4812.098 ; gain = 16.008 ; free physical = 14695 ; free virtual = 41202

Phase 2.2 Fix Topology Constraints
Phase 2.2 Fix Topology Constraints | Checksum: 1baeb5742

Time (s): cpu = 00:00:12 ; elapsed = 00:00:04 . Memory (MB): peak = 4812.098 ; gain = 16.008 ; free physical = 14644 ; free virtual = 41150

Phase 2.3 Pre Route Cleanup
Phase 2.3 Pre Route Cleanup | Checksum: 1baeb5742

Time (s): cpu = 00:00:12 ; elapsed = 00:00:04 . Memory (MB): peak = 4812.098 ; gain = 16.008 ; free physical = 14644 ; free virtual = 41150

Phase 2.4 Global Clock Net Routing
 Number of Nodes with overlaps = 0
Phase 2.4 Global Clock Net Routing | Checksum: 20837b589

Time (s): cpu = 00:00:14 ; elapsed = 00:00:06 . Memory (MB): peak = 4812.098 ; gain = 16.008 ; free physical = 14627 ; free virtual = 41133

Phase 2.5 Update Timing
Phase 2.5 Update Timing | Checksum: 2dabc47bb

Time (s): cpu = 00:00:29 ; elapsed = 00:00:12 . Memory (MB): peak = 4812.098 ; gain = 16.008 ; free physical = 14628 ; free virtual = 41135
INFO: [Route 35-416] Intermediate Timing Summary | WNS=0.389  | TNS=0.000  | WHS=-2.031 | THS=-25.066|


Phase 2.6 Update Timing for Bus Skew

Phase 2.6.1 Update Timing
Phase 2.6.1 Update Timing | Checksum: 261896358

Time (s): cpu = 00:00:49 ; elapsed = 00:00:17 . Memory (MB): peak = 4812.098 ; gain = 16.008 ; free physical = 14624 ; free virtual = 41130
INFO: [Route 35-416] Intermediate Timing Summary | WNS=0.389  | TNS=0.000  | WHS=N/A    | THS=N/A    |

Phase 2.6 Update Timing for Bus Skew | Checksum: 25cb734d3

Time (s): cpu = 00:00:49 ; elapsed = 00:00:18 . Memory (MB): peak = 4812.098 ; gain = 16.008 ; free physical = 14620 ; free virtual = 41130
Phase 2 Router Initialization | Checksum: 237e73db9

Time (s): cpu = 00:00:49 ; elapsed = 00:00:18 . Memory (MB): peak = 4812.098 ; gain = 16.008 ; free physical = 14620 ; free virtual = 41130

Router Utilization Summary
  Global Vertical Routing Utilization    = 0.000274382 %
  Global Horizontal Routing Utilization  = 0.00084957 %
  Routable Net Status*
  *Does not include unroutable nets such as driverless and loadless.
  Run report_route_status for detailed report.
  Number of Failed Nets               = 27603
    (Failed Nets is the sum of unrouted and partially routed nets)
  Number of Unrouted Nets             = 23738
  Number of Partially Routed Nets     = 3865
  Number of Node Overlaps             = 0


Phase 3 Initial Routing
Phase 3 Initial Routing | Checksum: 2272c174a

Time (s): cpu = 00:01:08 ; elapsed = 00:00:24 . Memory (MB): peak = 4812.098 ; gain = 16.008 ; free physical = 14603 ; free virtual = 41113

Phase 4 Rip-up And Reroute

Phase 4.1 Global Iteration 0
 Number of Nodes with overlaps = 3915
 Number of Nodes with overlaps = 354
 Number of Nodes with overlaps = 35
 Number of Nodes with overlaps = 7
 Number of Nodes with overlaps = 0
INFO: [Route 35-416] Intermediate Timing Summary | WNS=0.392  | TNS=0.000  | WHS=-0.050 | THS=-0.535 |

Phase 4.1 Global Iteration 0 | Checksum: 14bcc215f

Time (s): cpu = 00:02:24 ; elapsed = 00:00:50 . Memory (MB): peak = 4812.098 ; gain = 16.008 ; free physical = 14618 ; free virtual = 41128

Phase 4.2 Global Iteration 1
 Number of Nodes with overlaps = 0
INFO: [Route 35-416] Intermediate Timing Summary | WNS=0.392  | TNS=0.000  | WHS=N/A    | THS=N/A    |

Phase 4.2 Global Iteration 1 | Checksum: 231263895

Time (s): cpu = 00:02:29 ; elapsed = 00:00:53 . Memory (MB): peak = 4812.098 ; gain = 16.008 ; free physical = 14581 ; free virtual = 41103
Phase 4 Rip-up And Reroute | Checksum: 231263895

Time (s): cpu = 00:02:29 ; elapsed = 00:00:53 . Memory (MB): peak = 4812.098 ; gain = 16.008 ; free physical = 14580 ; free virtual = 41102

Phase 5 Delay and Skew Optimization

Phase 5.1 Delay CleanUp

Phase 5.1.1 Update Timing
Phase 5.1.1 Update Timing | Checksum: 1aaa3f1e8

Time (s): cpu = 00:02:38 ; elapsed = 00:00:55 . Memory (MB): peak = 4812.098 ; gain = 16.008 ; free physical = 14621 ; free virtual = 41131
INFO: [Route 35-416] Intermediate Timing Summary | WNS=0.392  | TNS=0.000  | WHS=0.010  | THS=0.000  |

Phase 5.1 Delay CleanUp | Checksum: 1efb90fc6

Time (s): cpu = 00:02:38 ; elapsed = 00:00:56 . Memory (MB): peak = 4812.098 ; gain = 16.008 ; free physical = 14621 ; free virtual = 41131

Phase 5.2 Clock Skew Optimization
Phase 5.2 Clock Skew Optimization | Checksum: 1efb90fc6

Time (s): cpu = 00:02:38 ; elapsed = 00:00:56 . Memory (MB): peak = 4812.098 ; gain = 16.008 ; free physical = 14621 ; free virtual = 41131
Phase 5 Delay and Skew Optimization | Checksum: 1efb90fc6

Time (s): cpu = 00:02:38 ; elapsed = 00:00:56 . Memory (MB): peak = 4812.098 ; gain = 16.008 ; free physical = 14621 ; free virtual = 41131

Phase 6 Post Hold Fix

Phase 6.1 Hold Fix Iter

Phase 6.1.1 Update Timing
Phase 6.1.1 Update Timing | Checksum: 240aa0153

Time (s): cpu = 00:02:43 ; elapsed = 00:00:58 . Memory (MB): peak = 4812.098 ; gain = 16.008 ; free physical = 14617 ; free virtual = 41127
INFO: [Route 35-416] Intermediate Timing Summary | WNS=0.392  | TNS=0.000  | WHS=0.010  | THS=0.000  |

Phase 6.1 Hold Fix Iter | Checksum: 203b795cc

Time (s): cpu = 00:02:44 ; elapsed = 00:00:58 . Memory (MB): peak = 4812.098 ; gain = 16.008 ; free physical = 14617 ; free virtual = 41127
Phase 6 Post Hold Fix | Checksum: 203b795cc

Time (s): cpu = 00:02:44 ; elapsed = 00:00:58 . Memory (MB): peak = 4812.098 ; gain = 16.008 ; free physical = 14617 ; free virtual = 41127

Phase 7 Route finalize

Router Utilization Summary
  Global Vertical Routing Utilization    = 1.99322 %
  Global Horizontal Routing Utilization  = 2.72188 %
  Routable Net Status*
  *Does not include unroutable nets such as driverless and loadless.
  Run report_route_status for detailed report.
  Number of Failed Nets               = 0
    (Failed Nets is the sum of unrouted and partially routed nets)
  Number of Unrouted Nets             = 0
  Number of Partially Routed Nets     = 0
  Number of Node Overlaps             = 0

Phase 7 Route finalize | Checksum: 1bd97235c

Time (s): cpu = 00:02:44 ; elapsed = 00:00:58 . Memory (MB): peak = 4812.098 ; gain = 16.008 ; free physical = 14615 ; free virtual = 41125

Phase 8 Verifying routed nets

 Verification completed successfully
Phase 8 Verifying routed nets | Checksum: 1bd97235c

Time (s): cpu = 00:02:44 ; elapsed = 00:00:58 . Memory (MB): peak = 4812.098 ; gain = 16.008 ; free physical = 14613 ; free virtual = 41124

Phase 9 Depositing Routes
Phase 9 Depositing Routes | Checksum: 1bd97235c

Time (s): cpu = 00:02:46 ; elapsed = 00:01:00 . Memory (MB): peak = 4812.098 ; gain = 16.008 ; free physical = 14613 ; free virtual = 41123

Phase 10 Post Router Timing
INFO: [Route 35-57] Estimated Timing Summary | WNS=0.392  | TNS=0.000  | WHS=0.010  | THS=0.000  |

INFO: [Route 35-327] The final timing numbers are based on the router estimated timing analysis. For a complete and accurate timing signoff, please run report_timing_summary.
Phase 10 Post Router Timing | Checksum: 1bd97235c

Time (s): cpu = 00:02:46 ; elapsed = 00:01:00 . Memory (MB): peak = 4812.098 ; gain = 16.008 ; free physical = 14615 ; free virtual = 41125
INFO: [Route 35-16] Router Completed Successfully

Time (s): cpu = 00:02:46 ; elapsed = 00:01:00 . Memory (MB): peak = 4812.098 ; gain = 16.008 ; free physical = 14685 ; free virtual = 41195

Routing Is Done.
INFO: [Common 17-83] Releasing license: Implementation
139 Infos, 20 Warnings, 0 Critical Warnings and 0 Errors encountered.
route_design completed successfully
route_design: Time (s): cpu = 00:02:56 ; elapsed = 00:01:07 . Memory (MB): peak = 4812.098 ; gain = 16.008 ; free physical = 14685 ; free virtual = 41195
INFO: [Timing 38-480] Writing timing data to binary archive.
Writing placer database...
Writing XDEF routing.
Writing XDEF routing logical nets.
Writing XDEF routing special nets.
Write XDEF Complete: Time (s): cpu = 00:00:04 ; elapsed = 00:00:01 . Memory (MB): peak = 4812.098 ; gain = 0.000 ; free physical = 14614 ; free virtual = 41174
INFO: [Common 17-1381] The checkpoint '/home/okazaki/projects/mpsoc-on-endcap-sl/Mercury_XU5_PE1_Reference_Design/reference_design/Vivado/ME-XU5-5EV-2I-D12E/Mercury_XU5_PE1.runs/impl_1/Mercury_XU5_PE1_routed.dcp' has been generated.
write_checkpoint: Time (s): cpu = 00:00:11 ; elapsed = 00:00:07 . Memory (MB): peak = 4812.098 ; gain = 0.000 ; free physical = 14667 ; free virtual = 41193
INFO: [runtcl-4] Executing : report_drc -file Mercury_XU5_PE1_drc_routed.rpt -pb Mercury_XU5_PE1_drc_routed.pb -rpx Mercury_XU5_PE1_drc_routed.rpx
Command: report_drc -file Mercury_XU5_PE1_drc_routed.rpt -pb Mercury_XU5_PE1_drc_routed.pb -rpx Mercury_XU5_PE1_drc_routed.rpx
INFO: [IP_Flow 19-1839] IP Catalog is up to date.
INFO: [DRC 23-27] Running DRC with 8 threads
INFO: [Coretcl 2-168] The results of DRC are in file /home/okazaki/projects/mpsoc-on-endcap-sl/Mercury_XU5_PE1_Reference_Design/reference_design/Vivado/ME-XU5-5EV-2I-D12E/Mercury_XU5_PE1.runs/impl_1/Mercury_XU5_PE1_drc_routed.rpt.
report_drc completed successfully
report_drc: Time (s): cpu = 00:00:14 ; elapsed = 00:00:08 . Memory (MB): peak = 4852.117 ; gain = 40.020 ; free physical = 14652 ; free virtual = 41178
INFO: [runtcl-4] Executing : report_methodology -file Mercury_XU5_PE1_methodology_drc_routed.rpt -pb Mercury_XU5_PE1_methodology_drc_routed.pb -rpx Mercury_XU5_PE1_methodology_drc_routed.rpx
Command: report_methodology -file Mercury_XU5_PE1_methodology_drc_routed.rpt -pb Mercury_XU5_PE1_methodology_drc_routed.pb -rpx Mercury_XU5_PE1_methodology_drc_routed.rpx
INFO: [Constraints 18-483] create_clock: no pin(s)/port(s)/net(s) specified as objects, only virtual clock 'RGMII_RX_CLK_VIRT' will be created. If you don't want this, please specify pin(s)/ports(s)/net(s) as objects to the command. [/home/okazaki/projects/mpsoc-on-endcap-sl/Mercury_XU5_PE1_Reference_Design/reference_design/src/Mercury_XU5_gmii2rgmii_timing.xdc:24]
INFO: [Timing 38-35] Done setting XDC timing constraints.
INFO: [DRC 23-133] Running Methodology with 8 threads
INFO: [Coretcl 2-1520] The results of Report Methodology are in file /home/okazaki/projects/mpsoc-on-endcap-sl/Mercury_XU5_PE1_Reference_Design/reference_design/Vivado/ME-XU5-5EV-2I-D12E/Mercury_XU5_PE1.runs/impl_1/Mercury_XU5_PE1_methodology_drc_routed.rpt.
report_methodology completed successfully
report_methodology: Time (s): cpu = 00:00:31 ; elapsed = 00:00:13 . Memory (MB): peak = 4852.496 ; gain = 0.379 ; free physical = 14643 ; free virtual = 41169
INFO: [runtcl-4] Executing : report_power -file Mercury_XU5_PE1_power_routed.rpt -pb Mercury_XU5_PE1_power_summary_routed.pb -rpx Mercury_XU5_PE1_power_routed.rpx
Command: report_power -file Mercury_XU5_PE1_power_routed.rpt -pb Mercury_XU5_PE1_power_summary_routed.pb -rpx Mercury_XU5_PE1_power_routed.rpx
INFO: [Constraints 18-483] create_clock: no pin(s)/port(s)/net(s) specified as objects, only virtual clock 'RGMII_RX_CLK_VIRT' will be created. If you don't want this, please specify pin(s)/ports(s)/net(s) as objects to the command. [/home/okazaki/projects/mpsoc-on-endcap-sl/Mercury_XU5_PE1_Reference_Design/reference_design/src/Mercury_XU5_gmii2rgmii_timing.xdc:24]
INFO: [Timing 38-35] Done setting XDC timing constraints.
Running Vector-less Activity Propagation...

Finished Running Vector-less Activity Propagation
WARNING: [Power 33-332] Found switching activity that implies high-fanout reset nets being asserted for excessive periods of time which may result in inaccurate power analysis.
Resolution: To review and fix problems, please run Power Constraints Advisor in the GUI from Tools > Power Constraints Advisor or run report_power with the -advisory option to generate a text report.
153 Infos, 21 Warnings, 0 Critical Warnings and 0 Errors encountered.
report_power completed successfully
report_power: Time (s): cpu = 00:00:25 ; elapsed = 00:00:13 . Memory (MB): peak = 4884.516 ; gain = 32.020 ; free physical = 14563 ; free virtual = 41101
INFO: [runtcl-4] Executing : report_route_status -file Mercury_XU5_PE1_route_status.rpt -pb Mercury_XU5_PE1_route_status.pb
INFO: [runtcl-4] Executing : report_timing_summary -max_paths 10 -file Mercury_XU5_PE1_timing_summary_routed.rpt -pb Mercury_XU5_PE1_timing_summary_routed.pb -rpx Mercury_XU5_PE1_timing_summary_routed.rpx -warn_on_violation 
INFO: [Timing 38-91] UpdateTimingParams: Speed grade: -2, Temperature grade: I, Delay Type: min_max.
INFO: [Timing 38-191] Multithreading enabled for timing update using a maximum of 8 CPUs
WARNING: [Timing 38-436] There are set_bus_skew constraint(s) in this design. Please run report_bus_skew to ensure that bus skew requirements are met.
INFO: [runtcl-4] Executing : report_incremental_reuse -file Mercury_XU5_PE1_incremental_reuse_routed.rpt
INFO: [Vivado_Tcl 4-1062] Incremental flow is disabled. No incremental reuse Info to report.
INFO: [runtcl-4] Executing : report_clock_utilization -file Mercury_XU5_PE1_clock_utilization_routed.rpt
INFO: [runtcl-4] Executing : report_bus_skew -warn_on_violation -file Mercury_XU5_PE1_bus_skew_routed.rpt -pb Mercury_XU5_PE1_bus_skew_routed.pb -rpx Mercury_XU5_PE1_bus_skew_routed.rpx
INFO: [Timing 38-91] UpdateTimingParams: Speed grade: -2, Temperature grade: I, Delay Type: min_max.
INFO: [Timing 38-191] Multithreading enabled for timing update using a maximum of 8 CPUs
INFO: [Memdata 28-167] Found XPM memory block Mercury_XU5_i/smartconnect_1/inst/s00_nodes/s00_w_node/inst/inst_mi_handler/gen_normal_area.inst_fifo_node_payld/gen_xpm_memory_fifo.inst_fifo/gen_mem_rep[0].inst_xpm_memory/xpm_memory_base_inst with a P_MEMORY_PRIMITIVE property set to distributed. A value of block is required. You will not be able to use the updatemem program to update the bitstream with new data for the Mercury_XU5_i/smartconnect_1/inst/s00_nodes/s00_w_node/inst/inst_mi_handler/gen_normal_area.inst_fifo_node_payld/gen_xpm_memory_fifo.inst_fifo/gen_mem_rep[0].inst_xpm_memory/xpm_memory_base_inst block.
INFO: [Memdata 28-167] Found XPM memory block Mercury_XU5_i/smartconnect_1/inst/s00_nodes/s00_r_node/inst/inst_mi_handler/gen_normal_area.inst_fifo_node_payld/gen_xpm_memory_fifo.inst_fifo/gen_mem_rep[0].inst_xpm_memory/xpm_memory_base_inst with a P_MEMORY_PRIMITIVE property set to distributed. A value of block is required. You will not be able to use the updatemem program to update the bitstream with new data for the Mercury_XU5_i/smartconnect_1/inst/s00_nodes/s00_r_node/inst/inst_mi_handler/gen_normal_area.inst_fifo_node_payld/gen_xpm_memory_fifo.inst_fifo/gen_mem_rep[0].inst_xpm_memory/xpm_memory_base_inst block.
INFO: [Memdata 28-167] Found XPM memory block Mercury_XU5_i/smartconnect_1/inst/s00_nodes/s00_b_node/inst/inst_mi_handler/gen_normal_area.inst_fifo_node_payld/gen_xpm_memory_fifo.inst_fifo/gen_mem_rep[0].inst_xpm_memory/xpm_memory_base_inst with a P_MEMORY_PRIMITIVE property set to distributed. A value of block is required. You will not be able to use the updatemem program to update the bitstream with new data for the Mercury_XU5_i/smartconnect_1/inst/s00_nodes/s00_b_node/inst/inst_mi_handler/gen_normal_area.inst_fifo_node_payld/gen_xpm_memory_fifo.inst_fifo/gen_mem_rep[0].inst_xpm_memory/xpm_memory_base_inst block.
INFO: [Memdata 28-167] Found XPM memory block Mercury_XU5_i/smartconnect_1/inst/s00_nodes/s00_aw_node/inst/inst_mi_handler/gen_normal_area.inst_fifo_node_payld/gen_xpm_memory_fifo.inst_fifo/gen_mem_rep[0].inst_xpm_memory/xpm_memory_base_inst with a P_MEMORY_PRIMITIVE property set to distributed. A value of block is required. You will not be able to use the updatemem program to update the bitstream with new data for the Mercury_XU5_i/smartconnect_1/inst/s00_nodes/s00_aw_node/inst/inst_mi_handler/gen_normal_area.inst_fifo_node_payld/gen_xpm_memory_fifo.inst_fifo/gen_mem_rep[0].inst_xpm_memory/xpm_memory_base_inst block.
INFO: [Memdata 28-167] Found XPM memory block Mercury_XU5_i/smartconnect_1/inst/s00_nodes/s00_ar_node/inst/inst_mi_handler/gen_normal_area.inst_fifo_node_payld/gen_xpm_memory_fifo.inst_fifo/gen_mem_rep[0].inst_xpm_memory/xpm_memory_base_inst with a P_MEMORY_PRIMITIVE property set to distributed. A value of block is required. You will not be able to use the updatemem program to update the bitstream with new data for the Mercury_XU5_i/smartconnect_1/inst/s00_nodes/s00_ar_node/inst/inst_mi_handler/gen_normal_area.inst_fifo_node_payld/gen_xpm_memory_fifo.inst_fifo/gen_mem_rep[0].inst_xpm_memory/xpm_memory_base_inst block.
Command: write_bitstream -force Mercury_XU5_PE1.bit
Attempting to get a license for feature 'Implementation' and/or device 'xczu5ev'
INFO: [Common 17-349] Got license for feature 'Implementation' and/or device 'xczu5ev'
Running DRC as a precondition to command write_bitstream
INFO: [IP_Flow 19-1839] IP Catalog is up to date.
INFO: [DRC 23-27] Running DRC with 8 threads
WARNING: [DRC MIG-69] Invalid Constraint: [Mercury_XU5_i/ddr4] The Memory IP reset port  has an incompatible IO Standard LVCMOS18 selected. If a level shifter or similar is used to ensure compatibility, this DRC can be demoted. For more details please refer AR66800.
WARNING: [DRC RTSTAT-10] No routable loads: 288 net(s) have no routable loads. The problem bus(es) and/or net(s) are Mercury_XU5_i/ddr4/inst/u_ddr4_mem_intfc/u_ddr_cal_riu/LMB_CE_riu, Mercury_XU5_i/ddr4/inst/u_ddr4_mem_intfc/u_ddr_cal_riu/LMB_UE_riu, Mercury_XU5_i/ddr4/inst/u_ddr4_mem_intfc/u_ddr_cal_top/u_ddr_cal/u_xsdb_arbiter/Q[12], Mercury_XU5_i/ddr4/inst/u_ddr4_mem_intfc/u_ddr_cal_top/u_ddr_cal/u_xsdb_arbiter/Q[13], Mercury_XU5_i/ddr4/inst/u_ddr4_mem_intfc/u_ddr_cal_top/u_ddr_cal/u_xsdb_arbiter/Q[14], Mercury_XU5_i/ddr4/inst/u_ddr4_mem_intfc/u_ddr_cal_top/u_ddr_cal/u_xsdb_arbiter/Q[15], Mercury_XU5_i/ddr4/inst/u_ddr4_mem_intfc/u_phy2clb_phy_rdy_low/SYNC[0].sync_reg[1], Mercury_XU5_i/ddr4/inst/u_ddr4_mem_intfc/u_phy2clb_phy_rdy_upp/SYNC[0].sync_reg[1], Mercury_XU5_i/ddr4/inst/u_ddr4_mem_intfc/u_phy2clb_fixdly_rdy_upp/SYNC[0].sync_reg[1], Mercury_XU5_i/ddr4/inst/u_ddr4_mem_intfc/u_phy2clb_fixdly_rdy_low/SYNC[0].sync_reg[1], Mercury_XU5_i/ddr4/inst/u_ddr4_mem_intfc/u_phy2clb_fixdly_rdy_low/SYNC[1].sync_reg[1], Mercury_XU5_i/ddr4/inst/u_ddr4_mem_intfc/u_phy2clb_phy_rdy_low/SYNC[1].sync_reg[1], Mercury_XU5_i/ddr4/inst/u_ddr4_mem_intfc/u_phy2clb_fixdly_rdy_upp/SYNC[1].sync_reg[1], Mercury_XU5_i/ddr4/inst/u_ddr4_mem_intfc/u_phy2clb_phy_rdy_upp/SYNC[1].sync_reg[1], Mercury_XU5_i/ddr4/inst/u_ddr4_mem_intfc/u_phy2clb_fixdly_rdy_upp/SYNC[2].sync_reg[1]... and (the first 15 of 154 listed).
INFO: [Vivado 12-3199] DRC finished with 0 Errors, 2 Warnings
INFO: [Vivado 12-3200] Please refer to the DRC report (report_drc) for more information.
Generating merged BMM file for the design top 'Mercury_XU5_PE1'...
INFO: [Memdata 28-144] Successfully populated the BRAM INIT strings from the following elf files: /home/okazaki/projects/mpsoc-on-endcap-sl/Mercury_XU5_PE1_Reference_Design/reference_design/Vivado/ME-XU5-5EV-2I-D12E/Mercury_XU5_PE1.srcs/sources_1/bd/Mercury_XU5/ip/Mercury_XU5_ddr4_0/sw/calibration_0/Debug/calibration_ddr.elf 
INFO: [Designutils 20-2272] Running write_bitstream with 8 threads.
Loading data files...
Loading site data...
Loading route data...
Processing options...
Creating bitmap...
Creating bitstream...
Writing bitstream ./Mercury_XU5_PE1.bit...
INFO: [Vivado 12-1842] Bitgen Completed Successfully.
INFO: [Common 17-83] Releasing license: Implementation
177 Infos, 24 Warnings, 0 Critical Warnings and 0 Errors encountered.
write_bitstream completed successfully
write_bitstream: Time (s): cpu = 00:00:33 ; elapsed = 00:00:34 . Memory (MB): peak = 4988.082 ; gain = 103.566 ; free physical = 14502 ; free virtual = 41054
INFO: [Common 17-206] Exiting Vivado at Tue Nov 16 12:41:05 2021...
