Copyright 1986-2020 Xilinx, Inc. All Rights Reserved.
-----------------------------------------------------------------------------------------------------------------------------------------------
| Tool Version : Vivado v.2020.1 (lin64) Build 2902540 Wed May 27 19:54:35 MDT 2020
| Date         : Thu Dec 16 17:28:05 2021
| Host         : lhcelec01 running 64-bit Ubuntu 18.04.6 LTS
| Command      : report_utilization -file design_1_aurora_64b66b_0_0_utilization_synth.rpt -pb design_1_aurora_64b66b_0_0_utilization_synth.pb
| Design       : design_1_aurora_64b66b_0_0
| Device       : xcvu13pflga2577-1
| Design State : Synthesized
-----------------------------------------------------------------------------------------------------------------------------------------------

Utilization Design Information

Table of Contents
-----------------
1. CLB Logic
1.1 Summary of Registers by Type
2. BLOCKRAM
3. ARITHMETIC
4. I/O
5. CLOCK
6. ADVANCED
7. CONFIGURATION
8. Primitives
9. Black Boxes
10. Instantiated Netlists
11. SLR Connectivity
12. SLR Connectivity Matrix
13. SLR CLB Logic and Dedicated Block Utilization
14. SLR IO Utilization

1. CLB Logic
------------

+----------------------------+------+-------+-----------+-------+
|          Site Type         | Used | Fixed | Available | Util% |
+----------------------------+------+-------+-----------+-------+
| CLB LUTs*                  | 2883 |     0 |   1728000 |  0.17 |
|   LUT as Logic             | 2867 |     0 |   1728000 |  0.17 |
|   LUT as Memory            |   16 |     0 |    791040 | <0.01 |
|     LUT as Distributed RAM |    0 |     0 |           |       |
|     LUT as Shift Register  |   16 |     0 |           |       |
| CLB Registers              | 1962 |     0 |   3456000 |  0.06 |
|   Register as Flip Flop    | 1962 |     0 |   3456000 |  0.06 |
|   Register as Latch        |    0 |     0 |   3456000 |  0.00 |
| CARRY8                     |    9 |     0 |    216000 | <0.01 |
| F7 Muxes                   |    0 |     0 |    864000 |  0.00 |
| F8 Muxes                   |    0 |     0 |    432000 |  0.00 |
| F9 Muxes                   |    0 |     0 |    216000 |  0.00 |
+----------------------------+------+-------+-----------+-------+
* Warning! The Final LUT count, after physical optimizations and full implementation, is typically lower. Run opt_design after synthesis, if not already completed, for a more realistic count.


1.1 Summary of Registers by Type
--------------------------------

+-------+--------------+-------------+--------------+
| Total | Clock Enable | Synchronous | Asynchronous |
+-------+--------------+-------------+--------------+
| 0     |            _ |           - |            - |
| 0     |            _ |           - |          Set |
| 0     |            _ |           - |        Reset |
| 0     |            _ |         Set |            - |
| 0     |            _ |       Reset |            - |
| 0     |          Yes |           - |            - |
| 41    |          Yes |           - |          Set |
| 47    |          Yes |           - |        Reset |
| 51    |          Yes |         Set |            - |
| 1823  |          Yes |       Reset |            - |
+-------+--------------+-------------+--------------+


2. BLOCKRAM
-----------

+-------------------+------+-------+-----------+-------+
|     Site Type     | Used | Fixed | Available | Util% |
+-------------------+------+-------+-----------+-------+
| Block RAM Tile    |    1 |     0 |      2688 |  0.04 |
|   RAMB36/FIFO*    |    1 |     0 |      2688 |  0.04 |
|     FIFO36E2 only |    1 |       |           |       |
|   RAMB18          |    0 |     0 |      5376 |  0.00 |
| URAM              |    0 |     0 |      1280 |  0.00 |
+-------------------+------+-------+-----------+-------+
* Note: Each Block RAM Tile only has one FIFO logic available and therefore can accommodate only one FIFO36E2 or one FIFO18E2. However, if a FIFO18E2 occupies a Block RAM Tile, that tile can still accommodate a RAMB18E2


3. ARITHMETIC
-------------

+-----------+------+-------+-----------+-------+
| Site Type | Used | Fixed | Available | Util% |
+-----------+------+-------+-----------+-------+
| DSPs      |    0 |     0 |     12288 |  0.00 |
+-----------+------+-------+-----------+-------+


4. I/O
------

+------------+------+-------+-----------+-------+
|  Site Type | Used | Fixed | Available | Util% |
+------------+------+-------+-----------+-------+
| Bonded IOB |    0 |     0 |       448 |  0.00 |
+------------+------+-------+-----------+-------+


5. CLOCK
--------

+----------------------+------+-------+-----------+-------+
|       Site Type      | Used | Fixed | Available | Util% |
+----------------------+------+-------+-----------+-------+
| GLOBAL CLOCK BUFFERs |    2 |     0 |      1344 |  0.15 |
|   BUFGCE             |    0 |     0 |       384 |  0.00 |
|   BUFGCE_DIV         |    0 |     0 |        64 |  0.00 |
|   BUFG_GT            |    2 |     0 |       768 |  0.26 |
|   BUFGCTRL*          |    0 |     0 |       128 |  0.00 |
| PLL                  |    0 |     0 |        32 |  0.00 |
| MMCM                 |    0 |     0 |        16 |  0.00 |
+----------------------+------+-------+-----------+-------+
* Note: Each used BUFGCTRL counts as two GLOBAL CLOCK BUFFERs. This table does not include global clocking resources, only buffer cell usage. See the Clock Utilization Report (report_clock_utilization) for detailed accounting of global clocking resource availability.


6. ADVANCED
-----------

+-----------------+------+-------+-----------+-------+
|    Site Type    | Used | Fixed | Available | Util% |
+-----------------+------+-------+-----------+-------+
| CMACE4          |    0 |     0 |        12 |  0.00 |
| GTYE4_CHANNEL   |    1 |     0 |       128 |  0.78 |
| GTYE4_COMMON    |    1 |     0 |        32 |  3.13 |
| ILKNE4          |    0 |     0 |         8 |  0.00 |
| OBUFDS_GTE4     |    0 |     0 |        64 |  0.00 |
| OBUFDS_GTE4_ADV |    0 |     0 |        64 |  0.00 |
| PCIE40E4        |    0 |     0 |         4 |  0.00 |
| SYSMONE4        |    0 |     0 |         4 |  0.00 |
+-----------------+------+-------+-----------+-------+


7. CONFIGURATION
----------------

+-------------+------+-------+-----------+-------+
|  Site Type  | Used | Fixed | Available | Util% |
+-------------+------+-------+-----------+-------+
| BSCANE2     |    0 |     0 |        16 |  0.00 |
| DNA_PORTE2  |    0 |     0 |         4 |  0.00 |
| EFUSE_USR   |    0 |     0 |         4 |  0.00 |
| FRAME_ECCE4 |    0 |     0 |         4 |  0.00 |
| ICAPE3      |    0 |     0 |         8 |  0.00 |
| MASTER_JTAG |    0 |     0 |         4 |  0.00 |
| STARTUPE3   |    0 |     0 |         4 |  0.00 |
+-------------+------+-------+-----------+-------+


8. Primitives
-------------

+---------------+------+---------------------+
|    Ref Name   | Used | Functional Category |
+---------------+------+---------------------+
| LUT1          | 2441 |                 CLB |
| FDRE          | 1823 |            Register |
| LUT3          |  179 |                 CLB |
| LUT6          |  115 |                 CLB |
| LUT5          |  102 |                 CLB |
| LUT4          |   94 |                 CLB |
| LUT2          |   75 |                 CLB |
| FDSE          |   51 |            Register |
| FDCE          |   47 |            Register |
| FDPE          |   41 |            Register |
| SRL16E        |   11 |                 CLB |
| CARRY8        |    9 |                 CLB |
| SRLC32E       |    5 |                 CLB |
| BUFG_GT_SYNC  |    2 |               Clock |
| BUFG_GT       |    2 |               Clock |
| IBUFDS_GTE4   |    1 |                 I/O |
| GTYE4_COMMON  |    1 |            Advanced |
| GTYE4_CHANNEL |    1 |            Advanced |
| FIFO36E2      |    1 |           Block Ram |
+---------------+------+---------------------+


9. Black Boxes
--------------

+----------+------+
| Ref Name | Used |
+----------+------+


10. Instantiated Netlists
-------------------------

+----------+------+
| Ref Name | Used |
+----------+------+


11. SLR Connectivity
--------------------

+----------------------------------+------+-------+-----------+-------+
|                                  | Used | Fixed | Available | Util% |
+----------------------------------+------+-------+-----------+-------+
| SLR3 <-> SLR2                    |    0 |       |     23040 |  0.00 |
|   SLR2 -> SLR3                   |    0 |       |           |  0.00 |
|     Using TX_REG only            |    0 |     0 |           |       |
|     Using RX_REG only            |    0 |     0 |           |       |
|     Using Both TX_REG and RX_REG |    0 |     0 |           |       |
|   SLR3 -> SLR2                   |    0 |       |           |  0.00 |
|     Using TX_REG only            |    0 |     0 |           |       |
|     Using RX_REG only            |    0 |     0 |           |       |
|     Using Both TX_REG and RX_REG |    0 |     0 |           |       |
| SLR2 <-> SLR1                    |    0 |       |     23040 |  0.00 |
|   SLR1 -> SLR2                   |    0 |       |           |  0.00 |
|     Using TX_REG only            |    0 |     0 |           |       |
|     Using RX_REG only            |    0 |     0 |           |       |
|     Using Both TX_REG and RX_REG |    0 |     0 |           |       |
|   SLR2 -> SLR1                   |    0 |       |           |  0.00 |
|     Using TX_REG only            |    0 |     0 |           |       |
|     Using RX_REG only            |    0 |     0 |           |       |
|     Using Both TX_REG and RX_REG |    0 |     0 |           |       |
| SLR1 <-> SLR0                    |    0 |       |     23040 |  0.00 |
|   SLR0 -> SLR1                   |    0 |       |           |  0.00 |
|     Using TX_REG only            |    0 |     0 |           |       |
|     Using RX_REG only            |    0 |     0 |           |       |
|     Using Both TX_REG and RX_REG |    0 |     0 |           |       |
|   SLR1 -> SLR0                   |    0 |       |           |  0.00 |
|     Using TX_REG only            |    0 |     0 |           |       |
|     Using RX_REG only            |    0 |     0 |           |       |
|     Using Both TX_REG and RX_REG |    0 |     0 |           |       |
+----------------------------------+------+-------+-----------+-------+
| Total SLLs Used                  |    0 |       |           |       |
+----------------------------------+------+-------+-----------+-------+


12. SLR Connectivity Matrix
---------------------------

+-----------+------+------+------+------+
| FROM \ TO | SLR3 | SLR2 | SLR1 | SLR0 |
+-----------+------+------+------+------+
| SLR3      |    0 |    0 |    0 |    0 |
| SLR2      |    0 |    0 |    0 |    0 |
| SLR1      |    0 |    0 |    0 |    0 |
| SLR0      |    0 |    0 |    0 |    0 |
+-----------+------+------+------+------+


13. SLR CLB Logic and Dedicated Block Utilization
-------------------------------------------------

+----------------------------+------+------+------+------+--------+--------+--------+--------+
|          Site Type         | SLR0 | SLR1 | SLR2 | SLR3 | SLR0 % | SLR1 % | SLR2 % | SLR3 % |
+----------------------------+------+------+------+------+--------+--------+--------+--------+
| CLB                        |    0 |    0 |    0 |    0 |   0.00 |   0.00 |   0.00 |   0.00 |
|   CLBL                     |    0 |    0 |    0 |    0 |   0.00 |   0.00 |   0.00 |   0.00 |
|   CLBM                     |    0 |    0 |    0 |    0 |   0.00 |   0.00 |   0.00 |   0.00 |
| CLB LUTs                   |    0 |    0 |    0 |    0 |   0.00 |   0.00 |   0.00 |   0.00 |
|   LUT as Logic             |    0 |    0 |    0 |    0 |   0.00 |   0.00 |   0.00 |   0.00 |
|   LUT as Memory            |    0 |    0 |    0 |    0 |   0.00 |   0.00 |   0.00 |   0.00 |
|     LUT as Distributed RAM |    0 |    0 |    0 |    0 |   0.00 |   0.00 |   0.00 |   0.00 |
|     LUT as Shift Register  |    0 |    0 |    0 |    0 |   0.00 |   0.00 |   0.00 |   0.00 |
| CLB Registers              |    0 |    0 |    0 |    0 |   0.00 |   0.00 |   0.00 |   0.00 |
| CARRY8                     |    0 |    0 |    0 |    0 |   0.00 |   0.00 |   0.00 |   0.00 |
| F7 Muxes                   |    0 |    0 |    0 |    0 |   0.00 |   0.00 |   0.00 |   0.00 |
| F8 Muxes                   |    0 |    0 |    0 |    0 |   0.00 |   0.00 |   0.00 |   0.00 |
| F9 Muxes                   |    0 |    0 |    0 |    0 |   0.00 |   0.00 |   0.00 |   0.00 |
| Block RAM Tile             |    0 |    0 |    0 |    0 |   0.00 |   0.00 |   0.00 |   0.00 |
|   RAMB36/FIFO              |    0 |    0 |    0 |    0 |   0.00 |   0.00 |   0.00 |   0.00 |
|   RAMB18                   |    0 |    0 |    0 |    0 |   0.00 |   0.00 |   0.00 |   0.00 |
| URAM                       |    0 |    0 |    0 |    0 |   0.00 |   0.00 |   0.00 |   0.00 |
| DSPs                       |    0 |    0 |    0 |    0 |   0.00 |   0.00 |   0.00 |   0.00 |
| PLL                        |    0 |    0 |    0 |    0 |   0.00 |   0.00 |   0.00 |   0.00 |
| MMCM                       |    0 |    0 |    0 |    0 |   0.00 |   0.00 |   0.00 |   0.00 |
| Unique Control Sets        |    0 |    0 |    0 |    0 |   0.00 |   0.00 |   0.00 |   0.00 |
+----------------------------+------+------+------+------+--------+--------+--------+--------+
* Note: Available Control Sets based on CLB Registers / 8


14. SLR IO Utilization
----------------------

+-----------+-----------+---------+------------+----------+------------+----------+-----+
| SLR Index | Used IOBs | (%)IOBs | Used IPADs | (%)IPADs | Used OPADs | (%)OPADs | GTs |
+-----------+-----------+---------+------------+----------+------------+----------+-----+
| SLR3      |         0 |    0.00 |          0 |     0.00 |          0 |     0.00 |   0 |
| SLR2      |         0 |    0.00 |          0 |     0.00 |          0 |     0.00 |   0 |
| SLR1      |         0 |    0.00 |          0 |     0.00 |          0 |     0.00 |   0 |
| SLR0      |         0 |    0.00 |          0 |     0.00 |          0 |     0.00 |   0 |
+-----------+-----------+---------+------------+----------+------------+----------+-----+
| Total     |         0 |         |          0 |          |          0 |          |   0 |
+-----------+-----------+---------+------------+----------+------------+----------+-----+


