
*** Running vivado
    with args -log Mercury_XU5_PE1.vds -m64 -product Vivado -mode batch -messageDb vivado.pb -notrace -source Mercury_XU5_PE1.tcl


****** Vivado v2020.1 (64-bit)
  **** SW Build 2902540 on Wed May 27 19:54:35 MDT 2020
  **** IP Build 2902112 on Wed May 27 22:43:36 MDT 2020
    ** Copyright 1986-2020 Xilinx, Inc. All Rights Reserved.

source Mercury_XU5_PE1.tcl -notrace
source /home/okazaki/projects/mpsoc-on-endcap-sl/Mercury_XU5_PE1_Reference_Design/reference_design/scripts/settings.tcl
Mercury_XU5 PE1
INFO: settings.tcl file loaded.
INFO: [IP_Flow 19-234] Refreshing IP repositories
INFO: [IP_Flow 19-1704] No user IP repositories specified
INFO: [IP_Flow 19-2313] Loaded Vivado IP repository '/tools/Xilinx/Vivado/2020.1/data/ip'.
add_files: Time (s): cpu = 00:00:06 ; elapsed = 00:00:08 . Memory (MB): peak = 2150.172 ; gain = 0.000 ; free physical = 39792 ; free virtual = 49266
Command: synth_design -top Mercury_XU5_PE1 -part xczu5ev-sfvc784-2-i
Starting synth_design
Attempting to get a license for feature 'Synthesis' and/or device 'xczu5ev'
INFO: [Common 17-349] Got license for feature 'Synthesis' and/or device 'xczu5ev'
INFO: [Device 21-403] Loading part xczu5ev-sfvc784-2-i
INFO: [Synth 8-7079] Multithreading enabled for synth_design using a maximum of 4 processes.
INFO: [Synth 8-7078] Launching helper process for spawning children vivado processes
INFO: [Synth 8-7075] Helper process launched with PID 14143
---------------------------------------------------------------------------------
Starting RTL Elaboration : Time (s): cpu = 00:00:03 ; elapsed = 00:00:04 . Memory (MB): peak = 2633.508 ; gain = 7.934 ; free physical = 38731 ; free virtual = 48204
---------------------------------------------------------------------------------
INFO: [Synth 8-638] synthesizing module 'Mercury_XU5_PE1' [/home/okazaki/projects/mpsoc-on-endcap-sl/Mercury_XU5_PE1_Reference_Design/reference_design/src/Mercury_XU5_PE1.vhd:238]
	Parameter BG_WIDTH bound to: 1 - type: integer 
INFO: [Synth 8-3491] module 'Mercury_XU5' declared at '/home/okazaki/projects/mpsoc-on-endcap-sl/Mercury_XU5_PE1_Reference_Design/reference_design/Vivado/ME-XU5-5EV-2I-D12E/Mercury_XU5_PE1.srcs/sources_1/bd/Mercury_XU5/synth/Mercury_XU5.vhd:14' bound to instance 'Mercury_XU5_i' of component 'Mercury_XU5' [/home/okazaki/projects/mpsoc-on-endcap-sl/Mercury_XU5_PE1_Reference_Design/reference_design/src/Mercury_XU5_PE1.vhd:363]
INFO: [Synth 8-638] synthesizing module 'Mercury_XU5' [/home/okazaki/projects/mpsoc-on-endcap-sl/Mercury_XU5_PE1_Reference_Design/reference_design/Vivado/ME-XU5-5EV-2I-D12E/Mercury_XU5_PE1.srcs/sources_1/bd/Mercury_XU5/synth/Mercury_XU5.vhd:63]
INFO: [Synth 8-3491] module 'Mercury_XU5_clk_wiz_0_0' declared at '/home/okazaki/projects/mpsoc-on-endcap-sl/Mercury_XU5_PE1_Reference_Design/reference_design/Vivado/ME-XU5-5EV-2I-D12E/Mercury_XU5_PE1.runs/synth_1/.Xil/Vivado-13900-lhcelec01/realtime/Mercury_XU5_clk_wiz_0_0_stub.vhdl:5' bound to instance 'clk_wiz_0' of component 'Mercury_XU5_clk_wiz_0_0' [/home/okazaki/projects/mpsoc-on-endcap-sl/Mercury_XU5_PE1_Reference_Design/reference_design/Vivado/ME-XU5-5EV-2I-D12E/Mercury_XU5_PE1.srcs/sources_1/bd/Mercury_XU5/synth/Mercury_XU5.vhd:806]
INFO: [Synth 8-638] synthesizing module 'Mercury_XU5_clk_wiz_0_0' [/home/okazaki/projects/mpsoc-on-endcap-sl/Mercury_XU5_PE1_Reference_Design/reference_design/Vivado/ME-XU5-5EV-2I-D12E/Mercury_XU5_PE1.runs/synth_1/.Xil/Vivado-13900-lhcelec01/realtime/Mercury_XU5_clk_wiz_0_0_stub.vhdl:18]
INFO: [Synth 8-3491] module 'Mercury_XU5_ddr4_0' declared at '/home/okazaki/projects/mpsoc-on-endcap-sl/Mercury_XU5_PE1_Reference_Design/reference_design/Vivado/ME-XU5-5EV-2I-D12E/Mercury_XU5_PE1.runs/synth_1/.Xil/Vivado-13900-lhcelec01/realtime/Mercury_XU5_ddr4_0_stub.vhdl:5' bound to instance 'ddr4' of component 'Mercury_XU5_ddr4_0' [/home/okazaki/projects/mpsoc-on-endcap-sl/Mercury_XU5_PE1_Reference_Design/reference_design/Vivado/ME-XU5-5EV-2I-D12E/Mercury_XU5_PE1.srcs/sources_1/bd/Mercury_XU5/synth/Mercury_XU5.vhd:816]
INFO: [Synth 8-638] synthesizing module 'Mercury_XU5_ddr4_0' [/home/okazaki/projects/mpsoc-on-endcap-sl/Mercury_XU5_PE1_Reference_Design/reference_design/Vivado/ME-XU5-5EV-2I-D12E/Mercury_XU5_PE1.runs/synth_1/.Xil/Vivado-13900-lhcelec01/realtime/Mercury_XU5_ddr4_0_stub.vhdl:71]
INFO: [Synth 8-3491] module 'Mercury_XU5_ddr4_sys_rst_0' declared at '/home/okazaki/projects/mpsoc-on-endcap-sl/Mercury_XU5_PE1_Reference_Design/reference_design/Vivado/ME-XU5-5EV-2I-D12E/Mercury_XU5_PE1.runs/synth_1/.Xil/Vivado-13900-lhcelec01/realtime/Mercury_XU5_ddr4_sys_rst_0_stub.vhdl:5' bound to instance 'ddr4_sys_rst' of component 'Mercury_XU5_ddr4_sys_rst_0' [/home/okazaki/projects/mpsoc-on-endcap-sl/Mercury_XU5_PE1_Reference_Design/reference_design/Vivado/ME-XU5-5EV-2I-D12E/Mercury_XU5_PE1.srcs/sources_1/bd/Mercury_XU5/synth/Mercury_XU5.vhd:879]
INFO: [Synth 8-638] synthesizing module 'Mercury_XU5_ddr4_sys_rst_0' [/home/okazaki/projects/mpsoc-on-endcap-sl/Mercury_XU5_PE1_Reference_Design/reference_design/Vivado/ME-XU5-5EV-2I-D12E/Mercury_XU5_PE1.runs/synth_1/.Xil/Vivado-13900-lhcelec01/realtime/Mercury_XU5_ddr4_sys_rst_0_stub.vhdl:21]
INFO: [Synth 8-3491] module 'Mercury_XU5_led_0' declared at '/home/okazaki/projects/mpsoc-on-endcap-sl/Mercury_XU5_PE1_Reference_Design/reference_design/Vivado/ME-XU5-5EV-2I-D12E/Mercury_XU5_PE1.runs/synth_1/.Xil/Vivado-13900-lhcelec01/realtime/Mercury_XU5_led_0_stub.vhdl:5' bound to instance 'led' of component 'Mercury_XU5_led_0' [/home/okazaki/projects/mpsoc-on-endcap-sl/Mercury_XU5_PE1_Reference_Design/reference_design/Vivado/ME-XU5-5EV-2I-D12E/Mercury_XU5_PE1.srcs/sources_1/bd/Mercury_XU5/synth/Mercury_XU5.vhd:892]
INFO: [Synth 8-638] synthesizing module 'Mercury_XU5_led_0' [/home/okazaki/projects/mpsoc-on-endcap-sl/Mercury_XU5_PE1_Reference_Design/reference_design/Vivado/ME-XU5-5EV-2I-D12E/Mercury_XU5_PE1.runs/synth_1/.Xil/Vivado-13900-lhcelec01/realtime/Mercury_XU5_led_0_stub.vhdl:31]
INFO: [Synth 8-3491] module 'Mercury_XU5_ps_sys_rst_0' declared at '/home/okazaki/projects/mpsoc-on-endcap-sl/Mercury_XU5_PE1_Reference_Design/reference_design/Vivado/ME-XU5-5EV-2I-D12E/Mercury_XU5_PE1.runs/synth_1/.Xil/Vivado-13900-lhcelec01/realtime/Mercury_XU5_ps_sys_rst_0_stub.vhdl:5' bound to instance 'ps_sys_rst' of component 'Mercury_XU5_ps_sys_rst_0' [/home/okazaki/projects/mpsoc-on-endcap-sl/Mercury_XU5_PE1_Reference_Design/reference_design/Vivado/ME-XU5-5EV-2I-D12E/Mercury_XU5_PE1.srcs/sources_1/bd/Mercury_XU5/synth/Mercury_XU5.vhd:915]
INFO: [Synth 8-638] synthesizing module 'Mercury_XU5_ps_sys_rst_0' [/home/okazaki/projects/mpsoc-on-endcap-sl/Mercury_XU5_PE1_Reference_Design/reference_design/Vivado/ME-XU5-5EV-2I-D12E/Mercury_XU5_PE1.runs/synth_1/.Xil/Vivado-13900-lhcelec01/realtime/Mercury_XU5_ps_sys_rst_0_stub.vhdl:21]
INFO: [Synth 8-3491] module 'Mercury_XU5_smartconnect_0_0' declared at '/home/okazaki/projects/mpsoc-on-endcap-sl/Mercury_XU5_PE1_Reference_Design/reference_design/Vivado/ME-XU5-5EV-2I-D12E/Mercury_XU5_PE1.runs/synth_1/.Xil/Vivado-13900-lhcelec01/realtime/Mercury_XU5_smartconnect_0_0_stub.vhdl:5' bound to instance 'smartconnect_0' of component 'Mercury_XU5_smartconnect_0_0' [/home/okazaki/projects/mpsoc-on-endcap-sl/Mercury_XU5_PE1_Reference_Design/reference_design/Vivado/ME-XU5-5EV-2I-D12E/Mercury_XU5_PE1.srcs/sources_1/bd/Mercury_XU5/synth/Mercury_XU5.vhd:928]
INFO: [Synth 8-638] synthesizing module 'Mercury_XU5_smartconnect_0_0' [/home/okazaki/projects/mpsoc-on-endcap-sl/Mercury_XU5_PE1_Reference_Design/reference_design/Vivado/ME-XU5-5EV-2I-D12E/Mercury_XU5_PE1.runs/synth_1/.Xil/Vivado-13900-lhcelec01/realtime/Mercury_XU5_smartconnect_0_0_stub.vhdl:90]
INFO: [Synth 8-3491] module 'Mercury_XU5_smartconnect_1_0' declared at '/home/okazaki/projects/mpsoc-on-endcap-sl/Mercury_XU5_PE1_Reference_Design/reference_design/Vivado/ME-XU5-5EV-2I-D12E/Mercury_XU5_PE1.runs/synth_1/.Xil/Vivado-13900-lhcelec01/realtime/Mercury_XU5_smartconnect_1_0_stub.vhdl:5' bound to instance 'smartconnect_1' of component 'Mercury_XU5_smartconnect_1_0' [/home/okazaki/projects/mpsoc-on-endcap-sl/Mercury_XU5_PE1_Reference_Design/reference_design/Vivado/ME-XU5-5EV-2I-D12E/Mercury_XU5_PE1.srcs/sources_1/bd/Mercury_XU5/synth/Mercury_XU5.vhd:1010]
INFO: [Synth 8-638] synthesizing module 'Mercury_XU5_smartconnect_1_0' [/home/okazaki/projects/mpsoc-on-endcap-sl/Mercury_XU5_PE1_Reference_Design/reference_design/Vivado/ME-XU5-5EV-2I-D12E/Mercury_XU5_PE1.runs/synth_1/.Xil/Vivado-13900-lhcelec01/realtime/Mercury_XU5_smartconnect_1_0_stub.vhdl:87]
INFO: [Synth 8-3491] module 'Mercury_XU5_system_management_wiz_0' declared at '/home/okazaki/projects/mpsoc-on-endcap-sl/Mercury_XU5_PE1_Reference_Design/reference_design/Vivado/ME-XU5-5EV-2I-D12E/Mercury_XU5_PE1.runs/synth_1/.Xil/Vivado-13900-lhcelec01/realtime/Mercury_XU5_system_management_wiz_0_stub.vhdl:5' bound to instance 'system_management_wiz' of component 'Mercury_XU5_system_management_wiz_0' [/home/okazaki/projects/mpsoc-on-endcap-sl/Mercury_XU5_PE1_Reference_Design/reference_design/Vivado/ME-XU5-5EV-2I-D12E/Mercury_XU5_PE1.srcs/sources_1/bd/Mercury_XU5/synth/Mercury_XU5.vhd:1089]
INFO: [Synth 8-638] synthesizing module 'Mercury_XU5_system_management_wiz_0' [/home/okazaki/projects/mpsoc-on-endcap-sl/Mercury_XU5_PE1_Reference_Design/reference_design/Vivado/ME-XU5-5EV-2I-D12E/Mercury_XU5_PE1.runs/synth_1/.Xil/Vivado-13900-lhcelec01/realtime/Mercury_XU5_system_management_wiz_0_stub.vhdl:43]
INFO: [Synth 8-3491] module 'Mercury_XU5_zynq_ultra_ps_e_0' declared at '/home/okazaki/projects/mpsoc-on-endcap-sl/Mercury_XU5_PE1_Reference_Design/reference_design/Vivado/ME-XU5-5EV-2I-D12E/Mercury_XU5_PE1.runs/synth_1/.Xil/Vivado-13900-lhcelec01/realtime/Mercury_XU5_zynq_ultra_ps_e_0_stub.vhdl:5' bound to instance 'zynq_ultra_ps_e' of component 'Mercury_XU5_zynq_ultra_ps_e_0' [/home/okazaki/projects/mpsoc-on-endcap-sl/Mercury_XU5_PE1_Reference_Design/reference_design/Vivado/ME-XU5-5EV-2I-D12E/Mercury_XU5_PE1.srcs/sources_1/bd/Mercury_XU5/synth/Mercury_XU5.vhd:1124]
INFO: [Synth 8-638] synthesizing module 'Mercury_XU5_zynq_ultra_ps_e_0' [/home/okazaki/projects/mpsoc-on-endcap-sl/Mercury_XU5_PE1_Reference_Design/reference_design/Vivado/ME-XU5-5EV-2I-D12E/Mercury_XU5_PE1.runs/synth_1/.Xil/Vivado-13900-lhcelec01/realtime/Mercury_XU5_zynq_ultra_ps_e_0_stub.vhdl:114]
INFO: [Synth 8-256] done synthesizing module 'Mercury_XU5' (1#1) [/home/okazaki/projects/mpsoc-on-endcap-sl/Mercury_XU5_PE1_Reference_Design/reference_design/Vivado/ME-XU5-5EV-2I-D12E/Mercury_XU5_PE1.srcs/sources_1/bd/Mercury_XU5/synth/Mercury_XU5.vhd:63]
INFO: [Synth 8-3491] module 'IOBUF' declared at '/tools/Xilinx/Vivado/2020.1/scripts/rt/data/unisim_comp.v:36238' bound to instance 'MDIO_mdio_iobuf' of component 'IOBUF' [/home/okazaki/projects/mpsoc-on-endcap-sl/Mercury_XU5_PE1_Reference_Design/reference_design/src/Mercury_XU5_PE1.vhd:420]
INFO: [Synth 8-6157] synthesizing module 'IOBUF' [/tools/Xilinx/Vivado/2020.1/scripts/rt/data/unisim_comp.v:36238]
	Parameter DRIVE bound to: 12 - type: integer 
	Parameter IBUF_LOW_PWR bound to: TRUE - type: string 
	Parameter IOSTANDARD bound to: DEFAULT - type: string 
	Parameter SLEW bound to: SLOW - type: string 
INFO: [Synth 8-6155] done synthesizing module 'IOBUF' (2#1) [/tools/Xilinx/Vivado/2020.1/scripts/rt/data/unisim_comp.v:36238]
INFO: [Synth 8-637] synthesizing blackbox instance 'i_gmii2rgmii' of component 'Enclustra_GMII2RGMII_ZU' [/home/okazaki/projects/mpsoc-on-endcap-sl/Mercury_XU5_PE1_Reference_Design/reference_design/src/Mercury_XU5_PE1.vhd:428]
INFO: [Synth 8-256] done synthesizing module 'Mercury_XU5_PE1' (3#1) [/home/okazaki/projects/mpsoc-on-endcap-sl/Mercury_XU5_PE1_Reference_Design/reference_design/src/Mercury_XU5_PE1.vhd:238]
---------------------------------------------------------------------------------
Finished RTL Elaboration : Time (s): cpu = 00:00:04 ; elapsed = 00:00:05 . Memory (MB): peak = 2679.414 ; gain = 53.840 ; free physical = 38823 ; free virtual = 48298
---------------------------------------------------------------------------------
---------------------------------------------------------------------------------
Start Handling Custom Attributes
---------------------------------------------------------------------------------
---------------------------------------------------------------------------------
Finished Handling Custom Attributes : Time (s): cpu = 00:00:05 ; elapsed = 00:00:06 . Memory (MB): peak = 2697.258 ; gain = 71.684 ; free physical = 38818 ; free virtual = 48293
---------------------------------------------------------------------------------
---------------------------------------------------------------------------------
Finished RTL Optimization Phase 1 : Time (s): cpu = 00:00:05 ; elapsed = 00:00:06 . Memory (MB): peak = 2697.258 ; gain = 71.684 ; free physical = 38818 ; free virtual = 48293
---------------------------------------------------------------------------------
Netlist sorting complete. Time (s): cpu = 00:00:00 ; elapsed = 00:00:00.01 . Memory (MB): peak = 2708.164 ; gain = 0.000 ; free physical = 38815 ; free virtual = 48289
INFO: [Netlist 29-17] Analyzing 1 Unisim elements for replacement
INFO: [Netlist 29-28] Unisim Transformation completed in 0 CPU seconds
INFO: [Project 1-570] Preparing netlist for logic optimization

Processing XDC Constraints
Initializing timing engine
Parsing XDC File [/home/okazaki/projects/mpsoc-on-endcap-sl/Mercury_XU5_PE1_Reference_Design/reference_design/Vivado/ME-XU5-5EV-2I-D12E/Mercury_XU5_PE1.srcs/sources_1/bd/Mercury_XU5/ip/Mercury_XU5_zynq_ultra_ps_e_0/Mercury_XU5_zynq_ultra_ps_e_0/Mercury_XU5_zynq_ultra_ps_e_0_in_context.xdc] for cell 'Mercury_XU5_i/zynq_ultra_ps_e'
WARNING: [Vivado 12-584] No ports matched ''. [/home/okazaki/projects/mpsoc-on-endcap-sl/Mercury_XU5_PE1_Reference_Design/reference_design/Vivado/ME-XU5-5EV-2I-D12E/Mercury_XU5_PE1.srcs/sources_1/bd/Mercury_XU5/ip/Mercury_XU5_zynq_ultra_ps_e_0/Mercury_XU5_zynq_ultra_ps_e_0/Mercury_XU5_zynq_ultra_ps_e_0_in_context.xdc:2]
WARNING: [Vivado 12-584] No ports matched ''. [/home/okazaki/projects/mpsoc-on-endcap-sl/Mercury_XU5_PE1_Reference_Design/reference_design/Vivado/ME-XU5-5EV-2I-D12E/Mercury_XU5_PE1.srcs/sources_1/bd/Mercury_XU5/ip/Mercury_XU5_zynq_ultra_ps_e_0/Mercury_XU5_zynq_ultra_ps_e_0/Mercury_XU5_zynq_ultra_ps_e_0_in_context.xdc:4]
WARNING: [Vivado 12-584] No ports matched ''. [/home/okazaki/projects/mpsoc-on-endcap-sl/Mercury_XU5_PE1_Reference_Design/reference_design/Vivado/ME-XU5-5EV-2I-D12E/Mercury_XU5_PE1.srcs/sources_1/bd/Mercury_XU5/ip/Mercury_XU5_zynq_ultra_ps_e_0/Mercury_XU5_zynq_ultra_ps_e_0/Mercury_XU5_zynq_ultra_ps_e_0_in_context.xdc:6]
Finished Parsing XDC File [/home/okazaki/projects/mpsoc-on-endcap-sl/Mercury_XU5_PE1_Reference_Design/reference_design/Vivado/ME-XU5-5EV-2I-D12E/Mercury_XU5_PE1.srcs/sources_1/bd/Mercury_XU5/ip/Mercury_XU5_zynq_ultra_ps_e_0/Mercury_XU5_zynq_ultra_ps_e_0/Mercury_XU5_zynq_ultra_ps_e_0_in_context.xdc] for cell 'Mercury_XU5_i/zynq_ultra_ps_e'
Parsing XDC File [/home/okazaki/projects/mpsoc-on-endcap-sl/Mercury_XU5_PE1_Reference_Design/reference_design/Vivado/ME-XU5-5EV-2I-D12E/Mercury_XU5_PE1.srcs/sources_1/bd/Mercury_XU5/ip/Mercury_XU5_system_management_wiz_0/Mercury_XU5_system_management_wiz_0/Mercury_XU5_system_management_wiz_0_in_context.xdc] for cell 'Mercury_XU5_i/system_management_wiz'
Finished Parsing XDC File [/home/okazaki/projects/mpsoc-on-endcap-sl/Mercury_XU5_PE1_Reference_Design/reference_design/Vivado/ME-XU5-5EV-2I-D12E/Mercury_XU5_PE1.srcs/sources_1/bd/Mercury_XU5/ip/Mercury_XU5_system_management_wiz_0/Mercury_XU5_system_management_wiz_0/Mercury_XU5_system_management_wiz_0_in_context.xdc] for cell 'Mercury_XU5_i/system_management_wiz'
Parsing XDC File [/home/okazaki/projects/mpsoc-on-endcap-sl/Mercury_XU5_PE1_Reference_Design/reference_design/Vivado/ME-XU5-5EV-2I-D12E/Mercury_XU5_PE1.srcs/sources_1/bd/Mercury_XU5/ip/Mercury_XU5_led_0/Mercury_XU5_led_0/Mercury_XU5_led_0_in_context.xdc] for cell 'Mercury_XU5_i/led'
Finished Parsing XDC File [/home/okazaki/projects/mpsoc-on-endcap-sl/Mercury_XU5_PE1_Reference_Design/reference_design/Vivado/ME-XU5-5EV-2I-D12E/Mercury_XU5_PE1.srcs/sources_1/bd/Mercury_XU5/ip/Mercury_XU5_led_0/Mercury_XU5_led_0/Mercury_XU5_led_0_in_context.xdc] for cell 'Mercury_XU5_i/led'
Parsing XDC File [/home/okazaki/projects/mpsoc-on-endcap-sl/Mercury_XU5_PE1_Reference_Design/reference_design/Vivado/ME-XU5-5EV-2I-D12E/Mercury_XU5_PE1.srcs/sources_1/bd/Mercury_XU5/ip/Mercury_XU5_ddr4_0/Mercury_XU5_ddr4_0/Mercury_XU5_ddr4_0_in_context.xdc] for cell 'Mercury_XU5_i/ddr4'
WARNING: [Vivado 12-584] No ports matched ''. [/home/okazaki/projects/mpsoc-on-endcap-sl/Mercury_XU5_PE1_Reference_Design/reference_design/Vivado/ME-XU5-5EV-2I-D12E/Mercury_XU5_PE1.srcs/sources_1/bd/Mercury_XU5/ip/Mercury_XU5_ddr4_0/Mercury_XU5_ddr4_0/Mercury_XU5_ddr4_0_in_context.xdc:1]
WARNING: [Vivado 12-584] No ports matched ''. [/home/okazaki/projects/mpsoc-on-endcap-sl/Mercury_XU5_PE1_Reference_Design/reference_design/Vivado/ME-XU5-5EV-2I-D12E/Mercury_XU5_PE1.srcs/sources_1/bd/Mercury_XU5/ip/Mercury_XU5_ddr4_0/Mercury_XU5_ddr4_0/Mercury_XU5_ddr4_0_in_context.xdc:4]
WARNING: [Vivado 12-584] No ports matched ''. [/home/okazaki/projects/mpsoc-on-endcap-sl/Mercury_XU5_PE1_Reference_Design/reference_design/Vivado/ME-XU5-5EV-2I-D12E/Mercury_XU5_PE1.srcs/sources_1/bd/Mercury_XU5/ip/Mercury_XU5_ddr4_0/Mercury_XU5_ddr4_0/Mercury_XU5_ddr4_0_in_context.xdc:6]
Finished Parsing XDC File [/home/okazaki/projects/mpsoc-on-endcap-sl/Mercury_XU5_PE1_Reference_Design/reference_design/Vivado/ME-XU5-5EV-2I-D12E/Mercury_XU5_PE1.srcs/sources_1/bd/Mercury_XU5/ip/Mercury_XU5_ddr4_0/Mercury_XU5_ddr4_0/Mercury_XU5_ddr4_0_in_context.xdc] for cell 'Mercury_XU5_i/ddr4'
Parsing XDC File [/home/okazaki/projects/mpsoc-on-endcap-sl/Mercury_XU5_PE1_Reference_Design/reference_design/Vivado/ME-XU5-5EV-2I-D12E/Mercury_XU5_PE1.srcs/sources_1/bd/Mercury_XU5/ip/Mercury_XU5_smartconnect_1_0/Mercury_XU5_smartconnect_1_0/Mercury_XU5_smartconnect_1_0_in_context.xdc] for cell 'Mercury_XU5_i/smartconnect_1'
Finished Parsing XDC File [/home/okazaki/projects/mpsoc-on-endcap-sl/Mercury_XU5_PE1_Reference_Design/reference_design/Vivado/ME-XU5-5EV-2I-D12E/Mercury_XU5_PE1.srcs/sources_1/bd/Mercury_XU5/ip/Mercury_XU5_smartconnect_1_0/Mercury_XU5_smartconnect_1_0/Mercury_XU5_smartconnect_1_0_in_context.xdc] for cell 'Mercury_XU5_i/smartconnect_1'
Parsing XDC File [/home/okazaki/projects/mpsoc-on-endcap-sl/Mercury_XU5_PE1_Reference_Design/reference_design/Vivado/ME-XU5-5EV-2I-D12E/Mercury_XU5_PE1.srcs/sources_1/bd/Mercury_XU5/ip/Mercury_XU5_clk_wiz_0_0/Mercury_XU5_clk_wiz_0_0/Mercury_XU5_clk_wiz_0_0_in_context.xdc] for cell 'Mercury_XU5_i/clk_wiz_0'
WARNING: [Vivado 12-584] No ports matched ''. [/home/okazaki/projects/mpsoc-on-endcap-sl/Mercury_XU5_PE1_Reference_Design/reference_design/Vivado/ME-XU5-5EV-2I-D12E/Mercury_XU5_PE1.srcs/sources_1/bd/Mercury_XU5/ip/Mercury_XU5_clk_wiz_0_0/Mercury_XU5_clk_wiz_0_0/Mercury_XU5_clk_wiz_0_0_in_context.xdc:2]
WARNING: [Vivado 12-584] No ports matched ''. [/home/okazaki/projects/mpsoc-on-endcap-sl/Mercury_XU5_PE1_Reference_Design/reference_design/Vivado/ME-XU5-5EV-2I-D12E/Mercury_XU5_PE1.srcs/sources_1/bd/Mercury_XU5/ip/Mercury_XU5_clk_wiz_0_0/Mercury_XU5_clk_wiz_0_0/Mercury_XU5_clk_wiz_0_0_in_context.xdc:4]
WARNING: [Vivado 12-584] No ports matched ''. [/home/okazaki/projects/mpsoc-on-endcap-sl/Mercury_XU5_PE1_Reference_Design/reference_design/Vivado/ME-XU5-5EV-2I-D12E/Mercury_XU5_PE1.srcs/sources_1/bd/Mercury_XU5/ip/Mercury_XU5_clk_wiz_0_0/Mercury_XU5_clk_wiz_0_0/Mercury_XU5_clk_wiz_0_0_in_context.xdc:6]
WARNING: [Vivado 12-584] No ports matched ''. [/home/okazaki/projects/mpsoc-on-endcap-sl/Mercury_XU5_PE1_Reference_Design/reference_design/Vivado/ME-XU5-5EV-2I-D12E/Mercury_XU5_PE1.srcs/sources_1/bd/Mercury_XU5/ip/Mercury_XU5_clk_wiz_0_0/Mercury_XU5_clk_wiz_0_0/Mercury_XU5_clk_wiz_0_0_in_context.xdc:8]
Finished Parsing XDC File [/home/okazaki/projects/mpsoc-on-endcap-sl/Mercury_XU5_PE1_Reference_Design/reference_design/Vivado/ME-XU5-5EV-2I-D12E/Mercury_XU5_PE1.srcs/sources_1/bd/Mercury_XU5/ip/Mercury_XU5_clk_wiz_0_0/Mercury_XU5_clk_wiz_0_0/Mercury_XU5_clk_wiz_0_0_in_context.xdc] for cell 'Mercury_XU5_i/clk_wiz_0'
Parsing XDC File [/home/okazaki/projects/mpsoc-on-endcap-sl/Mercury_XU5_PE1_Reference_Design/reference_design/Vivado/ME-XU5-5EV-2I-D12E/Mercury_XU5_PE1.srcs/sources_1/bd/Mercury_XU5/ip/Mercury_XU5_smartconnect_0_0/Mercury_XU5_smartconnect_0_0/Mercury_XU5_smartconnect_0_0_in_context.xdc] for cell 'Mercury_XU5_i/smartconnect_0'
Finished Parsing XDC File [/home/okazaki/projects/mpsoc-on-endcap-sl/Mercury_XU5_PE1_Reference_Design/reference_design/Vivado/ME-XU5-5EV-2I-D12E/Mercury_XU5_PE1.srcs/sources_1/bd/Mercury_XU5/ip/Mercury_XU5_smartconnect_0_0/Mercury_XU5_smartconnect_0_0/Mercury_XU5_smartconnect_0_0_in_context.xdc] for cell 'Mercury_XU5_i/smartconnect_0'
Parsing XDC File [/home/okazaki/projects/mpsoc-on-endcap-sl/Mercury_XU5_PE1_Reference_Design/reference_design/Vivado/ME-XU5-5EV-2I-D12E/Mercury_XU5_PE1.srcs/sources_1/bd/Mercury_XU5/ip/Mercury_XU5_ps_sys_rst_0/Mercury_XU5_ps_sys_rst_0/Mercury_XU5_ps_sys_rst_0_in_context.xdc] for cell 'Mercury_XU5_i/ps_sys_rst'
Finished Parsing XDC File [/home/okazaki/projects/mpsoc-on-endcap-sl/Mercury_XU5_PE1_Reference_Design/reference_design/Vivado/ME-XU5-5EV-2I-D12E/Mercury_XU5_PE1.srcs/sources_1/bd/Mercury_XU5/ip/Mercury_XU5_ps_sys_rst_0/Mercury_XU5_ps_sys_rst_0/Mercury_XU5_ps_sys_rst_0_in_context.xdc] for cell 'Mercury_XU5_i/ps_sys_rst'
Parsing XDC File [/home/okazaki/projects/mpsoc-on-endcap-sl/Mercury_XU5_PE1_Reference_Design/reference_design/Vivado/ME-XU5-5EV-2I-D12E/Mercury_XU5_PE1.srcs/sources_1/bd/Mercury_XU5/ip/Mercury_XU5_ddr4_sys_rst_0/Mercury_XU5_ddr4_sys_rst_0/Mercury_XU5_ddr4_sys_rst_0_in_context.xdc] for cell 'Mercury_XU5_i/ddr4_sys_rst'
Finished Parsing XDC File [/home/okazaki/projects/mpsoc-on-endcap-sl/Mercury_XU5_PE1_Reference_Design/reference_design/Vivado/ME-XU5-5EV-2I-D12E/Mercury_XU5_PE1.srcs/sources_1/bd/Mercury_XU5/ip/Mercury_XU5_ddr4_sys_rst_0/Mercury_XU5_ddr4_sys_rst_0/Mercury_XU5_ddr4_sys_rst_0_in_context.xdc] for cell 'Mercury_XU5_i/ddr4_sys_rst'
Sourcing Tcl File [/home/okazaki/projects/mpsoc-on-endcap-sl/Mercury_XU5_PE1_Reference_Design/reference_design/src/Mercury_XU5_rgmii_loc.tcl]
Finished Sourcing Tcl File [/home/okazaki/projects/mpsoc-on-endcap-sl/Mercury_XU5_PE1_Reference_Design/reference_design/src/Mercury_XU5_rgmii_loc.tcl]
INFO: [Project 1-236] Implementation specific constraints were found while reading constraint file [/home/okazaki/projects/mpsoc-on-endcap-sl/Mercury_XU5_PE1_Reference_Design/reference_design/src/Mercury_XU5_rgmii_loc.tcl]. These constraints will be ignored for synthesis but will be used in implementation. Impacted constraints are listed in the file [.Xil/Mercury_XU5_PE1_propImpl.xdc].
Resolution: To avoid this warning, move constraints listed in [.Xil/Mercury_XU5_PE1_propImpl.xdc] to another XDC file and exclude this new file from synthesis with the used_in_synthesis property (File Properties dialog in GUI) and re-run elaboration/synthesis.
Sourcing Tcl File [/home/okazaki/projects/mpsoc-on-endcap-sl/Mercury_XU5_PE1_Reference_Design/reference_design/src/Mercury_XU5_PE1.tcl]
WARNING: [Vivado 12-4702] SLEW is not a supported property on input port(s). Setting is ignored. [/home/okazaki/projects/mpsoc-on-endcap-sl/Mercury_XU5_PE1_Reference_Design/reference_design/src/Mercury_XU5_PE1.tcl:262]
WARNING: [Vivado 12-4702] SLEW is not a supported property on input port(s). Setting is ignored. [/home/okazaki/projects/mpsoc-on-endcap-sl/Mercury_XU5_PE1_Reference_Design/reference_design/src/Mercury_XU5_PE1.tcl:263]
WARNING: [Vivado 12-4702] SLEW is not a supported property on input port(s). Setting is ignored. [/home/okazaki/projects/mpsoc-on-endcap-sl/Mercury_XU5_PE1_Reference_Design/reference_design/src/Mercury_XU5_PE1.tcl:264]
WARNING: [Vivado 12-4702] SLEW is not a supported property on input port(s). Setting is ignored. [/home/okazaki/projects/mpsoc-on-endcap-sl/Mercury_XU5_PE1_Reference_Design/reference_design/src/Mercury_XU5_PE1.tcl:265]
WARNING: [Vivado 12-4702] SLEW is not a supported property on input port(s). Setting is ignored. [/home/okazaki/projects/mpsoc-on-endcap-sl/Mercury_XU5_PE1_Reference_Design/reference_design/src/Mercury_XU5_PE1.tcl:266]
WARNING: [Vivado 12-4702] SLEW is not a supported property on input port(s). Setting is ignored. [/home/okazaki/projects/mpsoc-on-endcap-sl/Mercury_XU5_PE1_Reference_Design/reference_design/src/Mercury_XU5_PE1.tcl:267]
Finished Sourcing Tcl File [/home/okazaki/projects/mpsoc-on-endcap-sl/Mercury_XU5_PE1_Reference_Design/reference_design/src/Mercury_XU5_PE1.tcl]
INFO: [Project 1-236] Implementation specific constraints were found while reading constraint file [/home/okazaki/projects/mpsoc-on-endcap-sl/Mercury_XU5_PE1_Reference_Design/reference_design/src/Mercury_XU5_PE1.tcl]. These constraints will be ignored for synthesis but will be used in implementation. Impacted constraints are listed in the file [.Xil/Mercury_XU5_PE1_propImpl.xdc].
Resolution: To avoid this warning, move constraints listed in [.Xil/Mercury_XU5_PE1_propImpl.xdc] to another XDC file and exclude this new file from synthesis with the used_in_synthesis property (File Properties dialog in GUI) and re-run elaboration/synthesis.
Parsing XDC File [/home/okazaki/projects/mpsoc-on-endcap-sl/Mercury_XU5_PE1_Reference_Design/reference_design/Vivado/ME-XU5-5EV-2I-D12E/Mercury_XU5_PE1.runs/synth_1/dont_touch.xdc]
Finished Parsing XDC File [/home/okazaki/projects/mpsoc-on-endcap-sl/Mercury_XU5_PE1_Reference_Design/reference_design/Vivado/ME-XU5-5EV-2I-D12E/Mercury_XU5_PE1.runs/synth_1/dont_touch.xdc]
Completed Processing XDC Constraints

Netlist sorting complete. Time (s): cpu = 00:00:00 ; elapsed = 00:00:00 . Memory (MB): peak = 2809.008 ; gain = 0.000 ; free physical = 38728 ; free virtual = 48202
INFO: [Project 1-111] Unisim Transformation Summary:
  A total of 1 instances were transformed.
  IOBUF => IOBUF (IBUFCTRL, INBUF, OBUFT): 1 instance 

Constraint Validation Runtime : Time (s): cpu = 00:00:00.01 ; elapsed = 00:00:00.01 . Memory (MB): peak = 2809.008 ; gain = 0.000 ; free physical = 38728 ; free virtual = 48202
---------------------------------------------------------------------------------
Finished Constraint Validation : Time (s): cpu = 00:00:15 ; elapsed = 00:00:19 . Memory (MB): peak = 2809.008 ; gain = 183.434 ; free physical = 38797 ; free virtual = 48272
---------------------------------------------------------------------------------
---------------------------------------------------------------------------------
Start Loading Part and Timing Information
---------------------------------------------------------------------------------
Loading part: xczu5ev-sfvc784-2-i
INFO: [Synth 8-6742] Reading net delay rules and data
---------------------------------------------------------------------------------
Finished Loading Part and Timing Information : Time (s): cpu = 00:00:15 ; elapsed = 00:00:19 . Memory (MB): peak = 2809.008 ; gain = 183.434 ; free physical = 38797 ; free virtual = 48272
---------------------------------------------------------------------------------
---------------------------------------------------------------------------------
Start Applying 'set_property' XDC Constraints
---------------------------------------------------------------------------------
Applied set_property IO_BUFFER_TYPE = NONE for DDR4PL_ACT_N. (constraint file  /home/okazaki/projects/mpsoc-on-endcap-sl/Mercury_XU5_PE1_Reference_Design/reference_design/Vivado/ME-XU5-5EV-2I-D12E/Mercury_XU5_PE1.srcs/sources_1/bd/Mercury_XU5/ip/Mercury_XU5_ddr4_0/Mercury_XU5_ddr4_0/Mercury_XU5_ddr4_0_in_context.xdc, line 7).
Applied set_property CLOCK_BUFFER_TYPE = NONE for DDR4PL_ACT_N. (constraint file  /home/okazaki/projects/mpsoc-on-endcap-sl/Mercury_XU5_PE1_Reference_Design/reference_design/Vivado/ME-XU5-5EV-2I-D12E/Mercury_XU5_PE1.srcs/sources_1/bd/Mercury_XU5/ip/Mercury_XU5_ddr4_0/Mercury_XU5_ddr4_0/Mercury_XU5_ddr4_0_in_context.xdc, line 8).
Applied set_property IO_BUFFER_TYPE = NONE for DDR4PL_A[0]. (constraint file  /home/okazaki/projects/mpsoc-on-endcap-sl/Mercury_XU5_PE1_Reference_Design/reference_design/Vivado/ME-XU5-5EV-2I-D12E/Mercury_XU5_PE1.srcs/sources_1/bd/Mercury_XU5/ip/Mercury_XU5_ddr4_0/Mercury_XU5_ddr4_0/Mercury_XU5_ddr4_0_in_context.xdc, line 9).
Applied set_property CLOCK_BUFFER_TYPE = NONE for DDR4PL_A[0]. (constraint file  /home/okazaki/projects/mpsoc-on-endcap-sl/Mercury_XU5_PE1_Reference_Design/reference_design/Vivado/ME-XU5-5EV-2I-D12E/Mercury_XU5_PE1.srcs/sources_1/bd/Mercury_XU5/ip/Mercury_XU5_ddr4_0/Mercury_XU5_ddr4_0/Mercury_XU5_ddr4_0_in_context.xdc, line 10).
Applied set_property IO_BUFFER_TYPE = NONE for DDR4PL_A[10]. (constraint file  /home/okazaki/projects/mpsoc-on-endcap-sl/Mercury_XU5_PE1_Reference_Design/reference_design/Vivado/ME-XU5-5EV-2I-D12E/Mercury_XU5_PE1.srcs/sources_1/bd/Mercury_XU5/ip/Mercury_XU5_ddr4_0/Mercury_XU5_ddr4_0/Mercury_XU5_ddr4_0_in_context.xdc, line 11).
Applied set_property CLOCK_BUFFER_TYPE = NONE for DDR4PL_A[10]. (constraint file  /home/okazaki/projects/mpsoc-on-endcap-sl/Mercury_XU5_PE1_Reference_Design/reference_design/Vivado/ME-XU5-5EV-2I-D12E/Mercury_XU5_PE1.srcs/sources_1/bd/Mercury_XU5/ip/Mercury_XU5_ddr4_0/Mercury_XU5_ddr4_0/Mercury_XU5_ddr4_0_in_context.xdc, line 12).
Applied set_property IO_BUFFER_TYPE = NONE for DDR4PL_A[11]. (constraint file  /home/okazaki/projects/mpsoc-on-endcap-sl/Mercury_XU5_PE1_Reference_Design/reference_design/Vivado/ME-XU5-5EV-2I-D12E/Mercury_XU5_PE1.srcs/sources_1/bd/Mercury_XU5/ip/Mercury_XU5_ddr4_0/Mercury_XU5_ddr4_0/Mercury_XU5_ddr4_0_in_context.xdc, line 13).
Applied set_property CLOCK_BUFFER_TYPE = NONE for DDR4PL_A[11]. (constraint file  /home/okazaki/projects/mpsoc-on-endcap-sl/Mercury_XU5_PE1_Reference_Design/reference_design/Vivado/ME-XU5-5EV-2I-D12E/Mercury_XU5_PE1.srcs/sources_1/bd/Mercury_XU5/ip/Mercury_XU5_ddr4_0/Mercury_XU5_ddr4_0/Mercury_XU5_ddr4_0_in_context.xdc, line 14).
Applied set_property IO_BUFFER_TYPE = NONE for DDR4PL_A[12]. (constraint file  /home/okazaki/projects/mpsoc-on-endcap-sl/Mercury_XU5_PE1_Reference_Design/reference_design/Vivado/ME-XU5-5EV-2I-D12E/Mercury_XU5_PE1.srcs/sources_1/bd/Mercury_XU5/ip/Mercury_XU5_ddr4_0/Mercury_XU5_ddr4_0/Mercury_XU5_ddr4_0_in_context.xdc, line 15).
Applied set_property CLOCK_BUFFER_TYPE = NONE for DDR4PL_A[12]. (constraint file  /home/okazaki/projects/mpsoc-on-endcap-sl/Mercury_XU5_PE1_Reference_Design/reference_design/Vivado/ME-XU5-5EV-2I-D12E/Mercury_XU5_PE1.srcs/sources_1/bd/Mercury_XU5/ip/Mercury_XU5_ddr4_0/Mercury_XU5_ddr4_0/Mercury_XU5_ddr4_0_in_context.xdc, line 16).
Applied set_property IO_BUFFER_TYPE = NONE for DDR4PL_A[13]. (constraint file  /home/okazaki/projects/mpsoc-on-endcap-sl/Mercury_XU5_PE1_Reference_Design/reference_design/Vivado/ME-XU5-5EV-2I-D12E/Mercury_XU5_PE1.srcs/sources_1/bd/Mercury_XU5/ip/Mercury_XU5_ddr4_0/Mercury_XU5_ddr4_0/Mercury_XU5_ddr4_0_in_context.xdc, line 17).
Applied set_property CLOCK_BUFFER_TYPE = NONE for DDR4PL_A[13]. (constraint file  /home/okazaki/projects/mpsoc-on-endcap-sl/Mercury_XU5_PE1_Reference_Design/reference_design/Vivado/ME-XU5-5EV-2I-D12E/Mercury_XU5_PE1.srcs/sources_1/bd/Mercury_XU5/ip/Mercury_XU5_ddr4_0/Mercury_XU5_ddr4_0/Mercury_XU5_ddr4_0_in_context.xdc, line 18).
Applied set_property IO_BUFFER_TYPE = NONE for DDR4PL_A[14]. (constraint file  /home/okazaki/projects/mpsoc-on-endcap-sl/Mercury_XU5_PE1_Reference_Design/reference_design/Vivado/ME-XU5-5EV-2I-D12E/Mercury_XU5_PE1.srcs/sources_1/bd/Mercury_XU5/ip/Mercury_XU5_ddr4_0/Mercury_XU5_ddr4_0/Mercury_XU5_ddr4_0_in_context.xdc, line 19).
Applied set_property CLOCK_BUFFER_TYPE = NONE for DDR4PL_A[14]. (constraint file  /home/okazaki/projects/mpsoc-on-endcap-sl/Mercury_XU5_PE1_Reference_Design/reference_design/Vivado/ME-XU5-5EV-2I-D12E/Mercury_XU5_PE1.srcs/sources_1/bd/Mercury_XU5/ip/Mercury_XU5_ddr4_0/Mercury_XU5_ddr4_0/Mercury_XU5_ddr4_0_in_context.xdc, line 20).
Applied set_property IO_BUFFER_TYPE = NONE for DDR4PL_A[15]. (constraint file  /home/okazaki/projects/mpsoc-on-endcap-sl/Mercury_XU5_PE1_Reference_Design/reference_design/Vivado/ME-XU5-5EV-2I-D12E/Mercury_XU5_PE1.srcs/sources_1/bd/Mercury_XU5/ip/Mercury_XU5_ddr4_0/Mercury_XU5_ddr4_0/Mercury_XU5_ddr4_0_in_context.xdc, line 21).
Applied set_property CLOCK_BUFFER_TYPE = NONE for DDR4PL_A[15]. (constraint file  /home/okazaki/projects/mpsoc-on-endcap-sl/Mercury_XU5_PE1_Reference_Design/reference_design/Vivado/ME-XU5-5EV-2I-D12E/Mercury_XU5_PE1.srcs/sources_1/bd/Mercury_XU5/ip/Mercury_XU5_ddr4_0/Mercury_XU5_ddr4_0/Mercury_XU5_ddr4_0_in_context.xdc, line 22).
Applied set_property IO_BUFFER_TYPE = NONE for DDR4PL_A[16]. (constraint file  /home/okazaki/projects/mpsoc-on-endcap-sl/Mercury_XU5_PE1_Reference_Design/reference_design/Vivado/ME-XU5-5EV-2I-D12E/Mercury_XU5_PE1.srcs/sources_1/bd/Mercury_XU5/ip/Mercury_XU5_ddr4_0/Mercury_XU5_ddr4_0/Mercury_XU5_ddr4_0_in_context.xdc, line 23).
Applied set_property CLOCK_BUFFER_TYPE = NONE for DDR4PL_A[16]. (constraint file  /home/okazaki/projects/mpsoc-on-endcap-sl/Mercury_XU5_PE1_Reference_Design/reference_design/Vivado/ME-XU5-5EV-2I-D12E/Mercury_XU5_PE1.srcs/sources_1/bd/Mercury_XU5/ip/Mercury_XU5_ddr4_0/Mercury_XU5_ddr4_0/Mercury_XU5_ddr4_0_in_context.xdc, line 24).
Applied set_property IO_BUFFER_TYPE = NONE for DDR4PL_A[1]. (constraint file  /home/okazaki/projects/mpsoc-on-endcap-sl/Mercury_XU5_PE1_Reference_Design/reference_design/Vivado/ME-XU5-5EV-2I-D12E/Mercury_XU5_PE1.srcs/sources_1/bd/Mercury_XU5/ip/Mercury_XU5_ddr4_0/Mercury_XU5_ddr4_0/Mercury_XU5_ddr4_0_in_context.xdc, line 25).
Applied set_property CLOCK_BUFFER_TYPE = NONE for DDR4PL_A[1]. (constraint file  /home/okazaki/projects/mpsoc-on-endcap-sl/Mercury_XU5_PE1_Reference_Design/reference_design/Vivado/ME-XU5-5EV-2I-D12E/Mercury_XU5_PE1.srcs/sources_1/bd/Mercury_XU5/ip/Mercury_XU5_ddr4_0/Mercury_XU5_ddr4_0/Mercury_XU5_ddr4_0_in_context.xdc, line 26).
Applied set_property IO_BUFFER_TYPE = NONE for DDR4PL_A[2]. (constraint file  /home/okazaki/projects/mpsoc-on-endcap-sl/Mercury_XU5_PE1_Reference_Design/reference_design/Vivado/ME-XU5-5EV-2I-D12E/Mercury_XU5_PE1.srcs/sources_1/bd/Mercury_XU5/ip/Mercury_XU5_ddr4_0/Mercury_XU5_ddr4_0/Mercury_XU5_ddr4_0_in_context.xdc, line 27).
Applied set_property CLOCK_BUFFER_TYPE = NONE for DDR4PL_A[2]. (constraint file  /home/okazaki/projects/mpsoc-on-endcap-sl/Mercury_XU5_PE1_Reference_Design/reference_design/Vivado/ME-XU5-5EV-2I-D12E/Mercury_XU5_PE1.srcs/sources_1/bd/Mercury_XU5/ip/Mercury_XU5_ddr4_0/Mercury_XU5_ddr4_0/Mercury_XU5_ddr4_0_in_context.xdc, line 28).
Applied set_property IO_BUFFER_TYPE = NONE for DDR4PL_A[3]. (constraint file  /home/okazaki/projects/mpsoc-on-endcap-sl/Mercury_XU5_PE1_Reference_Design/reference_design/Vivado/ME-XU5-5EV-2I-D12E/Mercury_XU5_PE1.srcs/sources_1/bd/Mercury_XU5/ip/Mercury_XU5_ddr4_0/Mercury_XU5_ddr4_0/Mercury_XU5_ddr4_0_in_context.xdc, line 29).
Applied set_property CLOCK_BUFFER_TYPE = NONE for DDR4PL_A[3]. (constraint file  /home/okazaki/projects/mpsoc-on-endcap-sl/Mercury_XU5_PE1_Reference_Design/reference_design/Vivado/ME-XU5-5EV-2I-D12E/Mercury_XU5_PE1.srcs/sources_1/bd/Mercury_XU5/ip/Mercury_XU5_ddr4_0/Mercury_XU5_ddr4_0/Mercury_XU5_ddr4_0_in_context.xdc, line 30).
Applied set_property IO_BUFFER_TYPE = NONE for DDR4PL_A[4]. (constraint file  /home/okazaki/projects/mpsoc-on-endcap-sl/Mercury_XU5_PE1_Reference_Design/reference_design/Vivado/ME-XU5-5EV-2I-D12E/Mercury_XU5_PE1.srcs/sources_1/bd/Mercury_XU5/ip/Mercury_XU5_ddr4_0/Mercury_XU5_ddr4_0/Mercury_XU5_ddr4_0_in_context.xdc, line 31).
Applied set_property CLOCK_BUFFER_TYPE = NONE for DDR4PL_A[4]. (constraint file  /home/okazaki/projects/mpsoc-on-endcap-sl/Mercury_XU5_PE1_Reference_Design/reference_design/Vivado/ME-XU5-5EV-2I-D12E/Mercury_XU5_PE1.srcs/sources_1/bd/Mercury_XU5/ip/Mercury_XU5_ddr4_0/Mercury_XU5_ddr4_0/Mercury_XU5_ddr4_0_in_context.xdc, line 32).
Applied set_property IO_BUFFER_TYPE = NONE for DDR4PL_A[5]. (constraint file  /home/okazaki/projects/mpsoc-on-endcap-sl/Mercury_XU5_PE1_Reference_Design/reference_design/Vivado/ME-XU5-5EV-2I-D12E/Mercury_XU5_PE1.srcs/sources_1/bd/Mercury_XU5/ip/Mercury_XU5_ddr4_0/Mercury_XU5_ddr4_0/Mercury_XU5_ddr4_0_in_context.xdc, line 33).
Applied set_property CLOCK_BUFFER_TYPE = NONE for DDR4PL_A[5]. (constraint file  /home/okazaki/projects/mpsoc-on-endcap-sl/Mercury_XU5_PE1_Reference_Design/reference_design/Vivado/ME-XU5-5EV-2I-D12E/Mercury_XU5_PE1.srcs/sources_1/bd/Mercury_XU5/ip/Mercury_XU5_ddr4_0/Mercury_XU5_ddr4_0/Mercury_XU5_ddr4_0_in_context.xdc, line 34).
Applied set_property IO_BUFFER_TYPE = NONE for DDR4PL_A[6]. (constraint file  /home/okazaki/projects/mpsoc-on-endcap-sl/Mercury_XU5_PE1_Reference_Design/reference_design/Vivado/ME-XU5-5EV-2I-D12E/Mercury_XU5_PE1.srcs/sources_1/bd/Mercury_XU5/ip/Mercury_XU5_ddr4_0/Mercury_XU5_ddr4_0/Mercury_XU5_ddr4_0_in_context.xdc, line 35).
Applied set_property CLOCK_BUFFER_TYPE = NONE for DDR4PL_A[6]. (constraint file  /home/okazaki/projects/mpsoc-on-endcap-sl/Mercury_XU5_PE1_Reference_Design/reference_design/Vivado/ME-XU5-5EV-2I-D12E/Mercury_XU5_PE1.srcs/sources_1/bd/Mercury_XU5/ip/Mercury_XU5_ddr4_0/Mercury_XU5_ddr4_0/Mercury_XU5_ddr4_0_in_context.xdc, line 36).
Applied set_property IO_BUFFER_TYPE = NONE for DDR4PL_A[7]. (constraint file  /home/okazaki/projects/mpsoc-on-endcap-sl/Mercury_XU5_PE1_Reference_Design/reference_design/Vivado/ME-XU5-5EV-2I-D12E/Mercury_XU5_PE1.srcs/sources_1/bd/Mercury_XU5/ip/Mercury_XU5_ddr4_0/Mercury_XU5_ddr4_0/Mercury_XU5_ddr4_0_in_context.xdc, line 37).
Applied set_property CLOCK_BUFFER_TYPE = NONE for DDR4PL_A[7]. (constraint file  /home/okazaki/projects/mpsoc-on-endcap-sl/Mercury_XU5_PE1_Reference_Design/reference_design/Vivado/ME-XU5-5EV-2I-D12E/Mercury_XU5_PE1.srcs/sources_1/bd/Mercury_XU5/ip/Mercury_XU5_ddr4_0/Mercury_XU5_ddr4_0/Mercury_XU5_ddr4_0_in_context.xdc, line 38).
Applied set_property IO_BUFFER_TYPE = NONE for DDR4PL_A[8]. (constraint file  /home/okazaki/projects/mpsoc-on-endcap-sl/Mercury_XU5_PE1_Reference_Design/reference_design/Vivado/ME-XU5-5EV-2I-D12E/Mercury_XU5_PE1.srcs/sources_1/bd/Mercury_XU5/ip/Mercury_XU5_ddr4_0/Mercury_XU5_ddr4_0/Mercury_XU5_ddr4_0_in_context.xdc, line 39).
Applied set_property CLOCK_BUFFER_TYPE = NONE for DDR4PL_A[8]. (constraint file  /home/okazaki/projects/mpsoc-on-endcap-sl/Mercury_XU5_PE1_Reference_Design/reference_design/Vivado/ME-XU5-5EV-2I-D12E/Mercury_XU5_PE1.srcs/sources_1/bd/Mercury_XU5/ip/Mercury_XU5_ddr4_0/Mercury_XU5_ddr4_0/Mercury_XU5_ddr4_0_in_context.xdc, line 40).
Applied set_property IO_BUFFER_TYPE = NONE for DDR4PL_A[9]. (constraint file  /home/okazaki/projects/mpsoc-on-endcap-sl/Mercury_XU5_PE1_Reference_Design/reference_design/Vivado/ME-XU5-5EV-2I-D12E/Mercury_XU5_PE1.srcs/sources_1/bd/Mercury_XU5/ip/Mercury_XU5_ddr4_0/Mercury_XU5_ddr4_0/Mercury_XU5_ddr4_0_in_context.xdc, line 41).
Applied set_property CLOCK_BUFFER_TYPE = NONE for DDR4PL_A[9]. (constraint file  /home/okazaki/projects/mpsoc-on-endcap-sl/Mercury_XU5_PE1_Reference_Design/reference_design/Vivado/ME-XU5-5EV-2I-D12E/Mercury_XU5_PE1.srcs/sources_1/bd/Mercury_XU5/ip/Mercury_XU5_ddr4_0/Mercury_XU5_ddr4_0/Mercury_XU5_ddr4_0_in_context.xdc, line 42).
Applied set_property IO_BUFFER_TYPE = NONE for DDR4PL_BA[0]. (constraint file  /home/okazaki/projects/mpsoc-on-endcap-sl/Mercury_XU5_PE1_Reference_Design/reference_design/Vivado/ME-XU5-5EV-2I-D12E/Mercury_XU5_PE1.srcs/sources_1/bd/Mercury_XU5/ip/Mercury_XU5_ddr4_0/Mercury_XU5_ddr4_0/Mercury_XU5_ddr4_0_in_context.xdc, line 43).
Applied set_property CLOCK_BUFFER_TYPE = NONE for DDR4PL_BA[0]. (constraint file  /home/okazaki/projects/mpsoc-on-endcap-sl/Mercury_XU5_PE1_Reference_Design/reference_design/Vivado/ME-XU5-5EV-2I-D12E/Mercury_XU5_PE1.srcs/sources_1/bd/Mercury_XU5/ip/Mercury_XU5_ddr4_0/Mercury_XU5_ddr4_0/Mercury_XU5_ddr4_0_in_context.xdc, line 44).
Applied set_property IO_BUFFER_TYPE = NONE for DDR4PL_BA[1]. (constraint file  /home/okazaki/projects/mpsoc-on-endcap-sl/Mercury_XU5_PE1_Reference_Design/reference_design/Vivado/ME-XU5-5EV-2I-D12E/Mercury_XU5_PE1.srcs/sources_1/bd/Mercury_XU5/ip/Mercury_XU5_ddr4_0/Mercury_XU5_ddr4_0/Mercury_XU5_ddr4_0_in_context.xdc, line 45).
Applied set_property CLOCK_BUFFER_TYPE = NONE for DDR4PL_BA[1]. (constraint file  /home/okazaki/projects/mpsoc-on-endcap-sl/Mercury_XU5_PE1_Reference_Design/reference_design/Vivado/ME-XU5-5EV-2I-D12E/Mercury_XU5_PE1.srcs/sources_1/bd/Mercury_XU5/ip/Mercury_XU5_ddr4_0/Mercury_XU5_ddr4_0/Mercury_XU5_ddr4_0_in_context.xdc, line 46).
Applied set_property IO_BUFFER_TYPE = NONE for DDR4PL_BG[0]. (constraint file  /home/okazaki/projects/mpsoc-on-endcap-sl/Mercury_XU5_PE1_Reference_Design/reference_design/Vivado/ME-XU5-5EV-2I-D12E/Mercury_XU5_PE1.srcs/sources_1/bd/Mercury_XU5/ip/Mercury_XU5_ddr4_0/Mercury_XU5_ddr4_0/Mercury_XU5_ddr4_0_in_context.xdc, line 47).
Applied set_property CLOCK_BUFFER_TYPE = NONE for DDR4PL_BG[0]. (constraint file  /home/okazaki/projects/mpsoc-on-endcap-sl/Mercury_XU5_PE1_Reference_Design/reference_design/Vivado/ME-XU5-5EV-2I-D12E/Mercury_XU5_PE1.srcs/sources_1/bd/Mercury_XU5/ip/Mercury_XU5_ddr4_0/Mercury_XU5_ddr4_0/Mercury_XU5_ddr4_0_in_context.xdc, line 48).
Applied set_property IO_BUFFER_TYPE = NONE for DDR4PL_CK_N[0]. (constraint file  /home/okazaki/projects/mpsoc-on-endcap-sl/Mercury_XU5_PE1_Reference_Design/reference_design/Vivado/ME-XU5-5EV-2I-D12E/Mercury_XU5_PE1.srcs/sources_1/bd/Mercury_XU5/ip/Mercury_XU5_ddr4_0/Mercury_XU5_ddr4_0/Mercury_XU5_ddr4_0_in_context.xdc, line 49).
Applied set_property CLOCK_BUFFER_TYPE = NONE for DDR4PL_CK_N[0]. (constraint file  /home/okazaki/projects/mpsoc-on-endcap-sl/Mercury_XU5_PE1_Reference_Design/reference_design/Vivado/ME-XU5-5EV-2I-D12E/Mercury_XU5_PE1.srcs/sources_1/bd/Mercury_XU5/ip/Mercury_XU5_ddr4_0/Mercury_XU5_ddr4_0/Mercury_XU5_ddr4_0_in_context.xdc, line 50).
Applied set_property IO_BUFFER_TYPE = NONE for DDR4PL_CK_P[0]. (constraint file  /home/okazaki/projects/mpsoc-on-endcap-sl/Mercury_XU5_PE1_Reference_Design/reference_design/Vivado/ME-XU5-5EV-2I-D12E/Mercury_XU5_PE1.srcs/sources_1/bd/Mercury_XU5/ip/Mercury_XU5_ddr4_0/Mercury_XU5_ddr4_0/Mercury_XU5_ddr4_0_in_context.xdc, line 51).
Applied set_property CLOCK_BUFFER_TYPE = NONE for DDR4PL_CK_P[0]. (constraint file  /home/okazaki/projects/mpsoc-on-endcap-sl/Mercury_XU5_PE1_Reference_Design/reference_design/Vivado/ME-XU5-5EV-2I-D12E/Mercury_XU5_PE1.srcs/sources_1/bd/Mercury_XU5/ip/Mercury_XU5_ddr4_0/Mercury_XU5_ddr4_0/Mercury_XU5_ddr4_0_in_context.xdc, line 52).
Applied set_property IO_BUFFER_TYPE = NONE for DDR4PL_CKE[0]. (constraint file  /home/okazaki/projects/mpsoc-on-endcap-sl/Mercury_XU5_PE1_Reference_Design/reference_design/Vivado/ME-XU5-5EV-2I-D12E/Mercury_XU5_PE1.srcs/sources_1/bd/Mercury_XU5/ip/Mercury_XU5_ddr4_0/Mercury_XU5_ddr4_0/Mercury_XU5_ddr4_0_in_context.xdc, line 53).
Applied set_property CLOCK_BUFFER_TYPE = NONE for DDR4PL_CKE[0]. (constraint file  /home/okazaki/projects/mpsoc-on-endcap-sl/Mercury_XU5_PE1_Reference_Design/reference_design/Vivado/ME-XU5-5EV-2I-D12E/Mercury_XU5_PE1.srcs/sources_1/bd/Mercury_XU5/ip/Mercury_XU5_ddr4_0/Mercury_XU5_ddr4_0/Mercury_XU5_ddr4_0_in_context.xdc, line 54).
Applied set_property IO_BUFFER_TYPE = NONE for DDR4PL_CS_N[0]. (constraint file  /home/okazaki/projects/mpsoc-on-endcap-sl/Mercury_XU5_PE1_Reference_Design/reference_design/Vivado/ME-XU5-5EV-2I-D12E/Mercury_XU5_PE1.srcs/sources_1/bd/Mercury_XU5/ip/Mercury_XU5_ddr4_0/Mercury_XU5_ddr4_0/Mercury_XU5_ddr4_0_in_context.xdc, line 55).
Applied set_property CLOCK_BUFFER_TYPE = NONE for DDR4PL_CS_N[0]. (constraint file  /home/okazaki/projects/mpsoc-on-endcap-sl/Mercury_XU5_PE1_Reference_Design/reference_design/Vivado/ME-XU5-5EV-2I-D12E/Mercury_XU5_PE1.srcs/sources_1/bd/Mercury_XU5/ip/Mercury_XU5_ddr4_0/Mercury_XU5_ddr4_0/Mercury_XU5_ddr4_0_in_context.xdc, line 56).
Applied set_property IO_BUFFER_TYPE = NONE for DDR4PL_DM[0]. (constraint file  /home/okazaki/projects/mpsoc-on-endcap-sl/Mercury_XU5_PE1_Reference_Design/reference_design/Vivado/ME-XU5-5EV-2I-D12E/Mercury_XU5_PE1.srcs/sources_1/bd/Mercury_XU5/ip/Mercury_XU5_ddr4_0/Mercury_XU5_ddr4_0/Mercury_XU5_ddr4_0_in_context.xdc, line 57).
Applied set_property CLOCK_BUFFER_TYPE = NONE for DDR4PL_DM[0]. (constraint file  /home/okazaki/projects/mpsoc-on-endcap-sl/Mercury_XU5_PE1_Reference_Design/reference_design/Vivado/ME-XU5-5EV-2I-D12E/Mercury_XU5_PE1.srcs/sources_1/bd/Mercury_XU5/ip/Mercury_XU5_ddr4_0/Mercury_XU5_ddr4_0/Mercury_XU5_ddr4_0_in_context.xdc, line 58).
Applied set_property IO_BUFFER_TYPE = NONE for DDR4PL_DM[1]. (constraint file  /home/okazaki/projects/mpsoc-on-endcap-sl/Mercury_XU5_PE1_Reference_Design/reference_design/Vivado/ME-XU5-5EV-2I-D12E/Mercury_XU5_PE1.srcs/sources_1/bd/Mercury_XU5/ip/Mercury_XU5_ddr4_0/Mercury_XU5_ddr4_0/Mercury_XU5_ddr4_0_in_context.xdc, line 59).
Applied set_property CLOCK_BUFFER_TYPE = NONE for DDR4PL_DM[1]. (constraint file  /home/okazaki/projects/mpsoc-on-endcap-sl/Mercury_XU5_PE1_Reference_Design/reference_design/Vivado/ME-XU5-5EV-2I-D12E/Mercury_XU5_PE1.srcs/sources_1/bd/Mercury_XU5/ip/Mercury_XU5_ddr4_0/Mercury_XU5_ddr4_0/Mercury_XU5_ddr4_0_in_context.xdc, line 60).
Applied set_property IO_BUFFER_TYPE = NONE for DDR4PL_DQ[0]. (constraint file  /home/okazaki/projects/mpsoc-on-endcap-sl/Mercury_XU5_PE1_Reference_Design/reference_design/Vivado/ME-XU5-5EV-2I-D12E/Mercury_XU5_PE1.srcs/sources_1/bd/Mercury_XU5/ip/Mercury_XU5_ddr4_0/Mercury_XU5_ddr4_0/Mercury_XU5_ddr4_0_in_context.xdc, line 61).
Applied set_property CLOCK_BUFFER_TYPE = NONE for DDR4PL_DQ[0]. (constraint file  /home/okazaki/projects/mpsoc-on-endcap-sl/Mercury_XU5_PE1_Reference_Design/reference_design/Vivado/ME-XU5-5EV-2I-D12E/Mercury_XU5_PE1.srcs/sources_1/bd/Mercury_XU5/ip/Mercury_XU5_ddr4_0/Mercury_XU5_ddr4_0/Mercury_XU5_ddr4_0_in_context.xdc, line 62).
Applied set_property IO_BUFFER_TYPE = NONE for DDR4PL_DQ[10]. (constraint file  /home/okazaki/projects/mpsoc-on-endcap-sl/Mercury_XU5_PE1_Reference_Design/reference_design/Vivado/ME-XU5-5EV-2I-D12E/Mercury_XU5_PE1.srcs/sources_1/bd/Mercury_XU5/ip/Mercury_XU5_ddr4_0/Mercury_XU5_ddr4_0/Mercury_XU5_ddr4_0_in_context.xdc, line 63).
Applied set_property CLOCK_BUFFER_TYPE = NONE for DDR4PL_DQ[10]. (constraint file  /home/okazaki/projects/mpsoc-on-endcap-sl/Mercury_XU5_PE1_Reference_Design/reference_design/Vivado/ME-XU5-5EV-2I-D12E/Mercury_XU5_PE1.srcs/sources_1/bd/Mercury_XU5/ip/Mercury_XU5_ddr4_0/Mercury_XU5_ddr4_0/Mercury_XU5_ddr4_0_in_context.xdc, line 64).
Applied set_property IO_BUFFER_TYPE = NONE for DDR4PL_DQ[11]. (constraint file  /home/okazaki/projects/mpsoc-on-endcap-sl/Mercury_XU5_PE1_Reference_Design/reference_design/Vivado/ME-XU5-5EV-2I-D12E/Mercury_XU5_PE1.srcs/sources_1/bd/Mercury_XU5/ip/Mercury_XU5_ddr4_0/Mercury_XU5_ddr4_0/Mercury_XU5_ddr4_0_in_context.xdc, line 65).
Applied set_property CLOCK_BUFFER_TYPE = NONE for DDR4PL_DQ[11]. (constraint file  /home/okazaki/projects/mpsoc-on-endcap-sl/Mercury_XU5_PE1_Reference_Design/reference_design/Vivado/ME-XU5-5EV-2I-D12E/Mercury_XU5_PE1.srcs/sources_1/bd/Mercury_XU5/ip/Mercury_XU5_ddr4_0/Mercury_XU5_ddr4_0/Mercury_XU5_ddr4_0_in_context.xdc, line 66).
Applied set_property IO_BUFFER_TYPE = NONE for DDR4PL_DQ[12]. (constraint file  /home/okazaki/projects/mpsoc-on-endcap-sl/Mercury_XU5_PE1_Reference_Design/reference_design/Vivado/ME-XU5-5EV-2I-D12E/Mercury_XU5_PE1.srcs/sources_1/bd/Mercury_XU5/ip/Mercury_XU5_ddr4_0/Mercury_XU5_ddr4_0/Mercury_XU5_ddr4_0_in_context.xdc, line 67).
Applied set_property CLOCK_BUFFER_TYPE = NONE for DDR4PL_DQ[12]. (constraint file  /home/okazaki/projects/mpsoc-on-endcap-sl/Mercury_XU5_PE1_Reference_Design/reference_design/Vivado/ME-XU5-5EV-2I-D12E/Mercury_XU5_PE1.srcs/sources_1/bd/Mercury_XU5/ip/Mercury_XU5_ddr4_0/Mercury_XU5_ddr4_0/Mercury_XU5_ddr4_0_in_context.xdc, line 68).
Applied set_property IO_BUFFER_TYPE = NONE for DDR4PL_DQ[13]. (constraint file  /home/okazaki/projects/mpsoc-on-endcap-sl/Mercury_XU5_PE1_Reference_Design/reference_design/Vivado/ME-XU5-5EV-2I-D12E/Mercury_XU5_PE1.srcs/sources_1/bd/Mercury_XU5/ip/Mercury_XU5_ddr4_0/Mercury_XU5_ddr4_0/Mercury_XU5_ddr4_0_in_context.xdc, line 69).
Applied set_property CLOCK_BUFFER_TYPE = NONE for DDR4PL_DQ[13]. (constraint file  /home/okazaki/projects/mpsoc-on-endcap-sl/Mercury_XU5_PE1_Reference_Design/reference_design/Vivado/ME-XU5-5EV-2I-D12E/Mercury_XU5_PE1.srcs/sources_1/bd/Mercury_XU5/ip/Mercury_XU5_ddr4_0/Mercury_XU5_ddr4_0/Mercury_XU5_ddr4_0_in_context.xdc, line 70).
Applied set_property IO_BUFFER_TYPE = NONE for DDR4PL_DQ[14]. (constraint file  /home/okazaki/projects/mpsoc-on-endcap-sl/Mercury_XU5_PE1_Reference_Design/reference_design/Vivado/ME-XU5-5EV-2I-D12E/Mercury_XU5_PE1.srcs/sources_1/bd/Mercury_XU5/ip/Mercury_XU5_ddr4_0/Mercury_XU5_ddr4_0/Mercury_XU5_ddr4_0_in_context.xdc, line 71).
Applied set_property CLOCK_BUFFER_TYPE = NONE for DDR4PL_DQ[14]. (constraint file  /home/okazaki/projects/mpsoc-on-endcap-sl/Mercury_XU5_PE1_Reference_Design/reference_design/Vivado/ME-XU5-5EV-2I-D12E/Mercury_XU5_PE1.srcs/sources_1/bd/Mercury_XU5/ip/Mercury_XU5_ddr4_0/Mercury_XU5_ddr4_0/Mercury_XU5_ddr4_0_in_context.xdc, line 72).
Applied set_property IO_BUFFER_TYPE = NONE for DDR4PL_DQ[15]. (constraint file  /home/okazaki/projects/mpsoc-on-endcap-sl/Mercury_XU5_PE1_Reference_Design/reference_design/Vivado/ME-XU5-5EV-2I-D12E/Mercury_XU5_PE1.srcs/sources_1/bd/Mercury_XU5/ip/Mercury_XU5_ddr4_0/Mercury_XU5_ddr4_0/Mercury_XU5_ddr4_0_in_context.xdc, line 73).
Applied set_property CLOCK_BUFFER_TYPE = NONE for DDR4PL_DQ[15]. (constraint file  /home/okazaki/projects/mpsoc-on-endcap-sl/Mercury_XU5_PE1_Reference_Design/reference_design/Vivado/ME-XU5-5EV-2I-D12E/Mercury_XU5_PE1.srcs/sources_1/bd/Mercury_XU5/ip/Mercury_XU5_ddr4_0/Mercury_XU5_ddr4_0/Mercury_XU5_ddr4_0_in_context.xdc, line 74).
Applied set_property IO_BUFFER_TYPE = NONE for DDR4PL_DQ[1]. (constraint file  /home/okazaki/projects/mpsoc-on-endcap-sl/Mercury_XU5_PE1_Reference_Design/reference_design/Vivado/ME-XU5-5EV-2I-D12E/Mercury_XU5_PE1.srcs/sources_1/bd/Mercury_XU5/ip/Mercury_XU5_ddr4_0/Mercury_XU5_ddr4_0/Mercury_XU5_ddr4_0_in_context.xdc, line 75).
Applied set_property CLOCK_BUFFER_TYPE = NONE for DDR4PL_DQ[1]. (constraint file  /home/okazaki/projects/mpsoc-on-endcap-sl/Mercury_XU5_PE1_Reference_Design/reference_design/Vivado/ME-XU5-5EV-2I-D12E/Mercury_XU5_PE1.srcs/sources_1/bd/Mercury_XU5/ip/Mercury_XU5_ddr4_0/Mercury_XU5_ddr4_0/Mercury_XU5_ddr4_0_in_context.xdc, line 76).
Applied set_property IO_BUFFER_TYPE = NONE for DDR4PL_DQ[2]. (constraint file  /home/okazaki/projects/mpsoc-on-endcap-sl/Mercury_XU5_PE1_Reference_Design/reference_design/Vivado/ME-XU5-5EV-2I-D12E/Mercury_XU5_PE1.srcs/sources_1/bd/Mercury_XU5/ip/Mercury_XU5_ddr4_0/Mercury_XU5_ddr4_0/Mercury_XU5_ddr4_0_in_context.xdc, line 77).
Applied set_property CLOCK_BUFFER_TYPE = NONE for DDR4PL_DQ[2]. (constraint file  /home/okazaki/projects/mpsoc-on-endcap-sl/Mercury_XU5_PE1_Reference_Design/reference_design/Vivado/ME-XU5-5EV-2I-D12E/Mercury_XU5_PE1.srcs/sources_1/bd/Mercury_XU5/ip/Mercury_XU5_ddr4_0/Mercury_XU5_ddr4_0/Mercury_XU5_ddr4_0_in_context.xdc, line 78).
Applied set_property IO_BUFFER_TYPE = NONE for DDR4PL_DQ[3]. (constraint file  /home/okazaki/projects/mpsoc-on-endcap-sl/Mercury_XU5_PE1_Reference_Design/reference_design/Vivado/ME-XU5-5EV-2I-D12E/Mercury_XU5_PE1.srcs/sources_1/bd/Mercury_XU5/ip/Mercury_XU5_ddr4_0/Mercury_XU5_ddr4_0/Mercury_XU5_ddr4_0_in_context.xdc, line 79).
Applied set_property CLOCK_BUFFER_TYPE = NONE for DDR4PL_DQ[3]. (constraint file  /home/okazaki/projects/mpsoc-on-endcap-sl/Mercury_XU5_PE1_Reference_Design/reference_design/Vivado/ME-XU5-5EV-2I-D12E/Mercury_XU5_PE1.srcs/sources_1/bd/Mercury_XU5/ip/Mercury_XU5_ddr4_0/Mercury_XU5_ddr4_0/Mercury_XU5_ddr4_0_in_context.xdc, line 80).
Applied set_property IO_BUFFER_TYPE = NONE for DDR4PL_DQ[4]. (constraint file  /home/okazaki/projects/mpsoc-on-endcap-sl/Mercury_XU5_PE1_Reference_Design/reference_design/Vivado/ME-XU5-5EV-2I-D12E/Mercury_XU5_PE1.srcs/sources_1/bd/Mercury_XU5/ip/Mercury_XU5_ddr4_0/Mercury_XU5_ddr4_0/Mercury_XU5_ddr4_0_in_context.xdc, line 81).
Applied set_property CLOCK_BUFFER_TYPE = NONE for DDR4PL_DQ[4]. (constraint file  /home/okazaki/projects/mpsoc-on-endcap-sl/Mercury_XU5_PE1_Reference_Design/reference_design/Vivado/ME-XU5-5EV-2I-D12E/Mercury_XU5_PE1.srcs/sources_1/bd/Mercury_XU5/ip/Mercury_XU5_ddr4_0/Mercury_XU5_ddr4_0/Mercury_XU5_ddr4_0_in_context.xdc, line 82).
Applied set_property IO_BUFFER_TYPE = NONE for DDR4PL_DQ[5]. (constraint file  /home/okazaki/projects/mpsoc-on-endcap-sl/Mercury_XU5_PE1_Reference_Design/reference_design/Vivado/ME-XU5-5EV-2I-D12E/Mercury_XU5_PE1.srcs/sources_1/bd/Mercury_XU5/ip/Mercury_XU5_ddr4_0/Mercury_XU5_ddr4_0/Mercury_XU5_ddr4_0_in_context.xdc, line 83).
Applied set_property CLOCK_BUFFER_TYPE = NONE for DDR4PL_DQ[5]. (constraint file  /home/okazaki/projects/mpsoc-on-endcap-sl/Mercury_XU5_PE1_Reference_Design/reference_design/Vivado/ME-XU5-5EV-2I-D12E/Mercury_XU5_PE1.srcs/sources_1/bd/Mercury_XU5/ip/Mercury_XU5_ddr4_0/Mercury_XU5_ddr4_0/Mercury_XU5_ddr4_0_in_context.xdc, line 84).
Applied set_property IO_BUFFER_TYPE = NONE for DDR4PL_DQ[6]. (constraint file  /home/okazaki/projects/mpsoc-on-endcap-sl/Mercury_XU5_PE1_Reference_Design/reference_design/Vivado/ME-XU5-5EV-2I-D12E/Mercury_XU5_PE1.srcs/sources_1/bd/Mercury_XU5/ip/Mercury_XU5_ddr4_0/Mercury_XU5_ddr4_0/Mercury_XU5_ddr4_0_in_context.xdc, line 85).
Applied set_property CLOCK_BUFFER_TYPE = NONE for DDR4PL_DQ[6]. (constraint file  /home/okazaki/projects/mpsoc-on-endcap-sl/Mercury_XU5_PE1_Reference_Design/reference_design/Vivado/ME-XU5-5EV-2I-D12E/Mercury_XU5_PE1.srcs/sources_1/bd/Mercury_XU5/ip/Mercury_XU5_ddr4_0/Mercury_XU5_ddr4_0/Mercury_XU5_ddr4_0_in_context.xdc, line 86).
Applied set_property IO_BUFFER_TYPE = NONE for DDR4PL_DQ[7]. (constraint file  /home/okazaki/projects/mpsoc-on-endcap-sl/Mercury_XU5_PE1_Reference_Design/reference_design/Vivado/ME-XU5-5EV-2I-D12E/Mercury_XU5_PE1.srcs/sources_1/bd/Mercury_XU5/ip/Mercury_XU5_ddr4_0/Mercury_XU5_ddr4_0/Mercury_XU5_ddr4_0_in_context.xdc, line 87).
Applied set_property CLOCK_BUFFER_TYPE = NONE for DDR4PL_DQ[7]. (constraint file  /home/okazaki/projects/mpsoc-on-endcap-sl/Mercury_XU5_PE1_Reference_Design/reference_design/Vivado/ME-XU5-5EV-2I-D12E/Mercury_XU5_PE1.srcs/sources_1/bd/Mercury_XU5/ip/Mercury_XU5_ddr4_0/Mercury_XU5_ddr4_0/Mercury_XU5_ddr4_0_in_context.xdc, line 88).
Applied set_property IO_BUFFER_TYPE = NONE for DDR4PL_DQ[8]. (constraint file  /home/okazaki/projects/mpsoc-on-endcap-sl/Mercury_XU5_PE1_Reference_Design/reference_design/Vivado/ME-XU5-5EV-2I-D12E/Mercury_XU5_PE1.srcs/sources_1/bd/Mercury_XU5/ip/Mercury_XU5_ddr4_0/Mercury_XU5_ddr4_0/Mercury_XU5_ddr4_0_in_context.xdc, line 89).
Applied set_property CLOCK_BUFFER_TYPE = NONE for DDR4PL_DQ[8]. (constraint file  /home/okazaki/projects/mpsoc-on-endcap-sl/Mercury_XU5_PE1_Reference_Design/reference_design/Vivado/ME-XU5-5EV-2I-D12E/Mercury_XU5_PE1.srcs/sources_1/bd/Mercury_XU5/ip/Mercury_XU5_ddr4_0/Mercury_XU5_ddr4_0/Mercury_XU5_ddr4_0_in_context.xdc, line 90).
Applied set_property IO_BUFFER_TYPE = NONE for DDR4PL_DQ[9]. (constraint file  /home/okazaki/projects/mpsoc-on-endcap-sl/Mercury_XU5_PE1_Reference_Design/reference_design/Vivado/ME-XU5-5EV-2I-D12E/Mercury_XU5_PE1.srcs/sources_1/bd/Mercury_XU5/ip/Mercury_XU5_ddr4_0/Mercury_XU5_ddr4_0/Mercury_XU5_ddr4_0_in_context.xdc, line 91).
Applied set_property CLOCK_BUFFER_TYPE = NONE for DDR4PL_DQ[9]. (constraint file  /home/okazaki/projects/mpsoc-on-endcap-sl/Mercury_XU5_PE1_Reference_Design/reference_design/Vivado/ME-XU5-5EV-2I-D12E/Mercury_XU5_PE1.srcs/sources_1/bd/Mercury_XU5/ip/Mercury_XU5_ddr4_0/Mercury_XU5_ddr4_0/Mercury_XU5_ddr4_0_in_context.xdc, line 92).
Applied set_property IO_BUFFER_TYPE = NONE for DDR4PL_DQS_N[0]. (constraint file  /home/okazaki/projects/mpsoc-on-endcap-sl/Mercury_XU5_PE1_Reference_Design/reference_design/Vivado/ME-XU5-5EV-2I-D12E/Mercury_XU5_PE1.srcs/sources_1/bd/Mercury_XU5/ip/Mercury_XU5_ddr4_0/Mercury_XU5_ddr4_0/Mercury_XU5_ddr4_0_in_context.xdc, line 93).
Applied set_property CLOCK_BUFFER_TYPE = NONE for DDR4PL_DQS_N[0]. (constraint file  /home/okazaki/projects/mpsoc-on-endcap-sl/Mercury_XU5_PE1_Reference_Design/reference_design/Vivado/ME-XU5-5EV-2I-D12E/Mercury_XU5_PE1.srcs/sources_1/bd/Mercury_XU5/ip/Mercury_XU5_ddr4_0/Mercury_XU5_ddr4_0/Mercury_XU5_ddr4_0_in_context.xdc, line 94).
Applied set_property IO_BUFFER_TYPE = NONE for DDR4PL_DQS_N[1]. (constraint file  /home/okazaki/projects/mpsoc-on-endcap-sl/Mercury_XU5_PE1_Reference_Design/reference_design/Vivado/ME-XU5-5EV-2I-D12E/Mercury_XU5_PE1.srcs/sources_1/bd/Mercury_XU5/ip/Mercury_XU5_ddr4_0/Mercury_XU5_ddr4_0/Mercury_XU5_ddr4_0_in_context.xdc, line 95).
Applied set_property CLOCK_BUFFER_TYPE = NONE for DDR4PL_DQS_N[1]. (constraint file  /home/okazaki/projects/mpsoc-on-endcap-sl/Mercury_XU5_PE1_Reference_Design/reference_design/Vivado/ME-XU5-5EV-2I-D12E/Mercury_XU5_PE1.srcs/sources_1/bd/Mercury_XU5/ip/Mercury_XU5_ddr4_0/Mercury_XU5_ddr4_0/Mercury_XU5_ddr4_0_in_context.xdc, line 96).
Applied set_property IO_BUFFER_TYPE = NONE for DDR4PL_DQS_P[0]. (constraint file  /home/okazaki/projects/mpsoc-on-endcap-sl/Mercury_XU5_PE1_Reference_Design/reference_design/Vivado/ME-XU5-5EV-2I-D12E/Mercury_XU5_PE1.srcs/sources_1/bd/Mercury_XU5/ip/Mercury_XU5_ddr4_0/Mercury_XU5_ddr4_0/Mercury_XU5_ddr4_0_in_context.xdc, line 97).
Applied set_property CLOCK_BUFFER_TYPE = NONE for DDR4PL_DQS_P[0]. (constraint file  /home/okazaki/projects/mpsoc-on-endcap-sl/Mercury_XU5_PE1_Reference_Design/reference_design/Vivado/ME-XU5-5EV-2I-D12E/Mercury_XU5_PE1.srcs/sources_1/bd/Mercury_XU5/ip/Mercury_XU5_ddr4_0/Mercury_XU5_ddr4_0/Mercury_XU5_ddr4_0_in_context.xdc, line 98).
Applied set_property IO_BUFFER_TYPE = NONE for DDR4PL_DQS_P[1]. (constraint file  /home/okazaki/projects/mpsoc-on-endcap-sl/Mercury_XU5_PE1_Reference_Design/reference_design/Vivado/ME-XU5-5EV-2I-D12E/Mercury_XU5_PE1.srcs/sources_1/bd/Mercury_XU5/ip/Mercury_XU5_ddr4_0/Mercury_XU5_ddr4_0/Mercury_XU5_ddr4_0_in_context.xdc, line 99).
Applied set_property CLOCK_BUFFER_TYPE = NONE for DDR4PL_DQS_P[1]. (constraint file  /home/okazaki/projects/mpsoc-on-endcap-sl/Mercury_XU5_PE1_Reference_Design/reference_design/Vivado/ME-XU5-5EV-2I-D12E/Mercury_XU5_PE1.srcs/sources_1/bd/Mercury_XU5/ip/Mercury_XU5_ddr4_0/Mercury_XU5_ddr4_0/Mercury_XU5_ddr4_0_in_context.xdc, line 100).
Applied set_property IO_BUFFER_TYPE = NONE for DDR4PL_ODT[0]. (constraint file  /home/okazaki/projects/mpsoc-on-endcap-sl/Mercury_XU5_PE1_Reference_Design/reference_design/Vivado/ME-XU5-5EV-2I-D12E/Mercury_XU5_PE1.srcs/sources_1/bd/Mercury_XU5/ip/Mercury_XU5_ddr4_0/Mercury_XU5_ddr4_0/Mercury_XU5_ddr4_0_in_context.xdc, line 101).
Applied set_property CLOCK_BUFFER_TYPE = NONE for DDR4PL_ODT[0]. (constraint file  /home/okazaki/projects/mpsoc-on-endcap-sl/Mercury_XU5_PE1_Reference_Design/reference_design/Vivado/ME-XU5-5EV-2I-D12E/Mercury_XU5_PE1.srcs/sources_1/bd/Mercury_XU5/ip/Mercury_XU5_ddr4_0/Mercury_XU5_ddr4_0/Mercury_XU5_ddr4_0_in_context.xdc, line 102).
Applied set_property IO_BUFFER_TYPE = NONE for DDR4PL_RST_N. (constraint file  /home/okazaki/projects/mpsoc-on-endcap-sl/Mercury_XU5_PE1_Reference_Design/reference_design/Vivado/ME-XU5-5EV-2I-D12E/Mercury_XU5_PE1.srcs/sources_1/bd/Mercury_XU5/ip/Mercury_XU5_ddr4_0/Mercury_XU5_ddr4_0/Mercury_XU5_ddr4_0_in_context.xdc, line 103).
Applied set_property CLOCK_BUFFER_TYPE = NONE for DDR4PL_RST_N. (constraint file  /home/okazaki/projects/mpsoc-on-endcap-sl/Mercury_XU5_PE1_Reference_Design/reference_design/Vivado/ME-XU5-5EV-2I-D12E/Mercury_XU5_PE1.srcs/sources_1/bd/Mercury_XU5/ip/Mercury_XU5_ddr4_0/Mercury_XU5_ddr4_0/Mercury_XU5_ddr4_0_in_context.xdc, line 104).
Applied set_property IO_BUFFER_TYPE = NONE for CLK100_PL_N. (constraint file  /home/okazaki/projects/mpsoc-on-endcap-sl/Mercury_XU5_PE1_Reference_Design/reference_design/Vivado/ME-XU5-5EV-2I-D12E/Mercury_XU5_PE1.srcs/sources_1/bd/Mercury_XU5/ip/Mercury_XU5_ddr4_0/Mercury_XU5_ddr4_0/Mercury_XU5_ddr4_0_in_context.xdc, line 105).
Applied set_property CLOCK_BUFFER_TYPE = NONE for CLK100_PL_N. (constraint file  /home/okazaki/projects/mpsoc-on-endcap-sl/Mercury_XU5_PE1_Reference_Design/reference_design/Vivado/ME-XU5-5EV-2I-D12E/Mercury_XU5_PE1.srcs/sources_1/bd/Mercury_XU5/ip/Mercury_XU5_ddr4_0/Mercury_XU5_ddr4_0/Mercury_XU5_ddr4_0_in_context.xdc, line 106).
Applied set_property IO_BUFFER_TYPE = NONE for CLK100_PL_P. (constraint file  /home/okazaki/projects/mpsoc-on-endcap-sl/Mercury_XU5_PE1_Reference_Design/reference_design/Vivado/ME-XU5-5EV-2I-D12E/Mercury_XU5_PE1.srcs/sources_1/bd/Mercury_XU5/ip/Mercury_XU5_ddr4_0/Mercury_XU5_ddr4_0/Mercury_XU5_ddr4_0_in_context.xdc, line 107).
Applied set_property CLOCK_BUFFER_TYPE = NONE for CLK100_PL_P. (constraint file  /home/okazaki/projects/mpsoc-on-endcap-sl/Mercury_XU5_PE1_Reference_Design/reference_design/Vivado/ME-XU5-5EV-2I-D12E/Mercury_XU5_PE1.srcs/sources_1/bd/Mercury_XU5/ip/Mercury_XU5_ddr4_0/Mercury_XU5_ddr4_0/Mercury_XU5_ddr4_0_in_context.xdc, line 108).
Applied set_property DONT_TOUCH = true for Mercury_XU5_i. (constraint file  auto generated constraint, line ).
Applied set_property DONT_TOUCH = true for Mercury_XU5_i/zynq_ultra_ps_e. (constraint file  auto generated constraint, line ).
Applied set_property DONT_TOUCH = true for Mercury_XU5_i/system_management_wiz. (constraint file  auto generated constraint, line ).
Applied set_property DONT_TOUCH = true for Mercury_XU5_i/led. (constraint file  auto generated constraint, line ).
Applied set_property DONT_TOUCH = true for Mercury_XU5_i/ddr4. (constraint file  auto generated constraint, line ).
Applied set_property DONT_TOUCH = true for Mercury_XU5_i/smartconnect_1. (constraint file  auto generated constraint, line ).
Applied set_property DONT_TOUCH = true for Mercury_XU5_i/clk_wiz_0. (constraint file  auto generated constraint, line ).
Applied set_property DONT_TOUCH = true for Mercury_XU5_i/smartconnect_0. (constraint file  auto generated constraint, line ).
Applied set_property DONT_TOUCH = true for Mercury_XU5_i/ps_sys_rst. (constraint file  auto generated constraint, line ).
Applied set_property DONT_TOUCH = true for Mercury_XU5_i/ddr4_sys_rst. (constraint file  auto generated constraint, line ).
---------------------------------------------------------------------------------
Finished applying 'set_property' XDC Constraints : Time (s): cpu = 00:00:15 ; elapsed = 00:00:19 . Memory (MB): peak = 2809.008 ; gain = 183.434 ; free physical = 38797 ; free virtual = 48272
---------------------------------------------------------------------------------
---------------------------------------------------------------------------------
Finished RTL Optimization Phase 2 : Time (s): cpu = 00:00:15 ; elapsed = 00:00:19 . Memory (MB): peak = 2809.008 ; gain = 183.434 ; free physical = 38800 ; free virtual = 48276
---------------------------------------------------------------------------------
---------------------------------------------------------------------------------
Start RTL Component Statistics 
---------------------------------------------------------------------------------
Detailed RTL Component Info : 
---------------------------------------------------------------------------------
Finished RTL Component Statistics 
---------------------------------------------------------------------------------
---------------------------------------------------------------------------------
Start Part Resource Summary
---------------------------------------------------------------------------------
Part Resources:
DSPs: 1248 (col length:96)
BRAMs: 288 (col length: RAMB18 96 RAMB36 48)
---------------------------------------------------------------------------------
Finished Part Resource Summary
---------------------------------------------------------------------------------
---------------------------------------------------------------------------------
Start Cross Boundary and Area Optimization
---------------------------------------------------------------------------------
---------------------------------------------------------------------------------
Finished Cross Boundary and Area Optimization : Time (s): cpu = 00:00:16 ; elapsed = 00:00:20 . Memory (MB): peak = 2809.008 ; gain = 183.434 ; free physical = 38779 ; free virtual = 48258
---------------------------------------------------------------------------------
---------------------------------------------------------------------------------
Start Applying XDC Timing Constraints
---------------------------------------------------------------------------------
---------------------------------------------------------------------------------
Finished Applying XDC Timing Constraints : Time (s): cpu = 00:00:42 ; elapsed = 00:01:06 . Memory (MB): peak = 3260.891 ; gain = 635.316 ; free physical = 38118 ; free virtual = 47597
---------------------------------------------------------------------------------
---------------------------------------------------------------------------------
Start Timing Optimization
---------------------------------------------------------------------------------
---------------------------------------------------------------------------------
Finished Timing Optimization : Time (s): cpu = 00:00:42 ; elapsed = 00:01:06 . Memory (MB): peak = 3270.906 ; gain = 645.332 ; free physical = 38142 ; free virtual = 47621
---------------------------------------------------------------------------------
---------------------------------------------------------------------------------
Start Technology Mapping
---------------------------------------------------------------------------------
---------------------------------------------------------------------------------
Finished Technology Mapping : Time (s): cpu = 00:00:42 ; elapsed = 00:01:06 . Memory (MB): peak = 3281.938 ; gain = 656.363 ; free physical = 38150 ; free virtual = 47628
---------------------------------------------------------------------------------
---------------------------------------------------------------------------------
Start IO Insertion
---------------------------------------------------------------------------------
---------------------------------------------------------------------------------
Start Flattening Before IO Insertion
---------------------------------------------------------------------------------
---------------------------------------------------------------------------------
Finished Flattening Before IO Insertion
---------------------------------------------------------------------------------
---------------------------------------------------------------------------------
Start Final Netlist Cleanup
---------------------------------------------------------------------------------
---------------------------------------------------------------------------------
Finished Final Netlist Cleanup
---------------------------------------------------------------------------------
---------------------------------------------------------------------------------
Finished IO Insertion : Time (s): cpu = 00:00:45 ; elapsed = 00:01:09 . Memory (MB): peak = 3287.875 ; gain = 662.301 ; free physical = 38151 ; free virtual = 47630
---------------------------------------------------------------------------------
---------------------------------------------------------------------------------
Start Renaming Generated Instances
---------------------------------------------------------------------------------
---------------------------------------------------------------------------------
Finished Renaming Generated Instances : Time (s): cpu = 00:00:45 ; elapsed = 00:01:09 . Memory (MB): peak = 3287.875 ; gain = 662.301 ; free physical = 38151 ; free virtual = 47630
---------------------------------------------------------------------------------
---------------------------------------------------------------------------------
Start Rebuilding User Hierarchy
---------------------------------------------------------------------------------
---------------------------------------------------------------------------------
Finished Rebuilding User Hierarchy : Time (s): cpu = 00:00:45 ; elapsed = 00:01:09 . Memory (MB): peak = 3287.875 ; gain = 662.301 ; free physical = 38151 ; free virtual = 47630
---------------------------------------------------------------------------------
---------------------------------------------------------------------------------
Start Renaming Generated Ports
---------------------------------------------------------------------------------
---------------------------------------------------------------------------------
Finished Renaming Generated Ports : Time (s): cpu = 00:00:45 ; elapsed = 00:01:09 . Memory (MB): peak = 3287.875 ; gain = 662.301 ; free physical = 38151 ; free virtual = 47630
---------------------------------------------------------------------------------
---------------------------------------------------------------------------------
Start Handling Custom Attributes
---------------------------------------------------------------------------------
---------------------------------------------------------------------------------
Finished Handling Custom Attributes : Time (s): cpu = 00:00:45 ; elapsed = 00:01:09 . Memory (MB): peak = 3287.875 ; gain = 662.301 ; free physical = 38151 ; free virtual = 47630
---------------------------------------------------------------------------------
---------------------------------------------------------------------------------
Start Renaming Generated Nets
---------------------------------------------------------------------------------
---------------------------------------------------------------------------------
Finished Renaming Generated Nets : Time (s): cpu = 00:00:45 ; elapsed = 00:01:09 . Memory (MB): peak = 3287.875 ; gain = 662.301 ; free physical = 38151 ; free virtual = 47630
---------------------------------------------------------------------------------
---------------------------------------------------------------------------------
Start Writing Synthesis Report
---------------------------------------------------------------------------------

Report BlackBoxes: 
+------+------------------------------------+----------+
|      |BlackBox name                       |Instances |
+------+------------------------------------+----------+
|1     |Mercury_XU5_clk_wiz_0_0             |         1|
|2     |Mercury_XU5_ddr4_0                  |         1|
|3     |Mercury_XU5_ddr4_sys_rst_0          |         1|
|4     |Mercury_XU5_led_0                   |         1|
|5     |Mercury_XU5_ps_sys_rst_0            |         1|
|6     |Mercury_XU5_smartconnect_0_0        |         1|
|7     |Mercury_XU5_smartconnect_1_0        |         1|
|8     |Mercury_XU5_system_management_wiz_0 |         1|
|9     |Mercury_XU5_zynq_ultra_ps_e_0       |         1|
|10    |Enclustra_GMII2RGMII_ZU             |         1|
+------+------------------------------------+----------+

Report Cell Usage: 
+------+-----------------------------------------+------+
|      |Cell                                     |Count |
+------+-----------------------------------------+------+
|1     |Enclustra_GMII2RGMII_ZU_bbox             |     1|
|2     |Mercury_XU5_clk_wiz_0_0_bbox             |     1|
|3     |Mercury_XU5_ddr4_0_bbox                  |     1|
|4     |Mercury_XU5_ddr4_sys_rst_0_bbox          |     1|
|5     |Mercury_XU5_led_0_bbox                   |     1|
|6     |Mercury_XU5_ps_sys_rst_0_bbox            |     1|
|7     |Mercury_XU5_smartconnect_0_0_bbox        |     1|
|8     |Mercury_XU5_smartconnect_1_0_bbox        |     1|
|9     |Mercury_XU5_system_management_wiz_0_bbox |     1|
|10    |Mercury_XU5_zynq_ultra_ps_e_0_bbox       |     1|
|11    |CARRY8                                   |     3|
|12    |LUT1                                     |     2|
|13    |FDRE                                     |    24|
|14    |IBUF                                     |     6|
|15    |IOBUF                                    |     1|
|16    |OBUF                                     |     8|
|17    |OBUFT                                    |     4|
+------+-----------------------------------------+------+
---------------------------------------------------------------------------------
Finished Writing Synthesis Report : Time (s): cpu = 00:00:45 ; elapsed = 00:01:09 . Memory (MB): peak = 3287.875 ; gain = 662.301 ; free physical = 38151 ; free virtual = 47630
---------------------------------------------------------------------------------
Synthesis finished with 0 errors, 0 critical warnings and 0 warnings.
Synthesis Optimization Runtime : Time (s): cpu = 00:00:38 ; elapsed = 00:01:00 . Memory (MB): peak = 3287.875 ; gain = 550.551 ; free physical = 38189 ; free virtual = 47667
Synthesis Optimization Complete : Time (s): cpu = 00:00:45 ; elapsed = 00:01:09 . Memory (MB): peak = 3287.883 ; gain = 662.301 ; free physical = 38189 ; free virtual = 47667
INFO: [Project 1-571] Translating synthesized netlist
Parsing EDIF File [/home/okazaki/projects/mpsoc-on-endcap-sl/Mercury_XU5_PE1_Reference_Design/reference_design/Vivado/ME-XU5-5EV-2I-D12E/Mercury_XU5_PE1.srcs/sources_1/imports/src/Enclustra_GMII2RGMII_ZU.edn]
Finished Parsing EDIF File [/home/okazaki/projects/mpsoc-on-endcap-sl/Mercury_XU5_PE1_Reference_Design/reference_design/Vivado/ME-XU5-5EV-2I-D12E/Mercury_XU5_PE1.srcs/sources_1/imports/src/Enclustra_GMII2RGMII_ZU.edn]
Netlist sorting complete. Time (s): cpu = 00:00:00.01 ; elapsed = 00:00:00.01 . Memory (MB): peak = 3300.383 ; gain = 0.000 ; free physical = 38261 ; free virtual = 47739
INFO: [Netlist 29-17] Analyzing 12 Unisim elements for replacement
INFO: [Netlist 29-28] Unisim Transformation completed in 0 CPU seconds
INFO: [Project 1-479] Netlist was created with Vivado 2019.1
INFO: [Project 1-570] Preparing netlist for logic optimization
INFO: [Opt 31-138] Pushed 0 inverter(s) to 0 load pin(s).
Netlist sorting complete. Time (s): cpu = 00:00:00 ; elapsed = 00:00:00 . Memory (MB): peak = 3359.117 ; gain = 0.000 ; free physical = 38200 ; free virtual = 47678
INFO: [Project 1-111] Unisim Transformation Summary:
  A total of 9 instances were transformed.
  IBUF => IBUF (IBUFCTRL, INBUF): 6 instances
  IOBUF => IOBUF (IBUFCTRL, INBUF, OBUFT): 1 instance 
  RAM64M8 => RAM64M8 (RAMD64E(x8)): 2 instances

INFO: [Common 17-83] Releasing license: Synthesis
50 Infos, 16 Warnings, 0 Critical Warnings and 0 Errors encountered.
synth_design completed successfully
synth_design: Time (s): cpu = 00:01:00 ; elapsed = 00:01:27 . Memory (MB): peak = 3359.117 ; gain = 1208.945 ; free physical = 38338 ; free virtual = 47817
WARNING: [Constraints 18-5210] No constraints selected for write.
Resolution: This message can indicate that there are no constraints for the design, or it can indicate that the used_in flags are set such that the constraints are ignored. This later case is used when running synth_design to not write synthesis constraints to the resulting checkpoint. Instead, project constraints are read when the synthesized design is opened.
INFO: [Common 17-1381] The checkpoint '/home/okazaki/projects/mpsoc-on-endcap-sl/Mercury_XU5_PE1_Reference_Design/reference_design/Vivado/ME-XU5-5EV-2I-D12E/Mercury_XU5_PE1.runs/synth_1/Mercury_XU5_PE1.dcp' has been generated.
INFO: [runtcl-4] Executing : report_utilization -file Mercury_XU5_PE1_utilization_synth.rpt -pb Mercury_XU5_PE1_utilization_synth.pb
INFO: [Common 17-206] Exiting Vivado at Tue Nov  2 17:44:48 2021...
