
*** Running vivado
    with args -log design_1_rst_ps8_99M_1.vds -m64 -product Vivado -mode batch -messageDb vivado.pb -notrace -source design_1_rst_ps8_99M_1.tcl


****** Vivado v2020.1 (64-bit)
  **** SW Build 2902540 on Wed May 27 19:54:35 MDT 2020
  **** IP Build 2902112 on Wed May 27 22:43:36 MDT 2020
    ** Copyright 1986-2020 Xilinx, Inc. All Rights Reserved.

source design_1_rst_ps8_99M_1.tcl -notrace
WARNING: [IP_Flow 19-5242] IP Cache entry (cache-ID 8f50176abc3f9ff9) does not have the required number of cached files and is not valid. Please delete this entry using the TCL command: 'config_ip_cache -remove [get_ips design_1_rst_ps8_99M_1]'
Command: synth_design -top design_1_rst_ps8_99M_1 -part xczu5ev-sfvc784-2-i -mode out_of_context
Starting synth_design
Attempting to get a license for feature 'Synthesis' and/or device 'xczu5ev'
INFO: [Common 17-349] Got license for feature 'Synthesis' and/or device 'xczu5ev'
INFO: [Device 21-403] Loading part xczu5ev-sfvc784-2-i
INFO: [Synth 8-7079] Multithreading enabled for synth_design using a maximum of 4 processes.
INFO: [Synth 8-7078] Launching helper process for spawning children vivado processes
INFO: [Synth 8-7075] Helper process launched with PID 23214
---------------------------------------------------------------------------------
Starting RTL Elaboration : Time (s): cpu = 00:00:06 ; elapsed = 00:00:08 . Memory (MB): peak = 2584.445 ; gain = 9.902 ; free physical = 3667 ; free virtual = 10140
---------------------------------------------------------------------------------
INFO: [Synth 8-638] synthesizing module 'design_1_rst_ps8_99M_1' [/home/okazaki/projects/mpsoc-on-endcap-sl/MercuryXU5_EndcapSL/MercuryXU5_EndcapSL.srcs/sources_1/bd/design_1/ip/design_1_rst_ps8_99M_1/synth/design_1_rst_ps8_99M_1.vhd:74]
WARNING: [Synth 8-3819] Generic 'BG_WIDTH' not present in instantiated entity will be ignored
	Parameter C_FAMILY bound to: zynquplus - type: string 
	Parameter C_EXT_RST_WIDTH bound to: 4 - type: integer 
	Parameter C_AUX_RST_WIDTH bound to: 4 - type: integer 
	Parameter C_EXT_RESET_HIGH bound to: 1'b0 
	Parameter C_AUX_RESET_HIGH bound to: 1'b0 
	Parameter C_NUM_BUS_RST bound to: 1 - type: integer 
	Parameter C_NUM_PERP_RST bound to: 1 - type: integer 
	Parameter C_NUM_INTERCONNECT_ARESETN bound to: 1 - type: integer 
	Parameter C_NUM_PERP_ARESETN bound to: 1 - type: integer 
INFO: [Synth 8-3491] module 'proc_sys_reset' declared at '/home/okazaki/projects/mpsoc-on-endcap-sl/MercuryXU5_EndcapSL/MercuryXU5_EndcapSL.srcs/sources_1/bd/design_1/ipshared/8842/hdl/proc_sys_reset_v5_0_vh_rfs.vhd:1264' bound to instance 'U0' of component 'proc_sys_reset' [/home/okazaki/projects/mpsoc-on-endcap-sl/MercuryXU5_EndcapSL/MercuryXU5_EndcapSL.srcs/sources_1/bd/design_1/ip/design_1_rst_ps8_99M_1/synth/design_1_rst_ps8_99M_1.vhd:129]
INFO: [Synth 8-638] synthesizing module 'proc_sys_reset' [/home/okazaki/projects/mpsoc-on-endcap-sl/MercuryXU5_EndcapSL/MercuryXU5_EndcapSL.srcs/sources_1/bd/design_1/ipshared/8842/hdl/proc_sys_reset_v5_0_vh_rfs.vhd:1323]
	Parameter C_FAMILY bound to: zynquplus - type: string 
	Parameter C_EXT_RST_WIDTH bound to: 4 - type: integer 
	Parameter C_AUX_RST_WIDTH bound to: 4 - type: integer 
	Parameter C_EXT_RESET_HIGH bound to: 1'b0 
	Parameter C_AUX_RESET_HIGH bound to: 1'b0 
	Parameter C_NUM_BUS_RST bound to: 1 - type: integer 
	Parameter C_NUM_PERP_RST bound to: 1 - type: integer 
	Parameter C_NUM_INTERCONNECT_ARESETN bound to: 1 - type: integer 
	Parameter C_NUM_PERP_ARESETN bound to: 1 - type: integer 
	Parameter INIT bound to: 1'b1 
	Parameter IS_C_INVERTED bound to: 1'b0 
	Parameter IS_D_INVERTED bound to: 1'b0 
	Parameter IS_R_INVERTED bound to: 1'b0 
INFO: [Synth 8-113] binding component instance 'FDRE_inst' to cell 'FDRE' [/home/okazaki/projects/mpsoc-on-endcap-sl/MercuryXU5_EndcapSL/MercuryXU5_EndcapSL.srcs/sources_1/bd/design_1/ipshared/8842/hdl/proc_sys_reset_v5_0_vh_rfs.vhd:1392]
	Parameter INIT bound to: 1'b1 
	Parameter IS_C_INVERTED bound to: 1'b0 
	Parameter IS_D_INVERTED bound to: 1'b0 
	Parameter IS_R_INVERTED bound to: 1'b0 
INFO: [Synth 8-113] binding component instance 'FDRE_BSR' to cell 'FDRE' [/home/okazaki/projects/mpsoc-on-endcap-sl/MercuryXU5_EndcapSL/MercuryXU5_EndcapSL.srcs/sources_1/bd/design_1/ipshared/8842/hdl/proc_sys_reset_v5_0_vh_rfs.vhd:1408]
	Parameter INIT bound to: 1'b0 
	Parameter IS_C_INVERTED bound to: 1'b0 
	Parameter IS_D_INVERTED bound to: 1'b0 
	Parameter IS_R_INVERTED bound to: 1'b0 
INFO: [Synth 8-113] binding component instance 'FDRE_BSR_N' to cell 'FDRE' [/home/okazaki/projects/mpsoc-on-endcap-sl/MercuryXU5_EndcapSL/MercuryXU5_EndcapSL.srcs/sources_1/bd/design_1/ipshared/8842/hdl/proc_sys_reset_v5_0_vh_rfs.vhd:1434]
	Parameter INIT bound to: 1'b1 
	Parameter IS_C_INVERTED bound to: 1'b0 
	Parameter IS_D_INVERTED bound to: 1'b0 
	Parameter IS_R_INVERTED bound to: 1'b0 
INFO: [Synth 8-113] binding component instance 'FDRE_PER' to cell 'FDRE' [/home/okazaki/projects/mpsoc-on-endcap-sl/MercuryXU5_EndcapSL/MercuryXU5_EndcapSL.srcs/sources_1/bd/design_1/ipshared/8842/hdl/proc_sys_reset_v5_0_vh_rfs.vhd:1457]
	Parameter INIT bound to: 1'b0 
	Parameter IS_C_INVERTED bound to: 1'b0 
	Parameter IS_D_INVERTED bound to: 1'b0 
	Parameter IS_R_INVERTED bound to: 1'b0 
INFO: [Synth 8-113] binding component instance 'FDRE_PER_N' to cell 'FDRE' [/home/okazaki/projects/mpsoc-on-endcap-sl/MercuryXU5_EndcapSL/MercuryXU5_EndcapSL.srcs/sources_1/bd/design_1/ipshared/8842/hdl/proc_sys_reset_v5_0_vh_rfs.vhd:1481]
INFO: [Synth 8-638] synthesizing module 'lpf' [/home/okazaki/projects/mpsoc-on-endcap-sl/MercuryXU5_EndcapSL/MercuryXU5_EndcapSL.srcs/sources_1/bd/design_1/ipshared/8842/hdl/proc_sys_reset_v5_0_vh_rfs.vhd:816]
	Parameter C_EXT_RST_WIDTH bound to: 4 - type: integer 
	Parameter C_AUX_RST_WIDTH bound to: 4 - type: integer 
	Parameter C_EXT_RESET_HIGH bound to: 1'b0 
	Parameter C_AUX_RESET_HIGH bound to: 1'b0 
INFO: [Synth 8-3491] module 'SRL16' declared at '/tools/Xilinx/Vivado/2020.1/scripts/rt/data/unisim_comp.v:78043' bound to instance 'POR_SRL_I' of component 'SRL16' [/home/okazaki/projects/mpsoc-on-endcap-sl/MercuryXU5_EndcapSL/MercuryXU5_EndcapSL.srcs/sources_1/bd/design_1/ipshared/8842/hdl/proc_sys_reset_v5_0_vh_rfs.vhd:868]
INFO: [Synth 8-6157] synthesizing module 'SRL16' [/tools/Xilinx/Vivado/2020.1/scripts/rt/data/unisim_comp.v:78043]
	Parameter INIT bound to: 16'b0000000000000000 
INFO: [Synth 8-6155] done synthesizing module 'SRL16' (1#1) [/tools/Xilinx/Vivado/2020.1/scripts/rt/data/unisim_comp.v:78043]
INFO: [Synth 8-638] synthesizing module 'cdc_sync' [/home/okazaki/projects/mpsoc-on-endcap-sl/MercuryXU5_EndcapSL/MercuryXU5_EndcapSL.srcs/sources_1/bd/design_1/ipshared/ef1e/hdl/lib_cdc_v1_0_rfs.vhd:106]
	Parameter C_CDC_TYPE bound to: 1 - type: integer 
	Parameter C_RESET_STATE bound to: 0 - type: integer 
	Parameter C_SINGLE_BIT bound to: 1 - type: integer 
	Parameter C_FLOP_INPUT bound to: 0 - type: integer 
	Parameter C_VECTOR_WIDTH bound to: 2 - type: integer 
	Parameter C_MTBF_STAGES bound to: 4 - type: integer 
	Parameter INIT bound to: 1'b0 
INFO: [Synth 8-113] binding component instance 'CROSS_PLEVEL_IN2SCNDRY_IN_cdc_to' to cell 'FDR' [/home/okazaki/projects/mpsoc-on-endcap-sl/MercuryXU5_EndcapSL/MercuryXU5_EndcapSL.srcs/sources_1/bd/design_1/ipshared/ef1e/hdl/lib_cdc_v1_0_rfs.vhd:514]
	Parameter INIT bound to: 1'b0 
INFO: [Synth 8-113] binding component instance 'CROSS_PLEVEL_IN2SCNDRY_s_level_out_d2' to cell 'FDR' [/home/okazaki/projects/mpsoc-on-endcap-sl/MercuryXU5_EndcapSL/MercuryXU5_EndcapSL.srcs/sources_1/bd/design_1/ipshared/ef1e/hdl/lib_cdc_v1_0_rfs.vhd:545]
	Parameter INIT bound to: 1'b0 
INFO: [Synth 8-113] binding component instance 'CROSS_PLEVEL_IN2SCNDRY_s_level_out_d3' to cell 'FDR' [/home/okazaki/projects/mpsoc-on-endcap-sl/MercuryXU5_EndcapSL/MercuryXU5_EndcapSL.srcs/sources_1/bd/design_1/ipshared/ef1e/hdl/lib_cdc_v1_0_rfs.vhd:554]
	Parameter INIT bound to: 1'b0 
INFO: [Synth 8-113] binding component instance 'CROSS_PLEVEL_IN2SCNDRY_s_level_out_d4' to cell 'FDR' [/home/okazaki/projects/mpsoc-on-endcap-sl/MercuryXU5_EndcapSL/MercuryXU5_EndcapSL.srcs/sources_1/bd/design_1/ipshared/ef1e/hdl/lib_cdc_v1_0_rfs.vhd:564]
	Parameter INIT bound to: 1'b0 
INFO: [Synth 8-113] binding component instance 'CROSS_PLEVEL_IN2SCNDRY_s_level_out_d5' to cell 'FDR' [/home/okazaki/projects/mpsoc-on-endcap-sl/MercuryXU5_EndcapSL/MercuryXU5_EndcapSL.srcs/sources_1/bd/design_1/ipshared/ef1e/hdl/lib_cdc_v1_0_rfs.vhd:574]
	Parameter INIT bound to: 1'b0 
INFO: [Synth 8-113] binding component instance 'CROSS_PLEVEL_IN2SCNDRY_s_level_out_d6' to cell 'FDR' [/home/okazaki/projects/mpsoc-on-endcap-sl/MercuryXU5_EndcapSL/MercuryXU5_EndcapSL.srcs/sources_1/bd/design_1/ipshared/ef1e/hdl/lib_cdc_v1_0_rfs.vhd:584]
INFO: [Synth 8-256] done synthesizing module 'cdc_sync' (2#1) [/home/okazaki/projects/mpsoc-on-endcap-sl/MercuryXU5_EndcapSL/MercuryXU5_EndcapSL.srcs/sources_1/bd/design_1/ipshared/ef1e/hdl/lib_cdc_v1_0_rfs.vhd:106]
INFO: [Synth 8-256] done synthesizing module 'lpf' (3#1) [/home/okazaki/projects/mpsoc-on-endcap-sl/MercuryXU5_EndcapSL/MercuryXU5_EndcapSL.srcs/sources_1/bd/design_1/ipshared/8842/hdl/proc_sys_reset_v5_0_vh_rfs.vhd:816]
INFO: [Synth 8-638] synthesizing module 'sequence_psr' [/home/okazaki/projects/mpsoc-on-endcap-sl/MercuryXU5_EndcapSL/MercuryXU5_EndcapSL.srcs/sources_1/bd/design_1/ipshared/8842/hdl/proc_sys_reset_v5_0_vh_rfs.vhd:301]
INFO: [Synth 8-638] synthesizing module 'upcnt_n' [/home/okazaki/projects/mpsoc-on-endcap-sl/MercuryXU5_EndcapSL/MercuryXU5_EndcapSL.srcs/sources_1/bd/design_1/ipshared/8842/hdl/proc_sys_reset_v5_0_vh_rfs.vhd:125]
	Parameter C_SIZE bound to: 6 - type: integer 
INFO: [Synth 8-256] done synthesizing module 'upcnt_n' (4#1) [/home/okazaki/projects/mpsoc-on-endcap-sl/MercuryXU5_EndcapSL/MercuryXU5_EndcapSL.srcs/sources_1/bd/design_1/ipshared/8842/hdl/proc_sys_reset_v5_0_vh_rfs.vhd:125]
INFO: [Synth 8-256] done synthesizing module 'sequence_psr' (5#1) [/home/okazaki/projects/mpsoc-on-endcap-sl/MercuryXU5_EndcapSL/MercuryXU5_EndcapSL.srcs/sources_1/bd/design_1/ipshared/8842/hdl/proc_sys_reset_v5_0_vh_rfs.vhd:301]
INFO: [Synth 8-256] done synthesizing module 'proc_sys_reset' (6#1) [/home/okazaki/projects/mpsoc-on-endcap-sl/MercuryXU5_EndcapSL/MercuryXU5_EndcapSL.srcs/sources_1/bd/design_1/ipshared/8842/hdl/proc_sys_reset_v5_0_vh_rfs.vhd:1323]
INFO: [Synth 8-256] done synthesizing module 'design_1_rst_ps8_99M_1' (7#1) [/home/okazaki/projects/mpsoc-on-endcap-sl/MercuryXU5_EndcapSL/MercuryXU5_EndcapSL.srcs/sources_1/bd/design_1/ip/design_1_rst_ps8_99M_1/synth/design_1_rst_ps8_99M_1.vhd:74]
---------------------------------------------------------------------------------
Finished RTL Elaboration : Time (s): cpu = 00:00:07 ; elapsed = 00:00:09 . Memory (MB): peak = 2626.352 ; gain = 51.809 ; free physical = 5219 ; free virtual = 11698
---------------------------------------------------------------------------------
---------------------------------------------------------------------------------
Start Handling Custom Attributes
---------------------------------------------------------------------------------
---------------------------------------------------------------------------------
Finished Handling Custom Attributes : Time (s): cpu = 00:00:07 ; elapsed = 00:00:10 . Memory (MB): peak = 2645.195 ; gain = 70.652 ; free physical = 5160 ; free virtual = 11642
---------------------------------------------------------------------------------
---------------------------------------------------------------------------------
Finished RTL Optimization Phase 1 : Time (s): cpu = 00:00:07 ; elapsed = 00:00:10 . Memory (MB): peak = 2645.195 ; gain = 70.652 ; free physical = 5159 ; free virtual = 11642
---------------------------------------------------------------------------------
Netlist sorting complete. Time (s): cpu = 00:00:00 ; elapsed = 00:00:00 . Memory (MB): peak = 2657.102 ; gain = 0.000 ; free physical = 5142 ; free virtual = 11624
INFO: [Netlist 29-17] Analyzing 13 Unisim elements for replacement
INFO: [Netlist 29-28] Unisim Transformation completed in 0 CPU seconds
INFO: [Project 1-570] Preparing netlist for logic optimization

Processing XDC Constraints
Initializing timing engine
Parsing XDC File [/home/okazaki/projects/mpsoc-on-endcap-sl/MercuryXU5_EndcapSL/MercuryXU5_EndcapSL.srcs/sources_1/bd/design_1/ip/design_1_rst_ps8_99M_1/design_1_rst_ps8_99M_1_ooc.xdc] for cell 'U0'
Finished Parsing XDC File [/home/okazaki/projects/mpsoc-on-endcap-sl/MercuryXU5_EndcapSL/MercuryXU5_EndcapSL.srcs/sources_1/bd/design_1/ip/design_1_rst_ps8_99M_1/design_1_rst_ps8_99M_1_ooc.xdc] for cell 'U0'
Parsing XDC File [/home/okazaki/projects/mpsoc-on-endcap-sl/MercuryXU5_EndcapSL/MercuryXU5_EndcapSL.srcs/sources_1/bd/design_1/ip/design_1_rst_ps8_99M_1/design_1_rst_ps8_99M_1_board.xdc] for cell 'U0'
Finished Parsing XDC File [/home/okazaki/projects/mpsoc-on-endcap-sl/MercuryXU5_EndcapSL/MercuryXU5_EndcapSL.srcs/sources_1/bd/design_1/ip/design_1_rst_ps8_99M_1/design_1_rst_ps8_99M_1_board.xdc] for cell 'U0'
Parsing XDC File [/home/okazaki/projects/mpsoc-on-endcap-sl/MercuryXU5_EndcapSL/MercuryXU5_EndcapSL.srcs/sources_1/bd/design_1/ip/design_1_rst_ps8_99M_1/design_1_rst_ps8_99M_1.xdc] for cell 'U0'
Finished Parsing XDC File [/home/okazaki/projects/mpsoc-on-endcap-sl/MercuryXU5_EndcapSL/MercuryXU5_EndcapSL.srcs/sources_1/bd/design_1/ip/design_1_rst_ps8_99M_1/design_1_rst_ps8_99M_1.xdc] for cell 'U0'
Parsing XDC File [/home/okazaki/projects/mpsoc-on-endcap-sl/MercuryXU5_EndcapSL/MercuryXU5_EndcapSL.runs/design_1_rst_ps8_99M_1_synth_1/dont_touch.xdc]
Finished Parsing XDC File [/home/okazaki/projects/mpsoc-on-endcap-sl/MercuryXU5_EndcapSL/MercuryXU5_EndcapSL.runs/design_1_rst_ps8_99M_1_synth_1/dont_touch.xdc]
Completed Processing XDC Constraints

Netlist sorting complete. Time (s): cpu = 00:00:00 ; elapsed = 00:00:00 . Memory (MB): peak = 2817.914 ; gain = 0.000 ; free physical = 4635 ; free virtual = 11154
INFO: [Project 1-111] Unisim Transformation Summary:
  A total of 13 instances were transformed.
  FDR => FDRE: 12 instances
  SRL16 => SRL16E: 1 instance 

Constraint Validation Runtime : Time (s): cpu = 00:00:00.02 ; elapsed = 00:00:00.02 . Memory (MB): peak = 2817.914 ; gain = 0.000 ; free physical = 4650 ; free virtual = 11169
---------------------------------------------------------------------------------
Finished Constraint Validation : Time (s): cpu = 00:00:19 ; elapsed = 00:00:25 . Memory (MB): peak = 2817.914 ; gain = 243.371 ; free physical = 4719 ; free virtual = 11267
---------------------------------------------------------------------------------
---------------------------------------------------------------------------------
Start Loading Part and Timing Information
---------------------------------------------------------------------------------
Loading part: xczu5ev-sfvc784-2-i
INFO: [Synth 8-6742] Reading net delay rules and data
---------------------------------------------------------------------------------
Finished Loading Part and Timing Information : Time (s): cpu = 00:00:19 ; elapsed = 00:00:25 . Memory (MB): peak = 2817.914 ; gain = 243.371 ; free physical = 4723 ; free virtual = 11272
---------------------------------------------------------------------------------
---------------------------------------------------------------------------------
Start Applying 'set_property' XDC Constraints
---------------------------------------------------------------------------------
Applied set_property DONT_TOUCH = true for U0. (constraint file  /home/okazaki/projects/mpsoc-on-endcap-sl/MercuryXU5_EndcapSL/MercuryXU5_EndcapSL.runs/design_1_rst_ps8_99M_1_synth_1/dont_touch.xdc, line 9).
---------------------------------------------------------------------------------
Finished applying 'set_property' XDC Constraints : Time (s): cpu = 00:00:19 ; elapsed = 00:00:25 . Memory (MB): peak = 2817.914 ; gain = 243.371 ; free physical = 4717 ; free virtual = 11266
---------------------------------------------------------------------------------
---------------------------------------------------------------------------------
Finished RTL Optimization Phase 2 : Time (s): cpu = 00:00:19 ; elapsed = 00:00:25 . Memory (MB): peak = 2817.914 ; gain = 243.371 ; free physical = 4639 ; free virtual = 11192
---------------------------------------------------------------------------------
---------------------------------------------------------------------------------
Start RTL Component Statistics 
---------------------------------------------------------------------------------
Detailed RTL Component Info : 
+---Adders : 
	   2 Input    6 Bit       Adders := 1     
+---Registers : 
	                6 Bit    Registers := 1     
	                3 Bit    Registers := 3     
	                1 Bit    Registers := 8     
+---Muxes : 
	   2 Input    6 Bit        Muxes := 1     
	   2 Input    1 Bit        Muxes := 1     
---------------------------------------------------------------------------------
Finished RTL Component Statistics 
---------------------------------------------------------------------------------
---------------------------------------------------------------------------------
Start Part Resource Summary
---------------------------------------------------------------------------------
Part Resources:
DSPs: 1248 (col length:96)
BRAMs: 288 (col length: RAMB18 96 RAMB36 48)
---------------------------------------------------------------------------------
Finished Part Resource Summary
---------------------------------------------------------------------------------
---------------------------------------------------------------------------------
Start Cross Boundary and Area Optimization
---------------------------------------------------------------------------------
---------------------------------------------------------------------------------
Finished Cross Boundary and Area Optimization : Time (s): cpu = 00:00:20 ; elapsed = 00:00:27 . Memory (MB): peak = 2817.914 ; gain = 243.371 ; free physical = 4445 ; free virtual = 11003
---------------------------------------------------------------------------------
---------------------------------------------------------------------------------
Start Applying XDC Timing Constraints
---------------------------------------------------------------------------------
---------------------------------------------------------------------------------
Finished Applying XDC Timing Constraints : Time (s): cpu = 00:00:48 ; elapsed = 00:01:20 . Memory (MB): peak = 3207.695 ; gain = 633.152 ; free physical = 376 ; free virtual = 3002
---------------------------------------------------------------------------------
---------------------------------------------------------------------------------
Start Timing Optimization
---------------------------------------------------------------------------------
---------------------------------------------------------------------------------
Finished Timing Optimization : Time (s): cpu = 00:00:48 ; elapsed = 00:01:20 . Memory (MB): peak = 3207.695 ; gain = 633.152 ; free physical = 445 ; free virtual = 3070
---------------------------------------------------------------------------------
---------------------------------------------------------------------------------
Start Technology Mapping
---------------------------------------------------------------------------------
---------------------------------------------------------------------------------
Finished Technology Mapping : Time (s): cpu = 00:00:48 ; elapsed = 00:01:20 . Memory (MB): peak = 3236.742 ; gain = 662.199 ; free physical = 436 ; free virtual = 3063
---------------------------------------------------------------------------------
---------------------------------------------------------------------------------
Start IO Insertion
---------------------------------------------------------------------------------
---------------------------------------------------------------------------------
Start Flattening Before IO Insertion
---------------------------------------------------------------------------------
---------------------------------------------------------------------------------
Finished Flattening Before IO Insertion
---------------------------------------------------------------------------------
---------------------------------------------------------------------------------
Start Final Netlist Cleanup
---------------------------------------------------------------------------------
---------------------------------------------------------------------------------
Finished Final Netlist Cleanup
---------------------------------------------------------------------------------
---------------------------------------------------------------------------------
Finished IO Insertion : Time (s): cpu = 00:00:51 ; elapsed = 00:01:23 . Memory (MB): peak = 3236.742 ; gain = 662.199 ; free physical = 329 ; free virtual = 2927
---------------------------------------------------------------------------------
---------------------------------------------------------------------------------
Start Renaming Generated Instances
---------------------------------------------------------------------------------
---------------------------------------------------------------------------------
Finished Renaming Generated Instances : Time (s): cpu = 00:00:51 ; elapsed = 00:01:23 . Memory (MB): peak = 3236.742 ; gain = 662.199 ; free physical = 327 ; free virtual = 2925
---------------------------------------------------------------------------------
---------------------------------------------------------------------------------
Start Rebuilding User Hierarchy
---------------------------------------------------------------------------------
---------------------------------------------------------------------------------
Finished Rebuilding User Hierarchy : Time (s): cpu = 00:00:51 ; elapsed = 00:01:23 . Memory (MB): peak = 3236.742 ; gain = 662.199 ; free physical = 315 ; free virtual = 2913
---------------------------------------------------------------------------------
---------------------------------------------------------------------------------
Start Renaming Generated Ports
---------------------------------------------------------------------------------
---------------------------------------------------------------------------------
Finished Renaming Generated Ports : Time (s): cpu = 00:00:51 ; elapsed = 00:01:23 . Memory (MB): peak = 3236.742 ; gain = 662.199 ; free physical = 312 ; free virtual = 2910
---------------------------------------------------------------------------------
---------------------------------------------------------------------------------
Start Handling Custom Attributes
---------------------------------------------------------------------------------
---------------------------------------------------------------------------------
Finished Handling Custom Attributes : Time (s): cpu = 00:00:51 ; elapsed = 00:01:23 . Memory (MB): peak = 3236.742 ; gain = 662.199 ; free physical = 305 ; free virtual = 2903
---------------------------------------------------------------------------------
---------------------------------------------------------------------------------
Start Renaming Generated Nets
---------------------------------------------------------------------------------
---------------------------------------------------------------------------------
Finished Renaming Generated Nets : Time (s): cpu = 00:00:51 ; elapsed = 00:01:23 . Memory (MB): peak = 3236.742 ; gain = 662.199 ; free physical = 303 ; free virtual = 2901
---------------------------------------------------------------------------------
---------------------------------------------------------------------------------
Start Writing Synthesis Report
---------------------------------------------------------------------------------

Report BlackBoxes: 
+-+--------------+----------+
| |BlackBox name |Instances |
+-+--------------+----------+
+-+--------------+----------+

Report Cell Usage: 
+------+------+------+
|      |Cell  |Count |
+------+------+------+
|1     |LUT1  |     5|
|2     |LUT2  |     9|
|3     |LUT3  |     1|
|4     |LUT4  |     6|
|5     |LUT5  |     3|
|6     |LUT6  |     1|
|7     |SRL16 |     1|
|8     |FDR   |     8|
|9     |FDRE  |    28|
|10    |FDSE  |     4|
+------+------+------+
---------------------------------------------------------------------------------
Finished Writing Synthesis Report : Time (s): cpu = 00:00:51 ; elapsed = 00:01:23 . Memory (MB): peak = 3236.742 ; gain = 662.199 ; free physical = 300 ; free virtual = 2898
---------------------------------------------------------------------------------
Synthesis finished with 0 errors, 0 critical warnings and 0 warnings.
Synthesis Optimization Runtime : Time (s): cpu = 00:00:45 ; elapsed = 00:01:13 . Memory (MB): peak = 3236.742 ; gain = 489.480 ; free physical = 330 ; free virtual = 2829
Synthesis Optimization Complete : Time (s): cpu = 00:00:51 ; elapsed = 00:01:23 . Memory (MB): peak = 3236.750 ; gain = 662.199 ; free physical = 332 ; free virtual = 2830
INFO: [Project 1-571] Translating synthesized netlist
Netlist sorting complete. Time (s): cpu = 00:00:00 ; elapsed = 00:00:00 . Memory (MB): peak = 3236.750 ; gain = 0.000 ; free physical = 334 ; free virtual = 2819
INFO: [Netlist 29-17] Analyzing 9 Unisim elements for replacement
INFO: [Netlist 29-28] Unisim Transformation completed in 0 CPU seconds
INFO: [Project 1-570] Preparing netlist for logic optimization
INFO: [Opt 31-138] Pushed 0 inverter(s) to 0 load pin(s).
Netlist sorting complete. Time (s): cpu = 00:00:00 ; elapsed = 00:00:00 . Memory (MB): peak = 3292.508 ; gain = 0.000 ; free physical = 453 ; free virtual = 2792
INFO: [Project 1-111] Unisim Transformation Summary:
  A total of 9 instances were transformed.
  FDR => FDRE: 8 instances
  SRL16 => SRL16E: 1 instance 

INFO: [Common 17-83] Releasing license: Synthesis
44 Infos, 2 Warnings, 0 Critical Warnings and 0 Errors encountered.
synth_design completed successfully
synth_design: Time (s): cpu = 00:01:10 ; elapsed = 00:01:45 . Memory (MB): peak = 3292.508 ; gain = 1144.367 ; free physical = 594 ; free virtual = 2934
INFO: [Common 17-1381] The checkpoint '/home/okazaki/projects/mpsoc-on-endcap-sl/MercuryXU5_EndcapSL/MercuryXU5_EndcapSL.runs/design_1_rst_ps8_99M_1_synth_1/design_1_rst_ps8_99M_1.dcp' has been generated.
WARNING: [Common 17-576] 'use_project_ipc' is deprecated. This option is deprecated and no longer used.
INFO: [Coretcl 2-1174] Renamed 6 cell refs.
INFO: [Common 17-1381] The checkpoint '/home/okazaki/projects/mpsoc-on-endcap-sl/MercuryXU5_EndcapSL/MercuryXU5_EndcapSL.runs/design_1_rst_ps8_99M_1_synth_1/design_1_rst_ps8_99M_1.dcp' has been generated.
INFO: [runtcl-4] Executing : report_utilization -file design_1_rst_ps8_99M_1_utilization_synth.rpt -pb design_1_rst_ps8_99M_1_utilization_synth.pb
INFO: [Common 17-206] Exiting Vivado at Sun Dec 12 17:11:22 2021...
